With contradiction_threshold = 0.2803800612636351 and entailment_threshold = 0.39857167750597 * COMPUTED THRESHOLDS
Accuracy: 0.6074766355140186
F1 micro: 0.6074766355140186
F1 macro: 0.3759141306912008
With contradiction_threshold = 0.1 and entailment_threshold = 0.39857167750597
Accuracy: 0.616822429906542
F1 micro: 0.616822429906542
F1 macro: 0.3732686280456981
With contradiction_threshold = 0.2 and entailment_threshold = 0.39857167750597
Accuracy: 0.6074766355140186
F1 micro: 0.6074766355140186
F1 macro: 0.37241062718769724
With contradiction_threshold = 0.30000000000000004 and entailment_threshold = 0.39857167750597
Accuracy: 0.6074766355140186
F1 micro: 0.6074766355140186
F1 macro: 0.37961783439490443
With contradiction_threshold = 0.4 and entailment_threshold = 0.39857167750597
Accuracy: 0.6074766355140186
F1 micro: 0.6074766355140186
F1 macro: 0.3921178343949045
With contradiction_threshold = 0.5 and entailment_threshold = 0.39857167750597
Accuracy: 0.5887850467289719
F1 micro: 0.5887850467289719
F1 macro: 0.36122702979720334
With contradiction_threshold = 0.6 and entailment_threshold = 0.39857167750597
Accuracy: 0.5794392523364486
F1 micro: 0.5794392523364486
F1 macro: 0.3343359766657552
With contradiction_threshold = 0.7000000000000001 and entailment_threshold = 0.39857167750597
Accuracy: 0.5607476635514018
F1 micro: 0.5607476635514018
F1 macro: 0.2807127882599581
With contradiction_threshold = 0.8 and entailment_threshold = 0.39857167750597
Accuracy: 0.5607476635514018
F1 micro: 0.5607476635514018
F1 macro: 0.2824671742248704
With contradiction_threshold = 0.9 and entailment_threshold = 0.39857167750597
Accuracy: 0.5514018691588785
F1 micro: 0.5514018691588785
F1 macro: 0.24737945492662475
With contradiction_threshold = 0.2803800612636351 and entailment_threshold = 0.1
Accuracy: 0.7570093457943925
F1 micro: 0.7570093457943925
F1 macro: 0.4249390456287008
With contradiction_threshold = 0.2803800612636351 and entailment_threshold = 0.2
Accuracy: 0.6728971962616822
F1 micro: 0.6728971962616822
F1 macro: 0.40404040404040403
With contradiction_threshold = 0.2803800612636351 and entailment_threshold = 0.30000000000000004
Accuracy: 0.6542056074766355
F1 micro: 0.6542056074766355
F1 macro: 0.39908285307058317
With contradiction_threshold = 0.2803800612636351 and entailment_threshold = 0.4
Accuracy: 0.6074766355140186
F1 micro: 0.6074766355140186
F1 macro: 0.3759141306912008
With contradiction_threshold = 0.2803800612636351 and entailment_threshold = 0.5
Accuracy: 0.5514018691588785
F1 micro: 0.5514018691588785
F1 macro: 0.3700806069227122
With contradiction_threshold = 0.2803800612636351 and entailment_threshold = 0.6
Accuracy: 0.4672897196261682
F1 micro: 0.4672897196261683
F1 macro: 0.35626102292768963
With contradiction_threshold = 0.2803800612636351 and entailment_threshold = 0.7000000000000001
Accuracy: 0.37383177570093457
F1 micro: 0.37383177570093457
F1 macro: 0.3238482384823848
With contradiction_threshold = 0.2803800612636351 and entailment_threshold = 0.8
Accuracy: 0.27102803738317754
F1 micro: 0.27102803738317754
F1 macro: 0.2710710710710711
With contradiction_threshold = 0.2803800612636351 and entailment_threshold = 0.9
Accuracy: 0.19626168224299065
F1 micro: 0.19626168224299062
F1 macro: 0.2276878820568141
