With contradiction_threshold = 0.17560762018906884 and entailment_threshold = 0.22091684819229207 * COMPUTED THRESHOLDS
Accuracy: 0.6401673640167364
F1 micro: 0.6401673640167364
F1 macro: 0.3030679290185731
With contradiction_threshold = 0.1 and entailment_threshold = 0.22091684819229207
Accuracy: 0.6443514644351465
F1 micro: 0.6443514644351465
F1 macro: 0.30618028507210565
With contradiction_threshold = 0.2 and entailment_threshold = 0.22091684819229207
Accuracy: 0.6359832635983264
F1 micro: 0.6359832635983264
F1 macro: 0.2916300205218411
With contradiction_threshold = 0.30000000000000004 and entailment_threshold = 0.22091684819229207
Accuracy: 0.6276150627615062
F1 micro: 0.6276150627615062
F1 macro: 0.2638522427440633
With contradiction_threshold = 0.4 and entailment_threshold = 0.22091684819229207
Accuracy: 0.6317991631799164
F1 micro: 0.6317991631799164
F1 macro: 0.2649122807017544
With contradiction_threshold = 0.5 and entailment_threshold = 0.22091684819229207
Accuracy: 0.6317991631799164
F1 micro: 0.6317991631799164
F1 macro: 0.2649122807017544
With contradiction_threshold = 0.6 and entailment_threshold = 0.22091684819229207
Accuracy: 0.6317991631799164
F1 micro: 0.6317991631799164
F1 macro: 0.2649122807017544
With contradiction_threshold = 0.7000000000000001 and entailment_threshold = 0.22091684819229207
Accuracy: 0.6317991631799164
F1 micro: 0.6317991631799164
F1 macro: 0.2649122807017544
With contradiction_threshold = 0.8 and entailment_threshold = 0.22091684819229207
Accuracy: 0.6317991631799164
F1 micro: 0.6317991631799164
F1 macro: 0.2649122807017544
With contradiction_threshold = 0.9 and entailment_threshold = 0.22091684819229207
Accuracy: 0.6317991631799164
F1 micro: 0.6317991631799164
F1 macro: 0.2649122807017544
With contradiction_threshold = 0.17560762018906884 and entailment_threshold = 0.1
Accuracy: 0.7949790794979079
F1 micro: 0.7949790794979079
F1 macro: 0.32528180354267316
With contradiction_threshold = 0.17560762018906884 and entailment_threshold = 0.2
Accuracy: 0.6861924686192469
F1 micro: 0.6861924686192469
F1 macro: 0.3024804694531447
With contradiction_threshold = 0.17560762018906884 and entailment_threshold = 0.30000000000000004
Accuracy: 0.47280334728033474
F1 micro: 0.47280334728033474
F1 macro: 0.2763912794033276
With contradiction_threshold = 0.17560762018906884 and entailment_threshold = 0.4
Accuracy: 0.3054393305439331
F1 micro: 0.3054393305439331
F1 macro: 0.2225955794504181
With contradiction_threshold = 0.17560762018906884 and entailment_threshold = 0.5
Accuracy: 0.19246861924686193
F1 micro: 0.19246861924686195
F1 macro: 0.17726444775625105
With contradiction_threshold = 0.17560762018906884 and entailment_threshold = 0.6
Accuracy: 0.09205020920502092
F1 micro: 0.09205020920502091
F1 macro: 0.11552330092655987
With contradiction_threshold = 0.17560762018906884 and entailment_threshold = 0.7000000000000001
Accuracy: 0.05439330543933055
F1 micro: 0.05439330543933055
F1 macro: 0.08776620696125341
With contradiction_threshold = 0.17560762018906884 and entailment_threshold = 0.8
Accuracy: 0.03347280334728033
F1 micro: 0.03347280334728033
F1 macro: 0.07191152322998165
With contradiction_threshold = 0.17560762018906884 and entailment_threshold = 0.9
Accuracy: 0.029288702928870293
F1 micro: 0.029288702928870293
F1 macro: 0.06862745098039216
