With contradiction_threshold = 0.1139116442484891 and entailment_threshold = 0.35857256002541504 * COMPUTED THRESHOLDS
Accuracy: 0.49372384937238495
F1 micro: 0.49372384937238495
F1 macro: 0.29526977087952694
With contradiction_threshold = 0.1 and entailment_threshold = 0.35857256002541504
Accuracy: 0.497907949790795
F1 micro: 0.497907949790795
F1 macro: 0.2959010840108401
With contradiction_threshold = 0.2 and entailment_threshold = 0.35857256002541504
Accuracy: 0.4895397489539749
F1 micro: 0.4895397489539749
F1 macro: 0.301703975943869
With contradiction_threshold = 0.30000000000000004 and entailment_threshold = 0.35857256002541504
Accuracy: 0.4811715481171548
F1 micro: 0.4811715481171548
F1 macro: 0.2986082403196913
With contradiction_threshold = 0.4 and entailment_threshold = 0.35857256002541504
Accuracy: 0.4769874476987448
F1 micro: 0.4769874476987448
F1 macro: 0.29223946784922394
With contradiction_threshold = 0.5 and entailment_threshold = 0.35857256002541504
Accuracy: 0.47280334728033474
F1 micro: 0.47280334728033474
F1 macro: 0.28240527688295747
With contradiction_threshold = 0.6 and entailment_threshold = 0.35857256002541504
Accuracy: 0.4602510460251046
F1 micro: 0.4602510460251046
F1 macro: 0.23674434312732187
With contradiction_threshold = 0.7000000000000001 and entailment_threshold = 0.35857256002541504
Accuracy: 0.4560669456066946
F1 micro: 0.4560669456066946
F1 macro: 0.220871327254306
With contradiction_threshold = 0.8 and entailment_threshold = 0.35857256002541504
Accuracy: 0.4560669456066946
F1 micro: 0.4560669456066946
F1 macro: 0.220871327254306
With contradiction_threshold = 0.9 and entailment_threshold = 0.35857256002541504
Accuracy: 0.4560669456066946
F1 micro: 0.4560669456066946
F1 macro: 0.220871327254306
With contradiction_threshold = 0.1139116442484891 and entailment_threshold = 0.1
Accuracy: 0.7112970711297071
F1 micro: 0.7112970711297071
F1 macro: 0.3577352472089314
With contradiction_threshold = 0.1139116442484891 and entailment_threshold = 0.2
Accuracy: 0.6569037656903766
F1 micro: 0.6569037656903766
F1 macro: 0.34358974358974365
With contradiction_threshold = 0.1139116442484891 and entailment_threshold = 0.30000000000000004
Accuracy: 0.5774058577405857
F1 micro: 0.5774058577405857
F1 macro: 0.32293949098263947
With contradiction_threshold = 0.1139116442484891 and entailment_threshold = 0.4
Accuracy: 0.46443514644351463
F1 micro: 0.46443514644351463
F1 macro: 0.28288043478260877
With contradiction_threshold = 0.1139116442484891 and entailment_threshold = 0.5
Accuracy: 0.35564853556485354
F1 micro: 0.35564853556485354
F1 macro: 0.24900839304889008
With contradiction_threshold = 0.1139116442484891 and entailment_threshold = 0.6
Accuracy: 0.28870292887029286
F1 micro: 0.28870292887029286
F1 macro: 0.22706552706552707
With contradiction_threshold = 0.1139116442484891 and entailment_threshold = 0.7000000000000001
Accuracy: 0.17573221757322174
F1 micro: 0.17573221757322174
F1 macro: 0.16376608187134503
With contradiction_threshold = 0.1139116442484891 and entailment_threshold = 0.8
Accuracy: 0.16317991631799164
F1 micro: 0.16317991631799164
F1 macro: 0.15653026905829595
With contradiction_threshold = 0.1139116442484891 and entailment_threshold = 0.9
Accuracy: 0.1087866108786611
F1 micro: 0.1087866108786611
F1 macro: 0.1191468253968254
