With contradiction_threshold = 0.2949155151909508 and entailment_threshold = 0.4055407698797353 * COMPUTED THRESHOLDS
Accuracy: 0.5327102803738317
F1 micro: 0.5327102803738317
F1 macro: 0.28562842761625723
With contradiction_threshold = 0.1 and entailment_threshold = 0.4055407698797353
Accuracy: 0.5420560747663551
F1 micro: 0.5420560747663551
F1 macro: 0.298474945533769
With contradiction_threshold = 0.2 and entailment_threshold = 0.4055407698797353
Accuracy: 0.5420560747663551
F1 micro: 0.5420560747663551
F1 macro: 0.30416754515426236
With contradiction_threshold = 0.30000000000000004 and entailment_threshold = 0.4055407698797353
Accuracy: 0.5327102803738317
F1 micro: 0.5327102803738317
F1 macro: 0.28562842761625723
With contradiction_threshold = 0.4 and entailment_threshold = 0.4055407698797353
Accuracy: 0.5327102803738317
F1 micro: 0.5327102803738317
F1 macro: 0.29298474945533765
With contradiction_threshold = 0.5 and entailment_threshold = 0.4055407698797353
Accuracy: 0.5327102803738317
F1 micro: 0.5327102803738317
F1 macro: 0.29298474945533765
With contradiction_threshold = 0.6 and entailment_threshold = 0.4055407698797353
Accuracy: 0.5420560747663551
F1 micro: 0.5420560747663551
F1 macro: 0.30039525691699603
With contradiction_threshold = 0.7000000000000001 and entailment_threshold = 0.4055407698797353
Accuracy: 0.5420560747663551
F1 micro: 0.5420560747663551
F1 macro: 0.30039525691699603
With contradiction_threshold = 0.8 and entailment_threshold = 0.4055407698797353
Accuracy: 0.5327102803738317
F1 micro: 0.5327102803738317
F1 macro: 0.2741702741702742
With contradiction_threshold = 0.9 and entailment_threshold = 0.4055407698797353
Accuracy: 0.5327102803738317
F1 micro: 0.5327102803738317
F1 macro: 0.2741702741702742
With contradiction_threshold = 0.2949155151909508 and entailment_threshold = 0.1
Accuracy: 0.6448598130841121
F1 micro: 0.6448598130841121
F1 macro: 0.31669535283993117
With contradiction_threshold = 0.2949155151909508 and entailment_threshold = 0.2
Accuracy: 0.6074766355140186
F1 micro: 0.6074766355140186
F1 macro: 0.30848861283643897
With contradiction_threshold = 0.2949155151909508 and entailment_threshold = 0.30000000000000004
Accuracy: 0.5607476635514018
F1 micro: 0.5607476635514018
F1 macro: 0.2954822954822955
With contradiction_threshold = 0.2949155151909508 and entailment_threshold = 0.4
Accuracy: 0.5420560747663551
F1 micro: 0.5420560747663551
F1 macro: 0.2884012539184953
With contradiction_threshold = 0.2949155151909508 and entailment_threshold = 0.5
Accuracy: 0.45794392523364486
F1 micro: 0.45794392523364486
F1 macro: 0.25910270671116054
With contradiction_threshold = 0.2949155151909508 and entailment_threshold = 0.6
Accuracy: 0.37383177570093457
F1 micro: 0.37383177570093457
F1 macro: 0.2558922558922559
With contradiction_threshold = 0.2949155151909508 and entailment_threshold = 0.7000000000000001
Accuracy: 0.2523364485981308
F1 micro: 0.2523364485981308
F1 macro: 0.21415607985480944
With contradiction_threshold = 0.2949155151909508 and entailment_threshold = 0.8
Accuracy: 0.205607476635514
F1 micro: 0.205607476635514
F1 macro: 0.19169483341380977
With contradiction_threshold = 0.2949155151909508 and entailment_threshold = 0.9
Accuracy: 0.1588785046728972
F1 micro: 0.1588785046728972
F1 macro: 0.16464237516869096
