With contradiction_threshold = 0.322386697344335 and entailment_threshold = 0.22262638102476728 * COMPUTED THRESHOLDS
Accuracy: 0.47280334728033474
F1 micro: 0.47280334728033474
F1 macro: 0.3041666666666667
With contradiction_threshold = 0.1 and entailment_threshold = 0.22262638102476728
Accuracy: 0.49372384937238495
F1 micro: 0.49372384937238495
F1 macro: 0.3138565891472868
With contradiction_threshold = 0.2 and entailment_threshold = 0.22262638102476728
Accuracy: 0.4811715481171548
F1 micro: 0.4811715481171548
F1 macro: 0.3090686274509804
With contradiction_threshold = 0.30000000000000004 and entailment_threshold = 0.22262638102476728
Accuracy: 0.47280334728033474
F1 micro: 0.47280334728033474
F1 macro: 0.30270467836257314
With contradiction_threshold = 0.4 and entailment_threshold = 0.22262638102476728
Accuracy: 0.47280334728033474
F1 micro: 0.47280334728033474
F1 macro: 0.31233660130718954
With contradiction_threshold = 0.5 and entailment_threshold = 0.22262638102476728
Accuracy: 0.4686192468619247
F1 micro: 0.4686192468619247
F1 macro: 0.2815734989648033
With contradiction_threshold = 0.6 and entailment_threshold = 0.22262638102476728
Accuracy: 0.4686192468619247
F1 micro: 0.4686192468619247
F1 macro: 0.27497420020639834
With contradiction_threshold = 0.7000000000000001 and entailment_threshold = 0.22262638102476728
Accuracy: 0.4686192468619247
F1 micro: 0.4686192468619247
F1 macro: 0.27497420020639834
With contradiction_threshold = 0.8 and entailment_threshold = 0.22262638102476728
Accuracy: 0.46443514644351463
F1 micro: 0.46443514644351463
F1 macro: 0.25916223439443253
With contradiction_threshold = 0.9 and entailment_threshold = 0.22262638102476728
Accuracy: 0.4602510460251046
F1 micro: 0.4602510460251046
F1 macro: 0.2425180598555212
With contradiction_threshold = 0.322386697344335 and entailment_threshold = 0.1
Accuracy: 0.6317991631799164
F1 micro: 0.6317991631799164
F1 macro: 0.347069597069597
With contradiction_threshold = 0.322386697344335 and entailment_threshold = 0.2
Accuracy: 0.4895397489539749
F1 micro: 0.4895397489539749
F1 macro: 0.3096707818930041
With contradiction_threshold = 0.322386697344335 and entailment_threshold = 0.30000000000000004
Accuracy: 0.3514644351464435
F1 micro: 0.3514644351464435
F1 macro: 0.26219512195121947
With contradiction_threshold = 0.322386697344335 and entailment_threshold = 0.4
Accuracy: 0.26778242677824265
F1 micro: 0.26778242677824265
F1 macro: 0.22672955974842768
With contradiction_threshold = 0.322386697344335 and entailment_threshold = 0.5
Accuracy: 0.20920502092050208
F1 micro: 0.20920502092050206
F1 macro: 0.19799999999999998
With contradiction_threshold = 0.322386697344335 and entailment_threshold = 0.6
Accuracy: 0.12133891213389121
F1 micro: 0.12133891213389121
F1 macro: 0.1456449553001277
With contradiction_threshold = 0.322386697344335 and entailment_threshold = 0.7000000000000001
Accuracy: 0.09623430962343096
F1 micro: 0.09623430962343098
F1 macro: 0.12780228568480254
With contradiction_threshold = 0.322386697344335 and entailment_threshold = 0.8
Accuracy: 0.08368200836820083
F1 micro: 0.08368200836820083
F1 macro: 0.11940612271711996
With contradiction_threshold = 0.322386697344335 and entailment_threshold = 0.9
Accuracy: 0.06694560669456066
F1 micro: 0.06694560669456066
F1 macro: 0.1075320641550861
