With contradiction_threshold = 0.47773515968224434 and entailment_threshold = 0.06088132178410888 * COMPUTED THRESHOLDS
Accuracy: 0.5648535564853556
F1 micro: 0.5648535564853556
F1 macro: 0.3270879011361371
With contradiction_threshold = 0.1 and entailment_threshold = 0.06088132178410888
Accuracy: 0.5481171548117155
F1 micro: 0.5481171548117155
F1 macro: 0.3239644970414201
With contradiction_threshold = 0.2 and entailment_threshold = 0.06088132178410888
Accuracy: 0.5523012552301255
F1 micro: 0.5523012552301255
F1 macro: 0.3276021913190055
With contradiction_threshold = 0.30000000000000004 and entailment_threshold = 0.06088132178410888
Accuracy: 0.5606694560669456
F1 micro: 0.5606694560669456
F1 macro: 0.32823129251700683
With contradiction_threshold = 0.4 and entailment_threshold = 0.06088132178410888
Accuracy: 0.5606694560669456
F1 micro: 0.5606694560669456
F1 macro: 0.32318840579710145
With contradiction_threshold = 0.5 and entailment_threshold = 0.06088132178410888
Accuracy: 0.5648535564853556
F1 micro: 0.5648535564853556
F1 macro: 0.3270879011361371
With contradiction_threshold = 0.6 and entailment_threshold = 0.06088132178410888
Accuracy: 0.5648535564853556
F1 micro: 0.5648535564853556
F1 macro: 0.3314766158696794
With contradiction_threshold = 0.7000000000000001 and entailment_threshold = 0.06088132178410888
Accuracy: 0.5648535564853556
F1 micro: 0.5648535564853556
F1 macro: 0.3170634920634921
With contradiction_threshold = 0.8 and entailment_threshold = 0.06088132178410888
Accuracy: 0.5606694560669456
F1 micro: 0.5606694560669456
F1 macro: 0.30365116889939586
With contradiction_threshold = 0.9 and entailment_threshold = 0.06088132178410888
Accuracy: 0.5690376569037657
F1 micro: 0.5690376569037657
F1 macro: 0.30989784530861014
With contradiction_threshold = 0.47773515968224434 and entailment_threshold = 0.1
Accuracy: 0.5397489539748954
F1 micro: 0.5397489539748954
F1 macro: 0.3210909338230293
With contradiction_threshold = 0.47773515968224434 and entailment_threshold = 0.2
Accuracy: 0.4769874476987448
F1 micro: 0.4769874476987448
F1 macro: 0.3026819923371648
With contradiction_threshold = 0.47773515968224434 and entailment_threshold = 0.30000000000000004
Accuracy: 0.41841004184100417
F1 micro: 0.4184100418410041
F1 macro: 0.2824141675090794
With contradiction_threshold = 0.47773515968224434 and entailment_threshold = 0.4
Accuracy: 0.3723849372384937
F1 micro: 0.3723849372384937
F1 macro: 0.2657705045782193
With contradiction_threshold = 0.47773515968224434 and entailment_threshold = 0.5
Accuracy: 0.3472803347280335
F1 micro: 0.3472803347280335
F1 macro: 0.2569986783611678
With contradiction_threshold = 0.47773515968224434 and entailment_threshold = 0.6
Accuracy: 0.25523012552301255
F1 micro: 0.25523012552301255
F1 macro: 0.2154596815613765
With contradiction_threshold = 0.47773515968224434 and entailment_threshold = 0.7000000000000001
Accuracy: 0.19246861924686193
F1 micro: 0.19246861924686195
F1 macro: 0.18521849417733194
With contradiction_threshold = 0.47773515968224434 and entailment_threshold = 0.8
Accuracy: 0.1799163179916318
F1 micro: 0.1799163179916318
F1 macro: 0.17868110743840404
With contradiction_threshold = 0.47773515968224434 and entailment_threshold = 0.9
Accuracy: 0.16736401673640167
F1 micro: 0.16736401673640167
F1 macro: 0.1715330199876561
