With contradiction_threshold = 0.4765499679574532 and entailment_threshold = 0.2084537260642918 * COMPUTED THRESHOLDS
Accuracy: 0.5062761506276151
F1 micro: 0.5062761506276151
F1 macro: 0.3230378675692828
With contradiction_threshold = 0.1 and entailment_threshold = 0.2084537260642918
Accuracy: 0.5104602510460251
F1 micro: 0.5104602510460251
F1 macro: 0.3174628879892038
With contradiction_threshold = 0.2 and entailment_threshold = 0.2084537260642918
Accuracy: 0.5104602510460251
F1 micro: 0.5104602510460251
F1 macro: 0.3236403033586132
With contradiction_threshold = 0.30000000000000004 and entailment_threshold = 0.2084537260642918
Accuracy: 0.5062761506276151
F1 micro: 0.5062761506276151
F1 macro: 0.32205128205128203
With contradiction_threshold = 0.4 and entailment_threshold = 0.2084537260642918
Accuracy: 0.5062761506276151
F1 micro: 0.5062761506276151
F1 macro: 0.319972733469666
With contradiction_threshold = 0.5 and entailment_threshold = 0.2084537260642918
Accuracy: 0.5062761506276151
F1 micro: 0.5062761506276151
F1 macro: 0.3230378675692828
With contradiction_threshold = 0.6 and entailment_threshold = 0.2084537260642918
Accuracy: 0.5146443514644351
F1 micro: 0.5146443514644351
F1 macro: 0.32408702408702406
With contradiction_threshold = 0.7000000000000001 and entailment_threshold = 0.2084537260642918
Accuracy: 0.5104602510460251
F1 micro: 0.5104602510460251
F1 macro: 0.30226144511858793
With contradiction_threshold = 0.8 and entailment_threshold = 0.2084537260642918
Accuracy: 0.5062761506276151
F1 micro: 0.5062761506276151
F1 macro: 0.2922052487269878
With contradiction_threshold = 0.9 and entailment_threshold = 0.2084537260642918
Accuracy: 0.5062761506276151
F1 micro: 0.5062761506276151
F1 macro: 0.2948402948402948
With contradiction_threshold = 0.4765499679574532 and entailment_threshold = 0.1
Accuracy: 0.5815899581589958
F1 micro: 0.5815899581589958
F1 macro: 0.3443625008305096
With contradiction_threshold = 0.4765499679574532 and entailment_threshold = 0.2
Accuracy: 0.5188284518828452
F1 micro: 0.5188284518828452
F1 macro: 0.3270097474059323
With contradiction_threshold = 0.4765499679574532 and entailment_threshold = 0.30000000000000004
Accuracy: 0.46443514644351463
F1 micro: 0.46443514644351463
F1 macro: 0.3092536010475775
With contradiction_threshold = 0.4765499679574532 and entailment_threshold = 0.4
Accuracy: 0.4100418410041841
F1 micro: 0.41004184100418406
F1 macro: 0.2906295196772475
With contradiction_threshold = 0.4765499679574532 and entailment_threshold = 0.5
Accuracy: 0.3723849372384937
F1 micro: 0.3723849372384937
F1 macro: 0.2775210332977841
With contradiction_threshold = 0.4765499679574532 and entailment_threshold = 0.6
Accuracy: 0.28870292887029286
F1 micro: 0.28870292887029286
F1 macro: 0.241012764176606
With contradiction_threshold = 0.4765499679574532 and entailment_threshold = 0.7000000000000001
Accuracy: 0.2301255230125523
F1 micro: 0.2301255230125523
F1 macro: 0.2132712972194528
With contradiction_threshold = 0.4765499679574532 and entailment_threshold = 0.8
Accuracy: 0.2175732217573222
F1 micro: 0.2175732217573222
F1 macro: 0.20772881355932205
With contradiction_threshold = 0.4765499679574532 and entailment_threshold = 0.9
Accuracy: 0.20920502092050208
F1 micro: 0.20920502092050206
F1 macro: 0.20329870603244035
