With contradiction_threshold = 0.24330573726217608 and entailment_threshold = 0.41366084826907823 * COMPUTED THRESHOLDS
Accuracy: 0.6261682242990654
F1 micro: 0.6261682242990654
F1 macro: 0.2890559732664996
With contradiction_threshold = 0.1 and entailment_threshold = 0.41366084826907823
Accuracy: 0.6355140186915887
F1 micro: 0.6355140186915887
F1 macro: 0.3049289891395155
With contradiction_threshold = 0.2 and entailment_threshold = 0.41366084826907823
Accuracy: 0.6261682242990654
F1 micro: 0.6261682242990654
F1 macro: 0.28761297182349815
With contradiction_threshold = 0.30000000000000004 and entailment_threshold = 0.41366084826907823
Accuracy: 0.6261682242990654
F1 micro: 0.6261682242990654
F1 macro: 0.2906432748538012
With contradiction_threshold = 0.4 and entailment_threshold = 0.41366084826907823
Accuracy: 0.6261682242990654
F1 micro: 0.6261682242990654
F1 macro: 0.2906432748538012
With contradiction_threshold = 0.5 and entailment_threshold = 0.41366084826907823
Accuracy: 0.6261682242990654
F1 micro: 0.6261682242990654
F1 macro: 0.2923976608187135
With contradiction_threshold = 0.6 and entailment_threshold = 0.41366084826907823
Accuracy: 0.6261682242990654
F1 micro: 0.6261682242990654
F1 macro: 0.2923976608187135
With contradiction_threshold = 0.7000000000000001 and entailment_threshold = 0.41366084826907823
Accuracy: 0.616822429906542
F1 micro: 0.616822429906542
F1 macro: 0.2573099415204679
With contradiction_threshold = 0.8 and entailment_threshold = 0.41366084826907823
Accuracy: 0.616822429906542
F1 micro: 0.616822429906542
F1 macro: 0.2573099415204679
With contradiction_threshold = 0.9 and entailment_threshold = 0.41366084826907823
Accuracy: 0.616822429906542
F1 micro: 0.616822429906542
F1 macro: 0.2573099415204679
With contradiction_threshold = 0.24330573726217608 and entailment_threshold = 0.1
Accuracy: 0.8317757009345794
F1 micro: 0.8317757009345794
F1 macro: 0.5036082474226805
With contradiction_threshold = 0.24330573726217608 and entailment_threshold = 0.2
Accuracy: 0.8130841121495327
F1 micro: 0.8130841121495327
F1 macro: 0.33194444444444443
With contradiction_threshold = 0.24330573726217608 and entailment_threshold = 0.30000000000000004
Accuracy: 0.7289719626168224
F1 micro: 0.7289719626168223
F1 macro: 0.31225604996096795
With contradiction_threshold = 0.24330573726217608 and entailment_threshold = 0.4
Accuracy: 0.6542056074766355
F1 micro: 0.6542056074766355
F1 macro: 0.2961138478379857
With contradiction_threshold = 0.24330573726217608 and entailment_threshold = 0.5
Accuracy: 0.5607476635514018
F1 micro: 0.5607476635514018
F1 macro: 0.30379264341528495
With contradiction_threshold = 0.24330573726217608 and entailment_threshold = 0.6
Accuracy: 0.2897196261682243
F1 micro: 0.2897196261682243
F1 macro: 0.19866071428571427
With contradiction_threshold = 0.24330573726217608 and entailment_threshold = 0.7000000000000001
Accuracy: 0.1588785046728972
F1 micro: 0.1588785046728972
F1 macro: 0.13606710158434296
With contradiction_threshold = 0.24330573726217608 and entailment_threshold = 0.8
Accuracy: 0.11214953271028037
F1 micro: 0.11214953271028037
F1 macro: 0.110701930588104
With contradiction_threshold = 0.24330573726217608 and entailment_threshold = 0.9
Accuracy: 0.056074766355140186
F1 micro: 0.056074766355140186
F1 macro: 0.07404718693284935
