With contradiction_threshold = 0.29833260845407494 and entailment_threshold = 0.4113991915689894 * COMPUTED THRESHOLDS
Accuracy: 0.616822429906542
F1 micro: 0.616822429906542
F1 macro: 0.30487173800547057
With contradiction_threshold = 0.1 and entailment_threshold = 0.4113991915689894
Accuracy: 0.616822429906542
F1 micro: 0.616822429906542
F1 macro: 0.29589306236012825
With contradiction_threshold = 0.2 and entailment_threshold = 0.4113991915689894
Accuracy: 0.616822429906542
F1 micro: 0.616822429906542
F1 macro: 0.30146603345034073
With contradiction_threshold = 0.30000000000000004 and entailment_threshold = 0.4113991915689894
Accuracy: 0.616822429906542
F1 micro: 0.616822429906542
F1 macro: 0.30487173800547057
With contradiction_threshold = 0.4 and entailment_threshold = 0.4113991915689894
Accuracy: 0.616822429906542
F1 micro: 0.616822429906542
F1 macro: 0.31346003644884146
With contradiction_threshold = 0.5 and entailment_threshold = 0.4113991915689894
Accuracy: 0.6261682242990654
F1 micro: 0.6261682242990654
F1 macro: 0.3185425685425685
With contradiction_threshold = 0.6 and entailment_threshold = 0.4113991915689894
Accuracy: 0.6355140186915887
F1 micro: 0.6355140186915887
F1 macro: 0.3238470930778623
With contradiction_threshold = 0.7000000000000001 and entailment_threshold = 0.4113991915689894
Accuracy: 0.6261682242990654
F1 micro: 0.6261682242990654
F1 macro: 0.2954427488840444
With contradiction_threshold = 0.8 and entailment_threshold = 0.4113991915689894
Accuracy: 0.616822429906542
F1 micro: 0.616822429906542
F1 macro: 0.2603550295857988
With contradiction_threshold = 0.9 and entailment_threshold = 0.4113991915689894
Accuracy: 0.616822429906542
F1 micro: 0.616822429906542
F1 macro: 0.2603550295857988
With contradiction_threshold = 0.29833260845407494 and entailment_threshold = 0.1
Accuracy: 0.7663551401869159
F1 micro: 0.766355140186916
F1 macro: 0.34384384384384387
With contradiction_threshold = 0.29833260845407494 and entailment_threshold = 0.2
Accuracy: 0.7102803738317757
F1 micro: 0.7102803738317757
F1 macro: 0.33270911360799
With contradiction_threshold = 0.29833260845407494 and entailment_threshold = 0.30000000000000004
Accuracy: 0.6728971962616822
F1 micro: 0.6728971962616822
F1 macro: 0.32530507385998714
With contradiction_threshold = 0.29833260845407494 and entailment_threshold = 0.4
Accuracy: 0.616822429906542
F1 micro: 0.616822429906542
F1 macro: 0.30487173800547057
With contradiction_threshold = 0.29833260845407494 and entailment_threshold = 0.5
Accuracy: 0.5794392523364486
F1 micro: 0.5794392523364486
F1 macro: 0.31479885057471263
With contradiction_threshold = 0.29833260845407494 and entailment_threshold = 0.6
Accuracy: 0.4485981308411215
F1 micro: 0.4485981308411215
F1 macro: 0.2864691976081213
With contradiction_threshold = 0.29833260845407494 and entailment_threshold = 0.7000000000000001
Accuracy: 0.35514018691588783
F1 micro: 0.35514018691588783
F1 macro: 0.25279034690799396
With contradiction_threshold = 0.29833260845407494 and entailment_threshold = 0.8
Accuracy: 0.2523364485981308
F1 micro: 0.2523364485981308
F1 macro: 0.21061528059499665
With contradiction_threshold = 0.29833260845407494 and entailment_threshold = 0.9
Accuracy: 0.16822429906542055
F1 micro: 0.16822429906542055
F1 macro: 0.16732026143790849
