With contradiction_threshold = 0.3970500972131106 and entailment_threshold = 0.5664257574399016 * COMPUTED THRESHOLDS
Accuracy: 0.7071129707112971
F1 micro: 0.707112970711297
F1 macro: 0.30880540221876845
With contradiction_threshold = 0.1 and entailment_threshold = 0.5664257574399016
Accuracy: 0.7322175732217573
F1 micro: 0.7322175732217574
F1 macro: 0.3555539787845461
With contradiction_threshold = 0.2 and entailment_threshold = 0.5664257574399016
Accuracy: 0.7154811715481172
F1 micro: 0.7154811715481171
F1 macro: 0.32488105233697173
With contradiction_threshold = 0.30000000000000004 and entailment_threshold = 0.5664257574399016
Accuracy: 0.7071129707112971
F1 micro: 0.707112970711297
F1 macro: 0.3055938405969298
With contradiction_threshold = 0.4 and entailment_threshold = 0.5664257574399016
Accuracy: 0.7071129707112971
F1 micro: 0.707112970711297
F1 macro: 0.30880540221876845
With contradiction_threshold = 0.5 and entailment_threshold = 0.5664257574399016
Accuracy: 0.698744769874477
F1 micro: 0.698744769874477
F1 macro: 0.2804366078925273
With contradiction_threshold = 0.6 and entailment_threshold = 0.5664257574399016
Accuracy: 0.698744769874477
F1 micro: 0.698744769874477
F1 macro: 0.2804366078925273
With contradiction_threshold = 0.7000000000000001 and entailment_threshold = 0.5664257574399016
Accuracy: 0.698744769874477
F1 micro: 0.698744769874477
F1 macro: 0.2804366078925273
With contradiction_threshold = 0.8 and entailment_threshold = 0.5664257574399016
Accuracy: 0.698744769874477
F1 micro: 0.698744769874477
F1 macro: 0.2804366078925273
With contradiction_threshold = 0.9 and entailment_threshold = 0.5664257574399016
Accuracy: 0.698744769874477
F1 micro: 0.698744769874477
F1 macro: 0.2804366078925273
With contradiction_threshold = 0.3970500972131106 and entailment_threshold = 0.1
Accuracy: 0.8368200836820083
F1 micro: 0.8368200836820082
F1 macro: 0.3202517162471396
With contradiction_threshold = 0.3970500972131106 and entailment_threshold = 0.2
Accuracy: 0.8368200836820083
F1 micro: 0.8368200836820082
F1 macro: 0.3202517162471396
With contradiction_threshold = 0.3970500972131106 and entailment_threshold = 0.30000000000000004
Accuracy: 0.8368200836820083
F1 micro: 0.8368200836820082
F1 macro: 0.3202517162471396
With contradiction_threshold = 0.3970500972131106 and entailment_threshold = 0.4
Accuracy: 0.8284518828451883
F1 micro: 0.8284518828451883
F1 macro: 0.31858237547892726
With contradiction_threshold = 0.3970500972131106 and entailment_threshold = 0.5
Accuracy: 0.803347280334728
F1 micro: 0.803347280334728
F1 macro: 0.3304881701108116
With contradiction_threshold = 0.3970500972131106 and entailment_threshold = 0.6
Accuracy: 0.6820083682008368
F1 micro: 0.6820083682008368
F1 macro: 0.31729112833764
With contradiction_threshold = 0.3970500972131106 and entailment_threshold = 0.7000000000000001
Accuracy: 0.4769874476987448
F1 micro: 0.4769874476987448
F1 macro: 0.2693589743589744
With contradiction_threshold = 0.3970500972131106 and entailment_threshold = 0.8
Accuracy: 0.3305439330543933
F1 micro: 0.3305439330543933
F1 macro: 0.2213356973995272
With contradiction_threshold = 0.3970500972131106 and entailment_threshold = 0.9
Accuracy: 0.15481171548117154
F1 micro: 0.15481171548117154
F1 macro: 0.13730661040787626
