With contradiction_threshold = 0.3967789320158772 and entailment_threshold = 0.5641330615521714 * COMPUTED THRESHOLDS
Accuracy: 0.7154811715481172
F1 micro: 0.7154811715481171
F1 macro: 0.31065217391304345
With contradiction_threshold = 0.1 and entailment_threshold = 0.5641330615521714
Accuracy: 0.7364016736401674
F1 micro: 0.7364016736401673
F1 macro: 0.3502941176470588
With contradiction_threshold = 0.2 and entailment_threshold = 0.5641330615521714
Accuracy: 0.7238493723849372
F1 micro: 0.7238493723849372
F1 macro: 0.32686440677966105
With contradiction_threshold = 0.30000000000000004 and entailment_threshold = 0.5641330615521714
Accuracy: 0.7154811715481172
F1 micro: 0.7154811715481171
F1 macro: 0.3068238993710692
With contradiction_threshold = 0.4 and entailment_threshold = 0.5641330615521714
Accuracy: 0.7154811715481172
F1 micro: 0.7154811715481171
F1 macro: 0.31065217391304345
With contradiction_threshold = 0.5 and entailment_threshold = 0.5641330615521714
Accuracy: 0.7071129707112971
F1 micro: 0.707112970711297
F1 macro: 0.2816666666666667
With contradiction_threshold = 0.6 and entailment_threshold = 0.5641330615521714
Accuracy: 0.7071129707112971
F1 micro: 0.707112970711297
F1 macro: 0.2816666666666667
With contradiction_threshold = 0.7000000000000001 and entailment_threshold = 0.5641330615521714
Accuracy: 0.7071129707112971
F1 micro: 0.707112970711297
F1 macro: 0.2816666666666667
With contradiction_threshold = 0.8 and entailment_threshold = 0.5641330615521714
Accuracy: 0.7071129707112971
F1 micro: 0.707112970711297
F1 macro: 0.2816666666666667
With contradiction_threshold = 0.9 and entailment_threshold = 0.5641330615521714
Accuracy: 0.7071129707112971
F1 micro: 0.707112970711297
F1 macro: 0.2816666666666667
With contradiction_threshold = 0.3967789320158772 and entailment_threshold = 0.1
Accuracy: 0.8368200836820083
F1 micro: 0.8368200836820082
F1 macro: 0.3202517162471396
With contradiction_threshold = 0.3967789320158772 and entailment_threshold = 0.2
Accuracy: 0.8368200836820083
F1 micro: 0.8368200836820082
F1 macro: 0.3202517162471396
With contradiction_threshold = 0.3967789320158772 and entailment_threshold = 0.30000000000000004
Accuracy: 0.8368200836820083
F1 micro: 0.8368200836820082
F1 macro: 0.3202517162471396
With contradiction_threshold = 0.3967789320158772 and entailment_threshold = 0.4
Accuracy: 0.8284518828451883
F1 micro: 0.8284518828451883
F1 macro: 0.31858237547892726
With contradiction_threshold = 0.3967789320158772 and entailment_threshold = 0.5
Accuracy: 0.8075313807531381
F1 micro: 0.8075313807531381
F1 macro: 0.3314248635444101
With contradiction_threshold = 0.3967789320158772 and entailment_threshold = 0.6
Accuracy: 0.694560669456067
F1 micro: 0.694560669456067
F1 macro: 0.32118567012184035
With contradiction_threshold = 0.3967789320158772 and entailment_threshold = 0.7000000000000001
Accuracy: 0.49372384937238495
F1 micro: 0.49372384937238495
F1 macro: 0.27558257345491394
With contradiction_threshold = 0.3967789320158772 and entailment_threshold = 0.8
Accuracy: 0.33472803347280333
F1 micro: 0.33472803347280333
F1 macro: 0.22330436519828192
With contradiction_threshold = 0.3967789320158772 and entailment_threshold = 0.9
Accuracy: 0.1589958158995816
F1 micro: 0.1589958158995816
F1 macro: 0.1405924071756362
