With contradiction_threshold = 0.20533753965673895 and entailment_threshold = 0.3503442334331339 * COMPUTED THRESHOLDS
Accuracy: 0.47280334728033474
F1 micro: 0.47280334728033474
F1 macro: 0.32006466749472606
With contradiction_threshold = 0.1 and entailment_threshold = 0.3503442334331339
Accuracy: 0.497907949790795
F1 micro: 0.497907949790795
F1 macro: 0.3074860511425248
With contradiction_threshold = 0.2 and entailment_threshold = 0.3503442334331339
Accuracy: 0.4769874476987448
F1 micro: 0.4769874476987448
F1 macro: 0.32852664576802515
With contradiction_threshold = 0.30000000000000004 and entailment_threshold = 0.3503442334331339
Accuracy: 0.46443514644351463
F1 micro: 0.46443514644351463
F1 macro: 0.3124589924910695
With contradiction_threshold = 0.4 and entailment_threshold = 0.3503442334331339
Accuracy: 0.4476987447698745
F1 micro: 0.4476987447698745
F1 macro: 0.2536237708651502
With contradiction_threshold = 0.5 and entailment_threshold = 0.3503442334331339
Accuracy: 0.4435146443514644
F1 micro: 0.4435146443514644
F1 macro: 0.23697959632623886
With contradiction_threshold = 0.6 and entailment_threshold = 0.3503442334331339
Accuracy: 0.4393305439330544
F1 micro: 0.4393305439330544
F1 macro: 0.21943573667711602
With contradiction_threshold = 0.7000000000000001 and entailment_threshold = 0.3503442334331339
Accuracy: 0.4393305439330544
F1 micro: 0.4393305439330544
F1 macro: 0.21943573667711602
With contradiction_threshold = 0.8 and entailment_threshold = 0.3503442334331339
Accuracy: 0.4393305439330544
F1 micro: 0.4393305439330544
F1 macro: 0.21943573667711602
With contradiction_threshold = 0.9 and entailment_threshold = 0.3503442334331339
Accuracy: 0.4393305439330544
F1 micro: 0.4393305439330544
F1 macro: 0.21943573667711602
With contradiction_threshold = 0.20533753965673895 and entailment_threshold = 0.1
Accuracy: 0.8368200836820083
F1 micro: 0.8368200836820082
F1 macro: 0.39640058234984354
With contradiction_threshold = 0.20533753965673895 and entailment_threshold = 0.2
Accuracy: 0.7615062761506276
F1 micro: 0.7615062761506276
F1 macro: 0.38171885669690764
With contradiction_threshold = 0.20533753965673895 and entailment_threshold = 0.30000000000000004
Accuracy: 0.5732217573221757
F1 micro: 0.5732217573221757
F1 macro: 0.3352582261930704
With contradiction_threshold = 0.20533753965673895 and entailment_threshold = 0.4
Accuracy: 0.4100418410041841
F1 micro: 0.41004184100418406
F1 macro: 0.31021625652498136
With contradiction_threshold = 0.20533753965673895 and entailment_threshold = 0.5
Accuracy: 0.24686192468619247
F1 micro: 0.24686192468619247
F1 macro: 0.24081279723303073
With contradiction_threshold = 0.20533753965673895 and entailment_threshold = 0.6
Accuracy: 0.09623430962343096
F1 micro: 0.09623430962343098
F1 macro: 0.15190436474840147
With contradiction_threshold = 0.20533753965673895 and entailment_threshold = 0.7000000000000001
Accuracy: 0.058577405857740586
F1 micro: 0.058577405857740586
F1 macro: 0.12511655011655012
With contradiction_threshold = 0.20533753965673895 and entailment_threshold = 0.8
Accuracy: 0.04602510460251046
F1 micro: 0.046025104602510455
F1 macro: 0.1156268568033274
With contradiction_threshold = 0.20533753965673895 and entailment_threshold = 0.9
Accuracy: 0.03765690376569038
F1 micro: 0.03765690376569038
F1 macro: 0.10909090909090911
