With contradiction_threshold = 0.24381885081911037 and entailment_threshold = 0.09325312392491014 * COMPUTED THRESHOLDS
Accuracy: 0.7656903765690377
F1 micro: 0.7656903765690377
F1 macro: 0.360793229758747
With contradiction_threshold = 0.1 and entailment_threshold = 0.09325312392491014
Accuracy: 0.7364016736401674
F1 micro: 0.7364016736401673
F1 macro: 0.34543566122513497
With contradiction_threshold = 0.2 and entailment_threshold = 0.09325312392491014
Accuracy: 0.7489539748953975
F1 micro: 0.7489539748953975
F1 macro: 0.3528733145864878
With contradiction_threshold = 0.30000000000000004 and entailment_threshold = 0.09325312392491014
Accuracy: 0.7824267782426778
F1 micro: 0.7824267782426778
F1 macro: 0.3704607046070461
With contradiction_threshold = 0.4 and entailment_threshold = 0.09325312392491014
Accuracy: 0.7782426778242678
F1 micro: 0.7782426778242678
F1 macro: 0.3621462415161993
With contradiction_threshold = 0.5 and entailment_threshold = 0.09325312392491014
Accuracy: 0.799163179916318
F1 micro: 0.7991631799163179
F1 macro: 0.36538932119610434
With contradiction_threshold = 0.6 and entailment_threshold = 0.09325312392491014
Accuracy: 0.8200836820083682
F1 micro: 0.8200836820083681
F1 macro: 0.3792571365590213
With contradiction_threshold = 0.7000000000000001 and entailment_threshold = 0.09325312392491014
Accuracy: 0.8242677824267782
F1 micro: 0.8242677824267782
F1 macro: 0.3819655521783181
With contradiction_threshold = 0.8 and entailment_threshold = 0.09325312392491014
Accuracy: 0.8158995815899581
F1 micro: 0.8158995815899581
F1 macro: 0.35117647058823526
With contradiction_threshold = 0.9 and entailment_threshold = 0.09325312392491014
Accuracy: 0.8117154811715481
F1 micro: 0.8117154811715481
F1 macro: 0.3353645047762695
With contradiction_threshold = 0.24381885081911037 and entailment_threshold = 0.1
Accuracy: 0.7573221757322176
F1 micro: 0.7573221757322176
F1 macro: 0.3589235846661589
With contradiction_threshold = 0.24381885081911037 and entailment_threshold = 0.2
Accuracy: 0.6485355648535565
F1 micro: 0.6485355648535565
F1 macro: 0.3349059829059829
With contradiction_threshold = 0.24381885081911037 and entailment_threshold = 0.30000000000000004
Accuracy: 0.5439330543933054
F1 micro: 0.5439330543933054
F1 macro: 0.30699954400364793
With contradiction_threshold = 0.24381885081911037 and entailment_threshold = 0.4
Accuracy: 0.4686192468619247
F1 micro: 0.4686192468619247
F1 macro: 0.29194896875607607
With contradiction_threshold = 0.24381885081911037 and entailment_threshold = 0.5
Accuracy: 0.39330543933054396
F1 micro: 0.39330543933054396
F1 macro: 0.27159468438538203
With contradiction_threshold = 0.24381885081911037 and entailment_threshold = 0.6
Accuracy: 0.28451882845188287
F1 micro: 0.28451882845188287
F1 macro: 0.22571353757528145
With contradiction_threshold = 0.24381885081911037 and entailment_threshold = 0.7000000000000001
Accuracy: 0.16317991631799164
F1 micro: 0.16317991631799164
F1 macro: 0.16202945990180032
With contradiction_threshold = 0.24381885081911037 and entailment_threshold = 0.8
Accuracy: 0.1297071129707113
F1 micro: 0.1297071129707113
F1 macro: 0.14181983208531881
With contradiction_threshold = 0.24381885081911037 and entailment_threshold = 0.9
Accuracy: 0.06694560669456066
F1 micro: 0.06694560669456066
F1 macro: 0.09925162556741503
