With contradiction_threshold = 0.31132743215596514 and entailment_threshold = 0.5402158806766608 * COMPUTED THRESHOLDS
Accuracy: 0.7383177570093458
F1 micro: 0.7383177570093457
F1 macro: 0.36638733705772814
With contradiction_threshold = 0.1 and entailment_threshold = 0.5402158806766608
Accuracy: 0.7383177570093458
F1 micro: 0.7383177570093457
F1 macro: 0.36638733705772814
With contradiction_threshold = 0.2 and entailment_threshold = 0.5402158806766608
Accuracy: 0.7383177570093458
F1 micro: 0.7383177570093457
F1 macro: 0.36638733705772814
With contradiction_threshold = 0.30000000000000004 and entailment_threshold = 0.5402158806766608
Accuracy: 0.7383177570093458
F1 micro: 0.7383177570093457
F1 macro: 0.36638733705772814
With contradiction_threshold = 0.4 and entailment_threshold = 0.5402158806766608
Accuracy: 0.7383177570093458
F1 micro: 0.7383177570093457
F1 macro: 0.36638733705772814
With contradiction_threshold = 0.5 and entailment_threshold = 0.5402158806766608
Accuracy: 0.7383177570093458
F1 micro: 0.7383177570093457
F1 macro: 0.36638733705772814
With contradiction_threshold = 0.6 and entailment_threshold = 0.5402158806766608
Accuracy: 0.719626168224299
F1 micro: 0.7196261682242989
F1 macro: 0.3148000354704265
With contradiction_threshold = 0.7000000000000001 and entailment_threshold = 0.5402158806766608
Accuracy: 0.719626168224299
F1 micro: 0.7196261682242989
F1 macro: 0.3163873370577281
With contradiction_threshold = 0.8 and entailment_threshold = 0.5402158806766608
Accuracy: 0.719626168224299
F1 micro: 0.7196261682242989
F1 macro: 0.3163873370577281
With contradiction_threshold = 0.9 and entailment_threshold = 0.5402158806766608
Accuracy: 0.719626168224299
F1 micro: 0.7196261682242989
F1 macro: 0.3181417230226404
With contradiction_threshold = 0.31132743215596514 and entailment_threshold = 0.1
Accuracy: 0.8317757009345794
F1 micro: 0.8317757009345794
F1 macro: 0.5440340909090908
With contradiction_threshold = 0.31132743215596514 and entailment_threshold = 0.2
Accuracy: 0.8130841121495327
F1 micro: 0.8130841121495327
F1 macro: 0.3588516746411483
With contradiction_threshold = 0.31132743215596514 and entailment_threshold = 0.30000000000000004
Accuracy: 0.8037383177570093
F1 micro: 0.8037383177570093
F1 macro: 0.3569023569023569
With contradiction_threshold = 0.31132743215596514 and entailment_threshold = 0.4
Accuracy: 0.794392523364486
F1 micro: 0.794392523364486
F1 macro: 0.35650623885918004
With contradiction_threshold = 0.31132743215596514 and entailment_threshold = 0.5
Accuracy: 0.7663551401869159
F1 micro: 0.766355140186916
F1 macro: 0.3504611330698287
With contradiction_threshold = 0.31132743215596514 and entailment_threshold = 0.6
Accuracy: 0.6542056074766355
F1 micro: 0.6542056074766355
F1 macro: 0.33681917211328977
With contradiction_threshold = 0.31132743215596514 and entailment_threshold = 0.7000000000000001
Accuracy: 0.5420560747663551
F1 micro: 0.5420560747663551
F1 macro: 0.3170995670995671
With contradiction_threshold = 0.31132743215596514 and entailment_threshold = 0.8
Accuracy: 0.4672897196261682
F1 micro: 0.4672897196261683
F1 macro: 0.29629629629629634
With contradiction_threshold = 0.31132743215596514 and entailment_threshold = 0.9
Accuracy: 0.34579439252336447
F1 micro: 0.34579439252336447
F1 macro: 0.25520833333333337
