With contradiction_threshold = 0.33884017272718836 and entailment_threshold = 0.7112312663361193 * COMPUTED THRESHOLDS
Accuracy: 0.6915887850467289
F1 micro: 0.6915887850467289
F1 macro: 0.36215562766431253
With contradiction_threshold = 0.1 and entailment_threshold = 0.7112312663361193
Accuracy: 0.7289719626168224
F1 micro: 0.7289719626168223
F1 macro: 0.5919789612097304
With contradiction_threshold = 0.2 and entailment_threshold = 0.7112312663361193
Accuracy: 0.7289719626168224
F1 micro: 0.7289719626168223
F1 macro: 0.40311824927209544
With contradiction_threshold = 0.30000000000000004 and entailment_threshold = 0.7112312663361193
Accuracy: 0.7289719626168224
F1 micro: 0.7289719626168223
F1 macro: 0.4242822704361166
With contradiction_threshold = 0.4 and entailment_threshold = 0.7112312663361193
Accuracy: 0.6822429906542056
F1 micro: 0.6822429906542056
F1 macro: 0.3502081963620425
With contradiction_threshold = 0.5 and entailment_threshold = 0.7112312663361193
Accuracy: 0.6635514018691588
F1 micro: 0.6635514018691588
F1 macro: 0.3051196295343453
With contradiction_threshold = 0.6 and entailment_threshold = 0.7112312663361193
Accuracy: 0.6635514018691588
F1 micro: 0.6635514018691588
F1 macro: 0.3078801540340002
With contradiction_threshold = 0.7000000000000001 and entailment_threshold = 0.7112312663361193
Accuracy: 0.6635514018691588
F1 micro: 0.6635514018691588
F1 macro: 0.3112218415862141
With contradiction_threshold = 0.8 and entailment_threshold = 0.7112312663361193
Accuracy: 0.6635514018691588
F1 micro: 0.6635514018691588
F1 macro: 0.3112218415862141
With contradiction_threshold = 0.9 and entailment_threshold = 0.7112312663361193
Accuracy: 0.6542056074766355
F1 micro: 0.6542056074766355
F1 macro: 0.27613412228796846
With contradiction_threshold = 0.33884017272718836 and entailment_threshold = 0.1
Accuracy: 0.8037383177570093
F1 micro: 0.8037383177570093
F1 macro: 0.4885044388800365
With contradiction_threshold = 0.33884017272718836 and entailment_threshold = 0.2
Accuracy: 0.8037383177570093
F1 micro: 0.8037383177570093
F1 macro: 0.4885044388800365
With contradiction_threshold = 0.33884017272718836 and entailment_threshold = 0.30000000000000004
Accuracy: 0.8037383177570093
F1 micro: 0.8037383177570093
F1 macro: 0.4885044388800365
With contradiction_threshold = 0.33884017272718836 and entailment_threshold = 0.4
Accuracy: 0.8037383177570093
F1 micro: 0.8037383177570093
F1 macro: 0.4885044388800365
With contradiction_threshold = 0.33884017272718836 and entailment_threshold = 0.5
Accuracy: 0.8037383177570093
F1 micro: 0.8037383177570093
F1 macro: 0.4885044388800365
With contradiction_threshold = 0.33884017272718836 and entailment_threshold = 0.6
Accuracy: 0.794392523364486
F1 micro: 0.794392523364486
F1 macro: 0.5480030721966205
With contradiction_threshold = 0.33884017272718836 and entailment_threshold = 0.7000000000000001
Accuracy: 0.719626168224299
F1 micro: 0.7196261682242989
F1 macro: 0.36896724181045265
With contradiction_threshold = 0.33884017272718836 and entailment_threshold = 0.8
Accuracy: 0.5327102803738317
F1 micro: 0.5327102803738317
F1 macro: 0.3231579707007289
With contradiction_threshold = 0.33884017272718836 and entailment_threshold = 0.9
Accuracy: 0.4205607476635514
F1 micro: 0.4205607476635514
F1 macro: 0.29000160487883164
