With contradiction_threshold = 0.34382235902627634 and entailment_threshold = 0.7129317053567583 * COMPUTED THRESHOLDS
Accuracy: 0.6822429906542056
F1 micro: 0.6822429906542056
F1 macro: 0.33798449612403103
With contradiction_threshold = 0.1 and entailment_threshold = 0.7129317053567583
Accuracy: 0.7009345794392523
F1 micro: 0.7009345794392523
F1 macro: 0.3526186424654944
With contradiction_threshold = 0.2 and entailment_threshold = 0.7129317053567583
Accuracy: 0.7009345794392523
F1 micro: 0.7009345794392523
F1 macro: 0.3546511627906977
With contradiction_threshold = 0.30000000000000004 and entailment_threshold = 0.7129317053567583
Accuracy: 0.7009345794392523
F1 micro: 0.7009345794392523
F1 macro: 0.3723279304674653
With contradiction_threshold = 0.4 and entailment_threshold = 0.7129317053567583
Accuracy: 0.6822429906542056
F1 micro: 0.6822429906542056
F1 macro: 0.3453919035314384
With contradiction_threshold = 0.5 and entailment_threshold = 0.7129317053567583
Accuracy: 0.6635514018691588
F1 micro: 0.6635514018691588
F1 macro: 0.30030333670374115
With contradiction_threshold = 0.6 and entailment_threshold = 0.7129317053567583
Accuracy: 0.6635514018691588
F1 micro: 0.6635514018691588
F1 macro: 0.30465116279069765
With contradiction_threshold = 0.7000000000000001 and entailment_threshold = 0.7129317053567583
Accuracy: 0.6635514018691588
F1 micro: 0.6635514018691588
F1 macro: 0.30640554875560994
With contradiction_threshold = 0.8 and entailment_threshold = 0.7129317053567583
Accuracy: 0.6635514018691588
F1 micro: 0.6635514018691588
F1 macro: 0.30640554875560994
With contradiction_threshold = 0.9 and entailment_threshold = 0.7129317053567583
Accuracy: 0.6542056074766355
F1 micro: 0.6542056074766355
F1 macro: 0.2713178294573643
With contradiction_threshold = 0.34382235902627634 and entailment_threshold = 0.1
Accuracy: 0.8130841121495327
F1 micro: 0.8130841121495327
F1 macro: 0.49337121212121215
With contradiction_threshold = 0.34382235902627634 and entailment_threshold = 0.2
Accuracy: 0.8130841121495327
F1 micro: 0.8130841121495327
F1 macro: 0.49337121212121215
With contradiction_threshold = 0.34382235902627634 and entailment_threshold = 0.30000000000000004
Accuracy: 0.8130841121495327
F1 micro: 0.8130841121495327
F1 macro: 0.49337121212121215
With contradiction_threshold = 0.34382235902627634 and entailment_threshold = 0.4
Accuracy: 0.8130841121495327
F1 micro: 0.8130841121495327
F1 macro: 0.49337121212121215
With contradiction_threshold = 0.34382235902627634 and entailment_threshold = 0.5
Accuracy: 0.8130841121495327
F1 micro: 0.8130841121495327
F1 macro: 0.49337121212121215
With contradiction_threshold = 0.34382235902627634 and entailment_threshold = 0.6
Accuracy: 0.794392523364486
F1 micro: 0.794392523364486
F1 macro: 0.5480030721966205
With contradiction_threshold = 0.34382235902627634 and entailment_threshold = 0.7000000000000001
Accuracy: 0.7009345794392523
F1 micro: 0.7009345794392523
F1 macro: 0.34252873563218394
With contradiction_threshold = 0.34382235902627634 and entailment_threshold = 0.8
Accuracy: 0.5327102803738317
F1 micro: 0.5327102803738317
F1 macro: 0.3066666666666667
With contradiction_threshold = 0.34382235902627634 and entailment_threshold = 0.9
Accuracy: 0.4205607476635514
F1 micro: 0.4205607476635514
F1 macro: 0.2740740740740741
