With contradiction_threshold = 0.3970500972131106 and entailment_threshold = 0.5664257574399016 * COMPUTED THRESHOLDS
Accuracy: 0.5564853556485355
F1 micro: 0.5564853556485355
F1 macro: 0.3281885064567578
With contradiction_threshold = 0.1 and entailment_threshold = 0.5664257574399016
Accuracy: 0.5983263598326359
F1 micro: 0.5983263598326359
F1 macro: 0.3544293221712577
With contradiction_threshold = 0.2 and entailment_threshold = 0.5664257574399016
Accuracy: 0.5815899581589958
F1 micro: 0.5815899581589958
F1 macro: 0.34402907876130556
With contradiction_threshold = 0.30000000000000004 and entailment_threshold = 0.5664257574399016
Accuracy: 0.5648535564853556
F1 micro: 0.5648535564853556
F1 macro: 0.3324232311996495
With contradiction_threshold = 0.4 and entailment_threshold = 0.5664257574399016
Accuracy: 0.5564853556485355
F1 micro: 0.5564853556485355
F1 macro: 0.3281885064567578
With contradiction_threshold = 0.5 and entailment_threshold = 0.5664257574399016
Accuracy: 0.5397489539748954
F1 micro: 0.5397489539748954
F1 macro: 0.30296920821114376
With contradiction_threshold = 0.6 and entailment_threshold = 0.5664257574399016
Accuracy: 0.5230125523012552
F1 micro: 0.5230125523012552
F1 macro: 0.2688380025373849
With contradiction_threshold = 0.7000000000000001 and entailment_threshold = 0.5664257574399016
Accuracy: 0.5188284518828452
F1 micro: 0.5188284518828452
F1 macro: 0.25528402302595854
With contradiction_threshold = 0.8 and entailment_threshold = 0.5664257574399016
Accuracy: 0.5146443514644351
F1 micro: 0.5146443514644351
F1 macro: 0.24046920821114373
With contradiction_threshold = 0.9 and entailment_threshold = 0.5664257574399016
Accuracy: 0.5146443514644351
F1 micro: 0.5146443514644351
F1 macro: 0.24046920821114373
With contradiction_threshold = 0.3970500972131106 and entailment_threshold = 0.1
Accuracy: 0.7866108786610879
F1 micro: 0.7866108786610879
F1 macro: 0.3586494548718355
With contradiction_threshold = 0.3970500972131106 and entailment_threshold = 0.2
Accuracy: 0.7782426778242678
F1 micro: 0.7782426778242678
F1 macro: 0.3575445734115113
With contradiction_threshold = 0.3970500972131106 and entailment_threshold = 0.30000000000000004
Accuracy: 0.7573221757322176
F1 micro: 0.7573221757322176
F1 macro: 0.3536396141132024
With contradiction_threshold = 0.3970500972131106 and entailment_threshold = 0.4
Accuracy: 0.7196652719665272
F1 micro: 0.7196652719665272
F1 macro: 0.3457425468631113
With contradiction_threshold = 0.3970500972131106 and entailment_threshold = 0.5
Accuracy: 0.6903765690376569
F1 micro: 0.6903765690376569
F1 macro: 0.3364018087855298
With contradiction_threshold = 0.3970500972131106 and entailment_threshold = 0.6
Accuracy: 0.5230125523012552
F1 micro: 0.5230125523012552
F1 macro: 0.31934064769173687
With contradiction_threshold = 0.3970500972131106 and entailment_threshold = 0.7000000000000001
Accuracy: 0.4351464435146444
F1 micro: 0.4351464435146444
F1 macro: 0.293859649122807
With contradiction_threshold = 0.3970500972131106 and entailment_threshold = 0.8
Accuracy: 0.32217573221757323
F1 micro: 0.32217573221757323
F1 macro: 0.25014354066985645
With contradiction_threshold = 0.3970500972131106 and entailment_threshold = 0.9
Accuracy: 0.200836820083682
F1 micro: 0.200836820083682
F1 macro: 0.19240249383790053
