With contradiction_threshold = 0.06755897406777933 and entailment_threshold = 0.003566156391521469 * COMPUTED THRESHOLDS
Accuracy: 0.29906542056074764
F1 micro: 0.29906542056074764
F1 macro: 0.23669646658152407
With contradiction_threshold = 0.1 and entailment_threshold = 0.003566156391521469
Accuracy: 0.2897196261682243
F1 micro: 0.2897196261682243
F1 macro: 0.2257834757834758
With contradiction_threshold = 0.2 and entailment_threshold = 0.003566156391521469
Accuracy: 0.308411214953271
F1 micro: 0.308411214953271
F1 macro: 0.2292682926829269
With contradiction_threshold = 0.30000000000000004 and entailment_threshold = 0.003566156391521469
Accuracy: 0.29906542056074764
F1 micro: 0.29906542056074764
F1 macro: 0.19444444444444445
With contradiction_threshold = 0.4 and entailment_threshold = 0.003566156391521469
Accuracy: 0.3177570093457944
F1 micro: 0.3177570093457944
F1 macro: 0.20634920634920637
With contradiction_threshold = 0.5 and entailment_threshold = 0.003566156391521469
Accuracy: 0.3177570093457944
F1 micro: 0.3177570093457944
F1 macro: 0.20634920634920637
With contradiction_threshold = 0.6 and entailment_threshold = 0.003566156391521469
Accuracy: 0.3177570093457944
F1 micro: 0.3177570093457944
F1 macro: 0.20634920634920637
With contradiction_threshold = 0.7000000000000001 and entailment_threshold = 0.003566156391521469
Accuracy: 0.308411214953271
F1 micro: 0.308411214953271
F1 macro: 0.17460317460317462
With contradiction_threshold = 0.8 and entailment_threshold = 0.003566156391521469
Accuracy: 0.308411214953271
F1 micro: 0.308411214953271
F1 macro: 0.17460317460317462
With contradiction_threshold = 0.9 and entailment_threshold = 0.003566156391521469
Accuracy: 0.308411214953271
F1 micro: 0.308411214953271
F1 macro: 0.17460317460317462
With contradiction_threshold = 0.06755897406777933 and entailment_threshold = 0.1
Accuracy: 0.14018691588785046
F1 micro: 0.14018691588785046
F1 macro: 0.14590347923681257
With contradiction_threshold = 0.06755897406777933 and entailment_threshold = 0.2
Accuracy: 0.09345794392523364
F1 micro: 0.09345794392523364
F1 macro: 0.1149425287356322
With contradiction_threshold = 0.06755897406777933 and entailment_threshold = 0.30000000000000004
Accuracy: 0.09345794392523364
F1 micro: 0.09345794392523364
F1 macro: 0.1149425287356322
With contradiction_threshold = 0.06755897406777933 and entailment_threshold = 0.4
Accuracy: 0.09345794392523364
F1 micro: 0.09345794392523364
F1 macro: 0.1149425287356322
With contradiction_threshold = 0.06755897406777933 and entailment_threshold = 0.5
Accuracy: 0.09345794392523364
F1 micro: 0.09345794392523364
F1 macro: 0.1149425287356322
With contradiction_threshold = 0.06755897406777933 and entailment_threshold = 0.6
Accuracy: 0.09345794392523364
F1 micro: 0.09345794392523364
F1 macro: 0.1149425287356322
With contradiction_threshold = 0.06755897406777933 and entailment_threshold = 0.7000000000000001
Accuracy: 0.09345794392523364
F1 micro: 0.09345794392523364
F1 macro: 0.1149425287356322
With contradiction_threshold = 0.06755897406777933 and entailment_threshold = 0.8
Accuracy: 0.09345794392523364
F1 micro: 0.09345794392523364
F1 macro: 0.1149425287356322
With contradiction_threshold = 0.06755897406777933 and entailment_threshold = 0.9
Accuracy: 0.09345794392523364
F1 micro: 0.09345794392523364
F1 macro: 0.1149425287356322
