With contradiction_threshold = 0.005675304756232791 and entailment_threshold = 0.0038067213883152817 * COMPUTED THRESHOLDS
Accuracy: 0.14953271028037382
F1 micro: 0.14953271028037382
F1 macro: 0.138903960933261
With contradiction_threshold = 0.1 and entailment_threshold = 0.0038067213883152817
Accuracy: 0.1588785046728972
F1 micro: 0.1588785046728972
F1 macro: 0.15333333333333335
With contradiction_threshold = 0.2 and entailment_threshold = 0.0038067213883152817
Accuracy: 0.16822429906542055
F1 micro: 0.16822429906542055
F1 macro: 0.15294258659954452
With contradiction_threshold = 0.30000000000000004 and entailment_threshold = 0.0038067213883152817
Accuracy: 0.16822429906542055
F1 micro: 0.16822429906542055
F1 macro: 0.15911542610571736
With contradiction_threshold = 0.4 and entailment_threshold = 0.0038067213883152817
Accuracy: 0.16822429906542055
F1 micro: 0.16822429906542055
F1 macro: 0.1641659311562224
With contradiction_threshold = 0.5 and entailment_threshold = 0.0038067213883152817
Accuracy: 0.16822429906542055
F1 micro: 0.16822429906542055
F1 macro: 0.1641659311562224
With contradiction_threshold = 0.6 and entailment_threshold = 0.0038067213883152817
Accuracy: 0.14953271028037382
F1 micro: 0.14953271028037382
F1 macro: 0.1035598705501618
With contradiction_threshold = 0.7000000000000001 and entailment_threshold = 0.0038067213883152817
Accuracy: 0.14953271028037382
F1 micro: 0.14953271028037382
F1 macro: 0.1035598705501618
With contradiction_threshold = 0.8 and entailment_threshold = 0.0038067213883152817
Accuracy: 0.14953271028037382
F1 micro: 0.14953271028037382
F1 macro: 0.1035598705501618
With contradiction_threshold = 0.9 and entailment_threshold = 0.0038067213883152817
Accuracy: 0.14953271028037382
F1 micro: 0.14953271028037382
F1 macro: 0.1035598705501618
With contradiction_threshold = 0.005675304756232791 and entailment_threshold = 0.1
Accuracy: 0.11214953271028037
F1 micro: 0.11214953271028037
F1 macro: 0.11080736285766357
With contradiction_threshold = 0.005675304756232791 and entailment_threshold = 0.2
Accuracy: 0.08411214953271028
F1 micro: 0.08411214953271028
F1 macro: 0.09001883239171375
With contradiction_threshold = 0.005675304756232791 and entailment_threshold = 0.30000000000000004
Accuracy: 0.06542056074766354
F1 micro: 0.06542056074766354
F1 macro: 0.07424242424242425
With contradiction_threshold = 0.005675304756232791 and entailment_threshold = 0.4
Accuracy: 0.056074766355140186
F1 micro: 0.056074766355140186
F1 macro: 0.06557377049180328
With contradiction_threshold = 0.005675304756232791 and entailment_threshold = 0.5
Accuracy: 0.056074766355140186
F1 micro: 0.056074766355140186
F1 macro: 0.06557377049180328
With contradiction_threshold = 0.005675304756232791 and entailment_threshold = 0.6
Accuracy: 0.056074766355140186
F1 micro: 0.056074766355140186
F1 macro: 0.06557377049180328
With contradiction_threshold = 0.005675304756232791 and entailment_threshold = 0.7000000000000001
Accuracy: 0.056074766355140186
F1 micro: 0.056074766355140186
F1 macro: 0.06557377049180328
With contradiction_threshold = 0.005675304756232791 and entailment_threshold = 0.8
Accuracy: 0.056074766355140186
F1 micro: 0.056074766355140186
F1 macro: 0.06557377049180328
With contradiction_threshold = 0.005675304756232791 and entailment_threshold = 0.9
Accuracy: 0.056074766355140186
F1 micro: 0.056074766355140186
F1 macro: 0.06557377049180328
