With contradiction_threshold = 0.004116300498935743 and entailment_threshold = 0.0019834190920455796 * COMPUTED THRESHOLDS
Accuracy: 0.1588785046728972
F1 micro: 0.1588785046728972
F1 macro: 0.14350877192982456
With contradiction_threshold = 0.1 and entailment_threshold = 0.0019834190920455796
Accuracy: 0.14018691588785046
F1 micro: 0.14018691588785046
F1 macro: 0.13183949973944764
With contradiction_threshold = 0.2 and entailment_threshold = 0.0019834190920455796
Accuracy: 0.1588785046728972
F1 micro: 0.1588785046728972
F1 macro: 0.14743589743589744
With contradiction_threshold = 0.30000000000000004 and entailment_threshold = 0.0019834190920455796
Accuracy: 0.1588785046728972
F1 micro: 0.1588785046728972
F1 macro: 0.1517094017094017
With contradiction_threshold = 0.4 and entailment_threshold = 0.0019834190920455796
Accuracy: 0.1588785046728972
F1 micro: 0.1588785046728972
F1 macro: 0.15675990675990675
With contradiction_threshold = 0.5 and entailment_threshold = 0.0019834190920455796
Accuracy: 0.14953271028037382
F1 micro: 0.14953271028037382
F1 macro: 0.1278998778998779
With contradiction_threshold = 0.6 and entailment_threshold = 0.0019834190920455796
Accuracy: 0.14018691588785046
F1 micro: 0.14018691588785046
F1 macro: 0.09615384615384615
With contradiction_threshold = 0.7000000000000001 and entailment_threshold = 0.0019834190920455796
Accuracy: 0.14018691588785046
F1 micro: 0.14018691588785046
F1 macro: 0.09615384615384615
With contradiction_threshold = 0.8 and entailment_threshold = 0.0019834190920455796
Accuracy: 0.14018691588785046
F1 micro: 0.14018691588785046
F1 macro: 0.09615384615384615
With contradiction_threshold = 0.9 and entailment_threshold = 0.0019834190920455796
Accuracy: 0.14018691588785046
F1 micro: 0.14018691588785046
F1 macro: 0.09615384615384615
With contradiction_threshold = 0.004116300498935743 and entailment_threshold = 0.1
Accuracy: 0.11214953271028037
F1 micro: 0.11214953271028037
F1 macro: 0.10877192982456141
With contradiction_threshold = 0.004116300498935743 and entailment_threshold = 0.2
Accuracy: 0.08411214953271028
F1 micro: 0.08411214953271028
F1 macro: 0.08840579710144929
With contradiction_threshold = 0.004116300498935743 and entailment_threshold = 0.30000000000000004
Accuracy: 0.06542056074766354
F1 micro: 0.06542056074766354
F1 macro: 0.07314952806756085
With contradiction_threshold = 0.004116300498935743 and entailment_threshold = 0.4
Accuracy: 0.056074766355140186
F1 micro: 0.056074766355140186
F1 macro: 0.06451612903225805
With contradiction_threshold = 0.004116300498935743 and entailment_threshold = 0.5
Accuracy: 0.056074766355140186
F1 micro: 0.056074766355140186
F1 macro: 0.06451612903225805
With contradiction_threshold = 0.004116300498935743 and entailment_threshold = 0.6
Accuracy: 0.056074766355140186
F1 micro: 0.056074766355140186
F1 macro: 0.06451612903225805
With contradiction_threshold = 0.004116300498935743 and entailment_threshold = 0.7000000000000001
Accuracy: 0.056074766355140186
F1 micro: 0.056074766355140186
F1 macro: 0.06451612903225805
With contradiction_threshold = 0.004116300498935743 and entailment_threshold = 0.8
Accuracy: 0.056074766355140186
F1 micro: 0.056074766355140186
F1 macro: 0.06451612903225805
With contradiction_threshold = 0.004116300498935743 and entailment_threshold = 0.9
Accuracy: 0.056074766355140186
F1 micro: 0.056074766355140186
F1 macro: 0.06451612903225805
