With contradiction_threshold = 0.06818034635540471 and entailment_threshold = 0.003523731603024327 * COMPUTED THRESHOLDS
Accuracy: 0.3177570093457944
F1 micro: 0.3177570093457944
F1 macro: 0.24945675793133423
With contradiction_threshold = 0.1 and entailment_threshold = 0.003523731603024327
Accuracy: 0.2897196261682243
F1 micro: 0.2897196261682243
F1 macro: 0.22096672944130571
With contradiction_threshold = 0.2 and entailment_threshold = 0.003523731603024327
Accuracy: 0.3177570093457944
F1 micro: 0.3177570093457944
F1 macro: 0.2333333333333333
With contradiction_threshold = 0.30000000000000004 and entailment_threshold = 0.003523731603024327
Accuracy: 0.308411214953271
F1 micro: 0.308411214953271
F1 macro: 0.19844444444444445
With contradiction_threshold = 0.4 and entailment_threshold = 0.003523731603024327
Accuracy: 0.32710280373831774
F1 micro: 0.32710280373831774
F1 macro: 0.21022372203474568
With contradiction_threshold = 0.5 and entailment_threshold = 0.003523731603024327
Accuracy: 0.32710280373831774
F1 micro: 0.32710280373831774
F1 macro: 0.21022372203474568
With contradiction_threshold = 0.6 and entailment_threshold = 0.003523731603024327
Accuracy: 0.32710280373831774
F1 micro: 0.32710280373831774
F1 macro: 0.21022372203474568
With contradiction_threshold = 0.7000000000000001 and entailment_threshold = 0.003523731603024327
Accuracy: 0.3177570093457944
F1 micro: 0.3177570093457944
F1 macro: 0.17847769028871394
With contradiction_threshold = 0.8 and entailment_threshold = 0.003523731603024327
Accuracy: 0.3177570093457944
F1 micro: 0.3177570093457944
F1 macro: 0.17847769028871394
With contradiction_threshold = 0.9 and entailment_threshold = 0.003523731603024327
Accuracy: 0.3177570093457944
F1 micro: 0.3177570093457944
F1 macro: 0.17847769028871394
With contradiction_threshold = 0.06818034635540471 and entailment_threshold = 0.1
Accuracy: 0.1308411214953271
F1 micro: 0.1308411214953271
F1 macro: 0.1433804290947148
With contradiction_threshold = 0.06818034635540471 and entailment_threshold = 0.2
Accuracy: 0.08411214953271028
F1 micro: 0.08411214953271028
F1 macro: 0.10909090909090909
With contradiction_threshold = 0.06818034635540471 and entailment_threshold = 0.30000000000000004
Accuracy: 0.08411214953271028
F1 micro: 0.08411214953271028
F1 macro: 0.10909090909090909
With contradiction_threshold = 0.06818034635540471 and entailment_threshold = 0.4
Accuracy: 0.08411214953271028
F1 micro: 0.08411214953271028
F1 macro: 0.10909090909090909
With contradiction_threshold = 0.06818034635540471 and entailment_threshold = 0.5
Accuracy: 0.08411214953271028
F1 micro: 0.08411214953271028
F1 macro: 0.10909090909090909
With contradiction_threshold = 0.06818034635540471 and entailment_threshold = 0.6
Accuracy: 0.08411214953271028
F1 micro: 0.08411214953271028
F1 macro: 0.10909090909090909
With contradiction_threshold = 0.06818034635540471 and entailment_threshold = 0.7000000000000001
Accuracy: 0.08411214953271028
F1 micro: 0.08411214953271028
F1 macro: 0.10909090909090909
With contradiction_threshold = 0.06818034635540471 and entailment_threshold = 0.8
Accuracy: 0.08411214953271028
F1 micro: 0.08411214953271028
F1 macro: 0.10909090909090909
With contradiction_threshold = 0.06818034635540471 and entailment_threshold = 0.9
Accuracy: 0.08411214953271028
F1 micro: 0.08411214953271028
F1 macro: 0.10909090909090909
