With contradiction_threshold = 0.33884017272718836 and entailment_threshold = 0.7112312663361193 * COMPUTED THRESHOLDS
Accuracy: 0.5887850467289719
F1 micro: 0.5887850467289719
F1 macro: 0.2939331970006817
With contradiction_threshold = 0.1 and entailment_threshold = 0.7112312663361193
Accuracy: 0.6074766355140186
F1 micro: 0.6074766355140186
F1 macro: 0.30745976704899086
With contradiction_threshold = 0.2 and entailment_threshold = 0.7112312663361193
Accuracy: 0.6074766355140186
F1 micro: 0.6074766355140186
F1 macro: 0.31150425643220625
With contradiction_threshold = 0.30000000000000004 and entailment_threshold = 0.7112312663361193
Accuracy: 0.6074766355140186
F1 micro: 0.6074766355140186
F1 macro: 0.32792012510525687
With contradiction_threshold = 0.4 and entailment_threshold = 0.7112312663361193
Accuracy: 0.5794392523364486
F1 micro: 0.5794392523364486
F1 macro: 0.27615541922290393
With contradiction_threshold = 0.5 and entailment_threshold = 0.7112312663361193
Accuracy: 0.5794392523364486
F1 micro: 0.5794392523364486
F1 macro: 0.2784742598026141
With contradiction_threshold = 0.6 and entailment_threshold = 0.7112312663361193
Accuracy: 0.5794392523364486
F1 micro: 0.5794392523364486
F1 macro: 0.2797917828592676
With contradiction_threshold = 0.7000000000000001 and entailment_threshold = 0.7112312663361193
Accuracy: 0.5794392523364486
F1 micro: 0.5794392523364486
F1 macro: 0.2797917828592676
With contradiction_threshold = 0.8 and entailment_threshold = 0.7112312663361193
Accuracy: 0.5794392523364486
F1 micro: 0.5794392523364486
F1 macro: 0.281234784302269
With contradiction_threshold = 0.9 and entailment_threshold = 0.7112312663361193
Accuracy: 0.5700934579439252
F1 micro: 0.5700934579439252
F1 macro: 0.24948875255623726
With contradiction_threshold = 0.33884017272718836 and entailment_threshold = 0.1
Accuracy: 0.8037383177570093
F1 micro: 0.8037383177570093
F1 macro: 0.4885044388800365
With contradiction_threshold = 0.33884017272718836 and entailment_threshold = 0.2
Accuracy: 0.8037383177570093
F1 micro: 0.8037383177570093
F1 macro: 0.4885044388800365
With contradiction_threshold = 0.33884017272718836 and entailment_threshold = 0.30000000000000004
Accuracy: 0.8037383177570093
F1 micro: 0.8037383177570093
F1 macro: 0.4885044388800365
With contradiction_threshold = 0.33884017272718836 and entailment_threshold = 0.4
Accuracy: 0.8037383177570093
F1 micro: 0.8037383177570093
F1 macro: 0.4885044388800365
With contradiction_threshold = 0.33884017272718836 and entailment_threshold = 0.5
Accuracy: 0.794392523364486
F1 micro: 0.794392523364486
F1 macro: 0.48377192982456146
With contradiction_threshold = 0.33884017272718836 and entailment_threshold = 0.6
Accuracy: 0.7663551401869159
F1 micro: 0.766355140186916
F1 macro: 0.3159636062861869
With contradiction_threshold = 0.33884017272718836 and entailment_threshold = 0.7000000000000001
Accuracy: 0.6074766355140186
F1 micro: 0.6074766355140186
F1 macro: 0.298989898989899
With contradiction_threshold = 0.33884017272718836 and entailment_threshold = 0.8
Accuracy: 0.5046728971962616
F1 micro: 0.5046728971962616
F1 macro: 0.2740250183958793
With contradiction_threshold = 0.33884017272718836 and entailment_threshold = 0.9
Accuracy: 0.34579439252336447
F1 micro: 0.34579439252336447
F1 macro: 0.22256149279050041
