With contradiction_threshold = 0.5937228539529826 and entailment_threshold = 0.7522482874251182 * COMPUTED THRESHOLDS
Accuracy: 0.5564853556485355
F1 micro: 0.5564853556485355
F1 macro: 0.31545338441890164
With contradiction_threshold = 0.1 and entailment_threshold = 0.7522482874251182
Accuracy: 0.5899581589958159
F1 micro: 0.5899581589958159
F1 macro: 0.32541292379020575
With contradiction_threshold = 0.2 and entailment_threshold = 0.7522482874251182
Accuracy: 0.5899581589958159
F1 micro: 0.5899581589958159
F1 macro: 0.32541292379020575
With contradiction_threshold = 0.30000000000000004 and entailment_threshold = 0.7522482874251182
Accuracy: 0.5857740585774058
F1 micro: 0.5857740585774058
F1 macro: 0.32546339442891165
With contradiction_threshold = 0.4 and entailment_threshold = 0.7522482874251182
Accuracy: 0.5774058577405857
F1 micro: 0.5774058577405857
F1 macro: 0.32471264367816094
With contradiction_threshold = 0.5 and entailment_threshold = 0.7522482874251182
Accuracy: 0.5690376569037657
F1 micro: 0.5690376569037657
F1 macro: 0.3217005954853898
With contradiction_threshold = 0.6 and entailment_threshold = 0.7522482874251182
Accuracy: 0.5564853556485355
F1 micro: 0.5564853556485355
F1 macro: 0.31545338441890164
With contradiction_threshold = 0.7000000000000001 and entailment_threshold = 0.7522482874251182
Accuracy: 0.5439330543933054
F1 micro: 0.5439330543933054
F1 macro: 0.2916937757536326
With contradiction_threshold = 0.8 and entailment_threshold = 0.7522482874251182
Accuracy: 0.5439330543933054
F1 micro: 0.5439330543933054
F1 macro: 0.2947126436781609
With contradiction_threshold = 0.9 and entailment_threshold = 0.7522482874251182
Accuracy: 0.5439330543933054
F1 micro: 0.5439330543933054
F1 macro: 0.29811689899730986
With contradiction_threshold = 0.5937228539529826 and entailment_threshold = 0.1
Accuracy: 0.7656903765690377
F1 micro: 0.7656903765690377
F1 macro: 0.36165577342047933
With contradiction_threshold = 0.5937228539529826 and entailment_threshold = 0.2
Accuracy: 0.7656903765690377
F1 micro: 0.7656903765690377
F1 macro: 0.36165577342047933
With contradiction_threshold = 0.5937228539529826 and entailment_threshold = 0.30000000000000004
Accuracy: 0.7656903765690377
F1 micro: 0.7656903765690377
F1 macro: 0.36165577342047933
With contradiction_threshold = 0.5937228539529826 and entailment_threshold = 0.4
Accuracy: 0.7656903765690377
F1 micro: 0.7656903765690377
F1 macro: 0.36165577342047933
With contradiction_threshold = 0.5937228539529826 and entailment_threshold = 0.5
Accuracy: 0.7364016736401674
F1 micro: 0.7364016736401673
F1 macro: 0.35574074074074075
With contradiction_threshold = 0.5937228539529826 and entailment_threshold = 0.6
Accuracy: 0.6485355648535565
F1 micro: 0.6485355648535565
F1 macro: 0.33859596862277824
With contradiction_threshold = 0.5937228539529826 and entailment_threshold = 0.7000000000000001
Accuracy: 0.5899581589958159
F1 micro: 0.5899581589958159
F1 macro: 0.324307500778089
With contradiction_threshold = 0.5937228539529826 and entailment_threshold = 0.8
Accuracy: 0.5481171548117155
F1 micro: 0.5481171548117155
F1 macro: 0.3136876006441223
With contradiction_threshold = 0.5937228539529826 and entailment_threshold = 0.9
Accuracy: 0.4769874476987448
F1 micro: 0.4769874476987448
F1 macro: 0.29356125356125357
