With contradiction_threshold = 0.3066000507824356 and entailment_threshold = 0.5892463317140937 * COMPUTED THRESHOLDS
Accuracy: 0.3305439330543933
F1 micro: 0.3305439330543933
F1 macro: 0.2159391534391534
With contradiction_threshold = 0.1 and entailment_threshold = 0.5892463317140937
Accuracy: 0.3305439330543933
F1 micro: 0.3305439330543933
F1 macro: 0.21527777777777776
With contradiction_threshold = 0.2 and entailment_threshold = 0.5892463317140937
Accuracy: 0.3305439330543933
F1 micro: 0.3305439330543933
F1 macro: 0.21527777777777776
With contradiction_threshold = 0.30000000000000004 and entailment_threshold = 0.5892463317140937
Accuracy: 0.3305439330543933
F1 micro: 0.3305439330543933
F1 macro: 0.2159391534391534
With contradiction_threshold = 0.4 and entailment_threshold = 0.5892463317140937
Accuracy: 0.3305439330543933
F1 micro: 0.3305439330543933
F1 macro: 0.21732695810564662
With contradiction_threshold = 0.5 and entailment_threshold = 0.5892463317140937
Accuracy: 0.3263598326359833
F1 micro: 0.3263598326359833
F1 macro: 0.20750941619585683
With contradiction_threshold = 0.6 and entailment_threshold = 0.5892463317140937
Accuracy: 0.3263598326359833
F1 micro: 0.3263598326359833
F1 macro: 0.2128267973856209
With contradiction_threshold = 0.7000000000000001 and entailment_threshold = 0.5892463317140937
Accuracy: 0.3263598326359833
F1 micro: 0.3263598326359833
F1 macro: 0.21527777777777776
With contradiction_threshold = 0.8 and entailment_threshold = 0.5892463317140937
Accuracy: 0.32217573221757323
F1 micro: 0.32217573221757323
F1 macro: 0.20197990543735223
With contradiction_threshold = 0.9 and entailment_threshold = 0.5892463317140937
Accuracy: 0.32217573221757323
F1 micro: 0.32217573221757323
F1 macro: 0.20259661835748788
With contradiction_threshold = 0.3066000507824356 and entailment_threshold = 0.1
Accuracy: 0.3723849372384937
F1 micro: 0.3723849372384937
F1 macro: 0.22884696016771489
With contradiction_threshold = 0.3066000507824356 and entailment_threshold = 0.2
Accuracy: 0.3723849372384937
F1 micro: 0.3723849372384937
F1 macro: 0.22884696016771489
With contradiction_threshold = 0.3066000507824356 and entailment_threshold = 0.30000000000000004
Accuracy: 0.3682008368200837
F1 micro: 0.36820083682008364
F1 macro: 0.22725647335983679
With contradiction_threshold = 0.3066000507824356 and entailment_threshold = 0.4
Accuracy: 0.3682008368200837
F1 micro: 0.36820083682008364
F1 macro: 0.22725647335983679
With contradiction_threshold = 0.3066000507824356 and entailment_threshold = 0.5
Accuracy: 0.36401673640167365
F1 micro: 0.36401673640167365
F1 macro: 0.22565531214385207
With contradiction_threshold = 0.3066000507824356 and entailment_threshold = 0.6
Accuracy: 0.3305439330543933
F1 micro: 0.3305439330543933
F1 macro: 0.2159391534391534
With contradiction_threshold = 0.3066000507824356 and entailment_threshold = 0.7000000000000001
Accuracy: 0.30962343096234307
F1 micro: 0.30962343096234307
F1 macro: 0.23207207207207212
With contradiction_threshold = 0.3066000507824356 and entailment_threshold = 0.8
Accuracy: 0.2928870292887029
F1 micro: 0.2928870292887029
F1 macro: 0.22572758632238185
With contradiction_threshold = 0.3066000507824356 and entailment_threshold = 0.9
Accuracy: 0.2594142259414226
F1 micro: 0.2594142259414226
F1 macro: 0.2100031065548307
