With contradiction_threshold = 0.32851743585092463 and entailment_threshold = 0.6933450550526494 * COMPUTED THRESHOLDS
Accuracy: 0.3054393305439331
F1 micro: 0.3054393305439331
F1 macro: 0.2175895323808071
With contradiction_threshold = 0.1 and entailment_threshold = 0.6933450550526494
Accuracy: 0.3138075313807531
F1 micro: 0.3138075313807531
F1 macro: 0.23142694280828424
With contradiction_threshold = 0.2 and entailment_threshold = 0.6933450550526494
Accuracy: 0.3138075313807531
F1 micro: 0.3138075313807531
F1 macro: 0.23236261532290414
With contradiction_threshold = 0.30000000000000004 and entailment_threshold = 0.6933450550526494
Accuracy: 0.3138075313807531
F1 micro: 0.3138075313807531
F1 macro: 0.2333235762838651
With contradiction_threshold = 0.4 and entailment_threshold = 0.6933450550526494
Accuracy: 0.2928870292887029
F1 micro: 0.2928870292887029
F1 macro: 0.19514980929653877
With contradiction_threshold = 0.5 and entailment_threshold = 0.6933450550526494
Accuracy: 0.2928870292887029
F1 micro: 0.2928870292887029
F1 macro: 0.19696578992607872
With contradiction_threshold = 0.6 and entailment_threshold = 0.6933450550526494
Accuracy: 0.2928870292887029
F1 micro: 0.2928870292887029
F1 macro: 0.20046719048630282
With contradiction_threshold = 0.7000000000000001 and entailment_threshold = 0.6933450550526494
Accuracy: 0.2928870292887029
F1 micro: 0.2928870292887029
F1 macro: 0.2038046957011547
With contradiction_threshold = 0.8 and entailment_threshold = 0.6933450550526494
Accuracy: 0.28870292887029286
F1 micro: 0.28870292887029286
F1 macro: 0.19023701145816982
With contradiction_threshold = 0.9 and entailment_threshold = 0.6933450550526494
Accuracy: 0.28870292887029286
F1 micro: 0.28870292887029286
F1 macro: 0.19088113384142266
With contradiction_threshold = 0.32851743585092463 and entailment_threshold = 0.1
Accuracy: 0.3807531380753138
F1 micro: 0.3807531380753138
F1 macro: 0.23208090039773208
With contradiction_threshold = 0.32851743585092463 and entailment_threshold = 0.2
Accuracy: 0.3807531380753138
F1 micro: 0.3807531380753138
F1 macro: 0.23208090039773208
With contradiction_threshold = 0.32851743585092463 and entailment_threshold = 0.30000000000000004
Accuracy: 0.37656903765690375
F1 micro: 0.37656903765690375
F1 macro: 0.23051451859398878
With contradiction_threshold = 0.32851743585092463 and entailment_threshold = 0.4
Accuracy: 0.37656903765690375
F1 micro: 0.37656903765690375
F1 macro: 0.23051451859398878
With contradiction_threshold = 0.32851743585092463 and entailment_threshold = 0.5
Accuracy: 0.37656903765690375
F1 micro: 0.37656903765690375
F1 macro: 0.23051451859398878
With contradiction_threshold = 0.32851743585092463 and entailment_threshold = 0.6
Accuracy: 0.33472803347280333
F1 micro: 0.33472803347280333
F1 macro: 0.20913242009132418
With contradiction_threshold = 0.32851743585092463 and entailment_threshold = 0.7000000000000001
Accuracy: 0.3054393305439331
F1 micro: 0.3054393305439331
F1 macro: 0.2175895323808071
With contradiction_threshold = 0.32851743585092463 and entailment_threshold = 0.8
Accuracy: 0.28451882845188287
F1 micro: 0.28451882845188287
F1 macro: 0.2094244479221005
With contradiction_threshold = 0.32851743585092463 and entailment_threshold = 0.9
Accuracy: 0.25523012552301255
F1 micro: 0.25523012552301255
F1 macro: 0.19575501169246148
