With contradiction_threshold = 0.322386697344335 and entailment_threshold = 0.22262638102476728 * COMPUTED THRESHOLDS
Accuracy: 0.47280334728033474
F1 micro: 0.47280334728033474
F1 macro: 0.3178201109235592
With contradiction_threshold = 0.1 and entailment_threshold = 0.22262638102476728
Accuracy: 0.4769874476987448
F1 micro: 0.4769874476987448
F1 macro: 0.3036094220140751
With contradiction_threshold = 0.2 and entailment_threshold = 0.22262638102476728
Accuracy: 0.47280334728033474
F1 micro: 0.47280334728033474
F1 macro: 0.3091527219744801
With contradiction_threshold = 0.30000000000000004 and entailment_threshold = 0.22262638102476728
Accuracy: 0.47280334728033474
F1 micro: 0.47280334728033474
F1 macro: 0.3162661093695576
With contradiction_threshold = 0.4 and entailment_threshold = 0.22262638102476728
Accuracy: 0.4686192468619247
F1 micro: 0.4686192468619247
F1 macro: 0.31203020190784375
With contradiction_threshold = 0.5 and entailment_threshold = 0.22262638102476728
Accuracy: 0.46443514644351463
F1 micro: 0.46443514644351463
F1 macro: 0.3034722222222222
With contradiction_threshold = 0.6 and entailment_threshold = 0.22262638102476728
Accuracy: 0.4602510460251046
F1 micro: 0.4602510460251046
F1 macro: 0.2922439878961618
With contradiction_threshold = 0.7000000000000001 and entailment_threshold = 0.22262638102476728
Accuracy: 0.4476987447698745
F1 micro: 0.4476987447698745
F1 macro: 0.26183253888006164
With contradiction_threshold = 0.8 and entailment_threshold = 0.22262638102476728
Accuracy: 0.4476987447698745
F1 micro: 0.4476987447698745
F1 macro: 0.26183253888006164
With contradiction_threshold = 0.9 and entailment_threshold = 0.22262638102476728
Accuracy: 0.4476987447698745
F1 micro: 0.4476987447698745
F1 macro: 0.26183253888006164
With contradiction_threshold = 0.322386697344335 and entailment_threshold = 0.1
Accuracy: 0.5774058577405857
F1 micro: 0.5774058577405857
F1 macro: 0.3491922335852971
With contradiction_threshold = 0.322386697344335 and entailment_threshold = 0.2
Accuracy: 0.49372384937238495
F1 micro: 0.49372384937238495
F1 macro: 0.3247863247863248
With contradiction_threshold = 0.322386697344335 and entailment_threshold = 0.30000000000000004
Accuracy: 0.42677824267782427
F1 micro: 0.42677824267782427
F1 macro: 0.30234694729808737
With contradiction_threshold = 0.322386697344335 and entailment_threshold = 0.4
Accuracy: 0.3389121338912134
F1 micro: 0.3389121338912134
F1 macro: 0.275526283174873
With contradiction_threshold = 0.322386697344335 and entailment_threshold = 0.5
Accuracy: 0.301255230125523
F1 micro: 0.301255230125523
F1 macro: 0.25735294117647056
With contradiction_threshold = 0.322386697344335 and entailment_threshold = 0.6
Accuracy: 0.18410041841004185
F1 micro: 0.18410041841004182
F1 macro: 0.20193686526410906
With contradiction_threshold = 0.322386697344335 and entailment_threshold = 0.7000000000000001
Accuracy: 0.1506276150627615
F1 micro: 0.1506276150627615
F1 macro: 0.18067632850241547
With contradiction_threshold = 0.322386697344335 and entailment_threshold = 0.8
Accuracy: 0.14644351464435146
F1 micro: 0.14644351464435146
F1 macro: 0.17836257309941525
With contradiction_threshold = 0.322386697344335 and entailment_threshold = 0.9
Accuracy: 0.13389121338912133
F1 micro: 0.13389121338912133
F1 macro: 0.1703703703703704
