With contradiction_threshold = 0.3244398694803956 and entailment_threshold = 0.20431405910704825 * COMPUTED THRESHOLDS
Accuracy: 0.5271966527196653
F1 micro: 0.5271966527196653
F1 macro: 0.3339418279177315
With contradiction_threshold = 0.1 and entailment_threshold = 0.20431405910704825
Accuracy: 0.5313807531380753
F1 micro: 0.5313807531380753
F1 macro: 0.32459839357429715
With contradiction_threshold = 0.2 and entailment_threshold = 0.20431405910704825
Accuracy: 0.5271966527196653
F1 micro: 0.5271966527196653
F1 macro: 0.3281698221457257
With contradiction_threshold = 0.30000000000000004 and entailment_threshold = 0.20431405910704825
Accuracy: 0.5271966527196653
F1 micro: 0.5271966527196653
F1 macro: 0.3324342144698195
With contradiction_threshold = 0.4 and entailment_threshold = 0.20431405910704825
Accuracy: 0.5188284518828452
F1 micro: 0.5188284518828452
F1 macro: 0.3203634208967015
With contradiction_threshold = 0.5 and entailment_threshold = 0.20431405910704825
Accuracy: 0.5271966527196653
F1 micro: 0.5271966527196653
F1 macro: 0.32095959595959594
With contradiction_threshold = 0.6 and entailment_threshold = 0.20431405910704825
Accuracy: 0.5271966527196653
F1 micro: 0.5271966527196653
F1 macro: 0.2959532749269921
With contradiction_threshold = 0.7000000000000001 and entailment_threshold = 0.20431405910704825
Accuracy: 0.5188284518828452
F1 micro: 0.5188284518828452
F1 macro: 0.27096171802054153
With contradiction_threshold = 0.8 and entailment_threshold = 0.20431405910704825
Accuracy: 0.5188284518828452
F1 micro: 0.5188284518828452
F1 macro: 0.27096171802054153
With contradiction_threshold = 0.9 and entailment_threshold = 0.20431405910704825
Accuracy: 0.5188284518828452
F1 micro: 0.5188284518828452
F1 macro: 0.27096171802054153
With contradiction_threshold = 0.3244398694803956 and entailment_threshold = 0.1
Accuracy: 0.6150627615062761
F1 micro: 0.6150627615062761
F1 macro: 0.35828709631526534
With contradiction_threshold = 0.3244398694803956 and entailment_threshold = 0.2
Accuracy: 0.5439330543933054
F1 micro: 0.5439330543933054
F1 macro: 0.3391053391053391
With contradiction_threshold = 0.3244398694803956 and entailment_threshold = 0.30000000000000004
Accuracy: 0.4560669456066946
F1 micro: 0.4560669456066946
F1 macro: 0.3112011838126488
With contradiction_threshold = 0.3244398694803956 and entailment_threshold = 0.4
Accuracy: 0.36401673640167365
F1 micro: 0.36401673640167365
F1 macro: 0.2859916445646333
With contradiction_threshold = 0.3244398694803956 and entailment_threshold = 0.5
Accuracy: 0.3263598326359833
F1 micro: 0.3263598326359833
F1 macro: 0.2701241991481442
With contradiction_threshold = 0.3244398694803956 and entailment_threshold = 0.6
Accuracy: 0.20920502092050208
F1 micro: 0.20920502092050206
F1 macro: 0.217687074829932
With contradiction_threshold = 0.3244398694803956 and entailment_threshold = 0.7000000000000001
Accuracy: 0.17573221757322174
F1 micro: 0.17573221757322174
F1 macro: 0.20263987391646965
With contradiction_threshold = 0.3244398694803956 and entailment_threshold = 0.8
Accuracy: 0.16317991631799164
F1 micro: 0.16317991631799164
F1 macro: 0.1954064454064454
With contradiction_threshold = 0.3244398694803956 and entailment_threshold = 0.9
Accuracy: 0.1506276150627615
F1 micro: 0.1506276150627615
F1 macro: 0.18762183235867447
