With contradiction_threshold = 0.17002888718935139 and entailment_threshold = 0.5144768250961751 * COMPUTED THRESHOLDS
Accuracy: 0.616822429906542
F1 micro: 0.616822429906542
F1 macro: 0.36428571428571427
With contradiction_threshold = 0.1 and entailment_threshold = 0.5144768250961751
Accuracy: 0.6261682242990654
F1 micro: 0.6261682242990654
F1 macro: 0.3611111111111111
With contradiction_threshold = 0.2 and entailment_threshold = 0.5144768250961751
Accuracy: 0.616822429906542
F1 micro: 0.616822429906542
F1 macro: 0.375
With contradiction_threshold = 0.30000000000000004 and entailment_threshold = 0.5144768250961751
Accuracy: 0.6074766355140186
F1 micro: 0.6074766355140186
F1 macro: 0.3611111111111111
With contradiction_threshold = 0.4 and entailment_threshold = 0.5144768250961751
Accuracy: 0.5887850467289719
F1 micro: 0.5887850467289719
F1 macro: 0.3333333333333333
With contradiction_threshold = 0.5 and entailment_threshold = 0.5144768250961751
Accuracy: 0.5887850467289719
F1 micro: 0.5887850467289719
F1 macro: 0.3409090909090909
With contradiction_threshold = 0.6 and entailment_threshold = 0.5144768250961751
Accuracy: 0.5794392523364486
F1 micro: 0.5794392523364486
F1 macro: 0.3166666666666666
With contradiction_threshold = 0.7000000000000001 and entailment_threshold = 0.5144768250961751
Accuracy: 0.5607476635514018
F1 micro: 0.5607476635514018
F1 macro: 0.24999999999999997
With contradiction_threshold = 0.8 and entailment_threshold = 0.5144768250961751
Accuracy: 0.5607476635514018
F1 micro: 0.5607476635514018
F1 macro: 0.24999999999999997
With contradiction_threshold = 0.9 and entailment_threshold = 0.5144768250961751
Accuracy: 0.5607476635514018
F1 micro: 0.5607476635514018
F1 macro: 0.24999999999999997
With contradiction_threshold = 0.17002888718935139 and entailment_threshold = 0.1
Accuracy: 0.8317757009345794
F1 micro: 0.8317757009345794
F1 macro: 0.5776315789473685
With contradiction_threshold = 0.17002888718935139 and entailment_threshold = 0.2
Accuracy: 0.8037383177570093
F1 micro: 0.8037383177570093
F1 macro: 0.37923351158645274
With contradiction_threshold = 0.17002888718935139 and entailment_threshold = 0.30000000000000004
Accuracy: 0.7570093457943925
F1 micro: 0.7570093457943925
F1 macro: 0.36904761904761907
With contradiction_threshold = 0.17002888718935139 and entailment_threshold = 0.4
Accuracy: 0.7009345794392523
F1 micro: 0.7009345794392523
F1 macro: 0.3542857142857143
With contradiction_threshold = 0.17002888718935139 and entailment_threshold = 0.5
Accuracy: 0.6728971962616822
F1 micro: 0.6728971962616822
F1 macro: 0.3586206896551724
With contradiction_threshold = 0.17002888718935139 and entailment_threshold = 0.6
Accuracy: 0.514018691588785
F1 micro: 0.514018691588785
F1 macro: 0.3207207207207207
With contradiction_threshold = 0.17002888718935139 and entailment_threshold = 0.7000000000000001
Accuracy: 0.411214953271028
F1 micro: 0.411214953271028
F1 macro: 0.2927131782945736
With contradiction_threshold = 0.17002888718935139 and entailment_threshold = 0.8
Accuracy: 0.3364485981308411
F1 micro: 0.3364485981308411
F1 macro: 0.2693602693602693
With contradiction_threshold = 0.17002888718935139 and entailment_threshold = 0.9
Accuracy: 0.22429906542056074
F1 micro: 0.22429906542056074
F1 macro: 0.21095571095571097
