With contradiction_threshold = 0.11007145713223454 and entailment_threshold = 0.00023483873388840948 * COMPUTED THRESHOLDS
Accuracy: 0.39748953974895396
F1 micro: 0.39748953974895396
F1 macro: 0.2866373406809429
With contradiction_threshold = 0.1 and entailment_threshold = 0.00023483873388840948
Accuracy: 0.39748953974895396
F1 micro: 0.39748953974895396
F1 macro: 0.28582404917403
With contradiction_threshold = 0.2 and entailment_threshold = 0.00023483873388840948
Accuracy: 0.4393305439330544
F1 micro: 0.4393305439330544
F1 macro: 0.3342889908256881
With contradiction_threshold = 0.30000000000000004 and entailment_threshold = 0.00023483873388840948
Accuracy: 0.4435146443514644
F1 micro: 0.4435146443514644
F1 macro: 0.3346965386439071
With contradiction_threshold = 0.4 and entailment_threshold = 0.00023483873388840948
Accuracy: 0.4476987447698745
F1 micro: 0.4476987447698745
F1 macro: 0.3531520134935695
With contradiction_threshold = 0.5 and entailment_threshold = 0.00023483873388840948
Accuracy: 0.4393305439330544
F1 micro: 0.4393305439330544
F1 macro: 0.3350783310066698
With contradiction_threshold = 0.6 and entailment_threshold = 0.00023483873388840948
Accuracy: 0.42677824267782427
F1 micro: 0.42677824267782427
F1 macro: 0.2953405017921147
With contradiction_threshold = 0.7000000000000001 and entailment_threshold = 0.00023483873388840948
Accuracy: 0.4100418410041841
F1 micro: 0.41004184100418406
F1 macro: 0.2391211146838156
With contradiction_threshold = 0.8 and entailment_threshold = 0.00023483873388840948
Accuracy: 0.40585774058577406
F1 micro: 0.40585774058577406
F1 macro: 0.2228817984444994
With contradiction_threshold = 0.9 and entailment_threshold = 0.00023483873388840948
Accuracy: 0.401673640167364
F1 micro: 0.401673640167364
F1 macro: 0.20578778135048229
With contradiction_threshold = 0.11007145713223454 and entailment_threshold = 0.1
Accuracy: 0.35564853556485354
F1 micro: 0.35564853556485354
F1 macro: 0.26865847698970385
With contradiction_threshold = 0.11007145713223454 and entailment_threshold = 0.2
Accuracy: 0.24686192468619247
F1 micro: 0.24686192468619247
F1 macro: 0.20797720797720798
With contradiction_threshold = 0.11007145713223454 and entailment_threshold = 0.30000000000000004
Accuracy: 0.16736401673640167
F1 micro: 0.16736401673640167
F1 macro: 0.1503406154568945
With contradiction_threshold = 0.11007145713223454 and entailment_threshold = 0.4
Accuracy: 0.15481171548117154
F1 micro: 0.15481171548117154
F1 macro: 0.13912231559290383
With contradiction_threshold = 0.11007145713223454 and entailment_threshold = 0.5
Accuracy: 0.15481171548117154
F1 micro: 0.15481171548117154
F1 macro: 0.13912231559290383
With contradiction_threshold = 0.11007145713223454 and entailment_threshold = 0.6
Accuracy: 0.13389121338912133
F1 micro: 0.13389121338912133
F1 macro: 0.12348158775705405
With contradiction_threshold = 0.11007145713223454 and entailment_threshold = 0.7000000000000001
Accuracy: 0.1297071129707113
F1 micro: 0.1297071129707113
F1 macro: 0.12026143790849673
With contradiction_threshold = 0.11007145713223454 and entailment_threshold = 0.8
Accuracy: 0.12133891213389121
F1 micro: 0.12133891213389121
F1 macro: 0.11240310077519382
With contradiction_threshold = 0.11007145713223454 and entailment_threshold = 0.9
Accuracy: 0.12133891213389121
F1 micro: 0.12133891213389121
F1 macro: 0.11240310077519382
