With contradiction_threshold = 0.07232613318091108 and entailment_threshold = 0.003797740469573707 * COMPUTED THRESHOLDS
Accuracy: 0.2803347280334728
F1 micro: 0.2803347280334728
F1 macro: 0.24997234574456317
With contradiction_threshold = 0.1 and entailment_threshold = 0.003797740469573707
Accuracy: 0.2803347280334728
F1 micro: 0.2803347280334728
F1 macro: 0.24997234574456317
With contradiction_threshold = 0.2 and entailment_threshold = 0.003797740469573707
Accuracy: 0.26778242677824265
F1 micro: 0.26778242677824265
F1 macro: 0.25392886683209265
With contradiction_threshold = 0.30000000000000004 and entailment_threshold = 0.003797740469573707
Accuracy: 0.2594142259414226
F1 micro: 0.2594142259414226
F1 macro: 0.252855245683931
With contradiction_threshold = 0.4 and entailment_threshold = 0.003797740469573707
Accuracy: 0.24686192468619247
F1 micro: 0.24686192468619247
F1 macro: 0.23930160903800068
With contradiction_threshold = 0.5 and entailment_threshold = 0.003797740469573707
Accuracy: 0.2510460251046025
F1 micro: 0.2510460251046025
F1 macro: 0.2440062830687831
With contradiction_threshold = 0.6 and entailment_threshold = 0.003797740469573707
Accuracy: 0.2384937238493724
F1 micro: 0.2384937238493724
F1 macro: 0.22067490386146948
With contradiction_threshold = 0.7000000000000001 and entailment_threshold = 0.003797740469573707
Accuracy: 0.22594142259414227
F1 micro: 0.22594142259414227
F1 macro: 0.19121021650204528
With contradiction_threshold = 0.8 and entailment_threshold = 0.003797740469573707
Accuracy: 0.2301255230125523
F1 micro: 0.2301255230125523
F1 macro: 0.1958656330749354
With contradiction_threshold = 0.9 and entailment_threshold = 0.003797740469573707
Accuracy: 0.2301255230125523
F1 micro: 0.2301255230125523
F1 macro: 0.1958656330749354
With contradiction_threshold = 0.07232613318091108 and entailment_threshold = 0.1
Accuracy: 0.26359832635983266
F1 micro: 0.26359832635983266
F1 macro: 0.24129521745021001
With contradiction_threshold = 0.07232613318091108 and entailment_threshold = 0.2
Accuracy: 0.2301255230125523
F1 micro: 0.2301255230125523
F1 macro: 0.22133826488479477
With contradiction_threshold = 0.07232613318091108 and entailment_threshold = 0.30000000000000004
Accuracy: 0.19246861924686193
F1 micro: 0.19246861924686195
F1 macro: 0.19800135501355012
With contradiction_threshold = 0.07232613318091108 and entailment_threshold = 0.4
Accuracy: 0.17154811715481172
F1 micro: 0.17154811715481172
F1 macro: 0.18311484263760003
With contradiction_threshold = 0.07232613318091108 and entailment_threshold = 0.5
Accuracy: 0.17154811715481172
F1 micro: 0.17154811715481172
F1 macro: 0.18311484263760003
With contradiction_threshold = 0.07232613318091108 and entailment_threshold = 0.6
Accuracy: 0.1506276150627615
F1 micro: 0.1506276150627615
F1 macro: 0.16654304504771797
With contradiction_threshold = 0.07232613318091108 and entailment_threshold = 0.7000000000000001
Accuracy: 0.14644351464435146
F1 micro: 0.14644351464435146
F1 macro: 0.1649189585898919
With contradiction_threshold = 0.07232613318091108 and entailment_threshold = 0.8
Accuracy: 0.14644351464435146
F1 micro: 0.14644351464435146
F1 macro: 0.1649189585898919
With contradiction_threshold = 0.07232613318091108 and entailment_threshold = 0.9
Accuracy: 0.14644351464435146
F1 micro: 0.14644351464435146
F1 macro: 0.1649189585898919
