With contradiction_threshold = 0.08112898933745782 and entailment_threshold = 0.006223423726623878 * COMPUTED THRESHOLDS
Accuracy: 0.41841004184100417
F1 micro: 0.4184100418410041
F1 macro: 0.295048880479344
With contradiction_threshold = 0.1 and entailment_threshold = 0.006223423726623878
Accuracy: 0.4225941422594142
F1 micro: 0.4225941422594142
F1 macro: 0.29847062663705054
With contradiction_threshold = 0.2 and entailment_threshold = 0.006223423726623878
Accuracy: 0.47280334728033474
F1 micro: 0.47280334728033474
F1 macro: 0.35215648548981887
With contradiction_threshold = 0.30000000000000004 and entailment_threshold = 0.006223423726623878
Accuracy: 0.4811715481171548
F1 micro: 0.4811715481171548
F1 macro: 0.34744936018821376
With contradiction_threshold = 0.4 and entailment_threshold = 0.006223423726623878
Accuracy: 0.48535564853556484
F1 micro: 0.48535564853556484
F1 macro: 0.37074542897327706
With contradiction_threshold = 0.5 and entailment_threshold = 0.006223423726623878
Accuracy: 0.4769874476987448
F1 micro: 0.4769874476987448
F1 macro: 0.3524165595669276
With contradiction_threshold = 0.6 and entailment_threshold = 0.006223423726623878
Accuracy: 0.46443514644351463
F1 micro: 0.46443514644351463
F1 macro: 0.30763888888888896
With contradiction_threshold = 0.7000000000000001 and entailment_threshold = 0.006223423726623878
Accuracy: 0.4476987447698745
F1 micro: 0.4476987447698745
F1 macro: 0.2514018691588785
With contradiction_threshold = 0.8 and entailment_threshold = 0.006223423726623878
Accuracy: 0.4435146443514644
F1 micro: 0.4435146443514644
F1 macro: 0.2351625529195623
With contradiction_threshold = 0.9 and entailment_threshold = 0.006223423726623878
Accuracy: 0.4393305439330544
F1 micro: 0.4393305439330544
F1 macro: 0.2180685358255452
With contradiction_threshold = 0.08112898933745782 and entailment_threshold = 0.1
Accuracy: 0.3682008368200837
F1 micro: 0.36820083682008364
F1 macro: 0.27294775352489004
With contradiction_threshold = 0.08112898933745782 and entailment_threshold = 0.2
Accuracy: 0.25523012552301255
F1 micro: 0.25523012552301255
F1 macro: 0.21047829596097833
With contradiction_threshold = 0.08112898933745782 and entailment_threshold = 0.30000000000000004
Accuracy: 0.16736401673640167
F1 micro: 0.16736401673640167
F1 macro: 0.14667101354777948
With contradiction_threshold = 0.08112898933745782 and entailment_threshold = 0.4
Accuracy: 0.1506276150627615
F1 micro: 0.1506276150627615
F1 macro: 0.13207070707070706
With contradiction_threshold = 0.08112898933745782 and entailment_threshold = 0.5
Accuracy: 0.15481171548117154
F1 micro: 0.15481171548117154
F1 macro: 0.135322898926824
With contradiction_threshold = 0.08112898933745782 and entailment_threshold = 0.6
Accuracy: 0.13807531380753138
F1 micro: 0.13807531380753138
F1 macro: 0.1227504478434615
With contradiction_threshold = 0.08112898933745782 and entailment_threshold = 0.7000000000000001
Accuracy: 0.13389121338912133
F1 micro: 0.13389121338912133
F1 macro: 0.11953029799490417
With contradiction_threshold = 0.08112898933745782 and entailment_threshold = 0.8
Accuracy: 0.12552301255230125
F1 micro: 0.12552301255230125
F1 macro: 0.11173184357541899
With contradiction_threshold = 0.08112898933745782 and entailment_threshold = 0.9
Accuracy: 0.12552301255230125
F1 micro: 0.12552301255230125
F1 macro: 0.11173184357541899
