With contradiction_threshold = 0.07156881697692086 and entailment_threshold = 0.006412657081540374 * COMPUTED THRESHOLDS
Accuracy: 0.29707112970711297
F1 micro: 0.29707112970711297
F1 macro: 0.2605820105820106
With contradiction_threshold = 0.1 and entailment_threshold = 0.006412657081540374
Accuracy: 0.29707112970711297
F1 micro: 0.29707112970711297
F1 macro: 0.2605820105820106
With contradiction_threshold = 0.2 and entailment_threshold = 0.006412657081540374
Accuracy: 0.28870292887029286
F1 micro: 0.28870292887029286
F1 macro: 0.26624198933190063
With contradiction_threshold = 0.30000000000000004 and entailment_threshold = 0.006412657081540374
Accuracy: 0.2803347280334728
F1 micro: 0.2803347280334728
F1 macro: 0.2651162790697674
With contradiction_threshold = 0.4 and entailment_threshold = 0.006412657081540374
Accuracy: 0.26778242677824265
F1 micro: 0.26778242677824265
F1 macro: 0.25273631840796024
With contradiction_threshold = 0.5 and entailment_threshold = 0.006412657081540374
Accuracy: 0.2719665271966527
F1 micro: 0.2719665271966527
F1 macro: 0.259626802374894
With contradiction_threshold = 0.6 and entailment_threshold = 0.006412657081540374
Accuracy: 0.2594142259414226
F1 micro: 0.2594142259414226
F1 macro: 0.2321202245156618
With contradiction_threshold = 0.7000000000000001 and entailment_threshold = 0.006412657081540374
Accuracy: 0.24686192468619247
F1 micro: 0.24686192468619247
F1 macro: 0.20224160640174957
With contradiction_threshold = 0.8 and entailment_threshold = 0.006412657081540374
Accuracy: 0.2510460251046025
F1 micro: 0.2510460251046025
F1 macro: 0.20691609977324266
With contradiction_threshold = 0.9 and entailment_threshold = 0.006412657081540374
Accuracy: 0.2510460251046025
F1 micro: 0.2510460251046025
F1 macro: 0.20691609977324266
With contradiction_threshold = 0.07156881697692086 and entailment_threshold = 0.1
Accuracy: 0.2719665271966527
F1 micro: 0.2719665271966527
F1 macro: 0.24773242630385486
With contradiction_threshold = 0.07156881697692086 and entailment_threshold = 0.2
Accuracy: 0.23430962343096234
F1 micro: 0.23430962343096234
F1 macro: 0.22344461742489766
With contradiction_threshold = 0.07156881697692086 and entailment_threshold = 0.30000000000000004
Accuracy: 0.200836820083682
F1 micro: 0.200836820083682
F1 macro: 0.20304907894893928
With contradiction_threshold = 0.07156881697692086 and entailment_threshold = 0.4
Accuracy: 0.17573221757322174
F1 micro: 0.17573221757322174
F1 macro: 0.18461538461538463
With contradiction_threshold = 0.07156881697692086 and entailment_threshold = 0.5
Accuracy: 0.17154811715481172
F1 micro: 0.17154811715481172
F1 macro: 0.18075998075998076
With contradiction_threshold = 0.07156881697692086 and entailment_threshold = 0.6
Accuracy: 0.1506276150627615
F1 micro: 0.1506276150627615
F1 macro: 0.16447624610591902
With contradiction_threshold = 0.07156881697692086 and entailment_threshold = 0.7000000000000001
Accuracy: 0.14225941422594143
F1 micro: 0.14225941422594143
F1 macro: 0.15851022012578617
With contradiction_threshold = 0.07156881697692086 and entailment_threshold = 0.8
Accuracy: 0.14225941422594143
F1 micro: 0.14225941422594143
F1 macro: 0.15851022012578617
With contradiction_threshold = 0.07156881697692086 and entailment_threshold = 0.9
Accuracy: 0.14225941422594143
F1 micro: 0.14225941422594143
F1 macro: 0.15851022012578617
