With contradiction_threshold = 0.21402004427075738 and entailment_threshold = 0.34703918059167593 * COMPUTED THRESHOLDS
Accuracy: 0.3138075313807531
F1 micro: 0.3138075313807531
F1 macro: 0.2483245149911817
With contradiction_threshold = 0.1 and entailment_threshold = 0.34703918059167593
Accuracy: 0.3179916317991632
F1 micro: 0.3179916317991632
F1 macro: 0.23597883597883598
With contradiction_threshold = 0.2 and entailment_threshold = 0.34703918059167593
Accuracy: 0.3138075313807531
F1 micro: 0.3138075313807531
F1 macro: 0.2467532467532468
With contradiction_threshold = 0.30000000000000004 and entailment_threshold = 0.34703918059167593
Accuracy: 0.3054393305439331
F1 micro: 0.3054393305439331
F1 macro: 0.22993197278911567
With contradiction_threshold = 0.4 and entailment_threshold = 0.34703918059167593
Accuracy: 0.3054393305439331
F1 micro: 0.3054393305439331
F1 macro: 0.23436853002070399
With contradiction_threshold = 0.5 and entailment_threshold = 0.34703918059167593
Accuracy: 0.301255230125523
F1 micro: 0.301255230125523
F1 macro: 0.2211640211640212
With contradiction_threshold = 0.6 and entailment_threshold = 0.34703918059167593
Accuracy: 0.301255230125523
F1 micro: 0.301255230125523
F1 macro: 0.2131205673758865
With contradiction_threshold = 0.7000000000000001 and entailment_threshold = 0.34703918059167593
Accuracy: 0.2928870292887029
F1 micro: 0.2928870292887029
F1 macro: 0.18066442702500932
With contradiction_threshold = 0.8 and entailment_threshold = 0.34703918059167593
Accuracy: 0.2928870292887029
F1 micro: 0.2928870292887029
F1 macro: 0.18066442702500932
With contradiction_threshold = 0.9 and entailment_threshold = 0.34703918059167593
Accuracy: 0.28870292887029286
F1 micro: 0.28870292887029286
F1 macro: 0.1631205673758865
With contradiction_threshold = 0.21402004427075738 and entailment_threshold = 0.1
Accuracy: 0.5606694560669456
F1 micro: 0.5606694560669456
F1 macro: 0.33658518352395905
With contradiction_threshold = 0.21402004427075738 and entailment_threshold = 0.2
Accuracy: 0.46443514644351463
F1 micro: 0.46443514644351463
F1 macro: 0.30708946226187606
With contradiction_threshold = 0.21402004427075738 and entailment_threshold = 0.30000000000000004
Accuracy: 0.38493723849372385
F1 micro: 0.3849372384937239
F1 macro: 0.27594037738965277
With contradiction_threshold = 0.21402004427075738 and entailment_threshold = 0.4
Accuracy: 0.2803347280334728
F1 micro: 0.2803347280334728
F1 macro: 0.232449960863245
With contradiction_threshold = 0.21402004427075738 and entailment_threshold = 0.5
Accuracy: 0.24686192468619247
F1 micro: 0.24686192468619247
F1 macro: 0.21666090563428972
With contradiction_threshold = 0.21402004427075738 and entailment_threshold = 0.6
Accuracy: 0.13807531380753138
F1 micro: 0.13807531380753138
F1 macro: 0.1542186353631695
With contradiction_threshold = 0.21402004427075738 and entailment_threshold = 0.7000000000000001
Accuracy: 0.12552301255230125
F1 micro: 0.12552301255230125
F1 macro: 0.1471264367816092
With contradiction_threshold = 0.21402004427075738 and entailment_threshold = 0.8
Accuracy: 0.11297071129707113
F1 micro: 0.11297071129707113
F1 macro: 0.14372799028536734
With contradiction_threshold = 0.21402004427075738 and entailment_threshold = 0.9
Accuracy: 0.09205020920502092
F1 micro: 0.09205020920502091
F1 macro: 0.12985593641331347
