With contradiction_threshold = 0.20533753965673895 and entailment_threshold = 0.3503442334331339 * COMPUTED THRESHOLDS
Accuracy: 0.3305439330543933
F1 micro: 0.3305439330543933
F1 macro: 0.25234741784037557
With contradiction_threshold = 0.1 and entailment_threshold = 0.3503442334331339
Accuracy: 0.33472803347280333
F1 micro: 0.33472803347280333
F1 macro: 0.24413145539906103
With contradiction_threshold = 0.2 and entailment_threshold = 0.3503442334331339
Accuracy: 0.3305439330543933
F1 micro: 0.3305439330543933
F1 macro: 0.25088542953628207
With contradiction_threshold = 0.30000000000000004 and entailment_threshold = 0.3503442334331339
Accuracy: 0.32217573221757323
F1 micro: 0.32217573221757323
F1 macro: 0.2384585289514867
With contradiction_threshold = 0.4 and entailment_threshold = 0.3503442334331339
Accuracy: 0.32217573221757323
F1 micro: 0.32217573221757323
F1 macro: 0.24308815858111632
With contradiction_threshold = 0.5 and entailment_threshold = 0.3503442334331339
Accuracy: 0.3179916317991632
F1 micro: 0.3179916317991632
F1 macro: 0.22962014511310289
With contradiction_threshold = 0.6 and entailment_threshold = 0.3503442334331339
Accuracy: 0.3179916317991632
F1 micro: 0.3179916317991632
F1 macro: 0.22076023391812863
With contradiction_threshold = 0.7000000000000001 and entailment_threshold = 0.3503442334331339
Accuracy: 0.30962343096234307
F1 micro: 0.30962343096234307
F1 macro: 0.18830409356725145
With contradiction_threshold = 0.8 and entailment_threshold = 0.3503442334331339
Accuracy: 0.30962343096234307
F1 micro: 0.30962343096234307
F1 macro: 0.18830409356725145
With contradiction_threshold = 0.9 and entailment_threshold = 0.3503442334331339
Accuracy: 0.3054393305439331
F1 micro: 0.3054393305439331
F1 macro: 0.17076023391812864
With contradiction_threshold = 0.20533753965673895 and entailment_threshold = 0.1
Accuracy: 0.5774058577405857
F1 micro: 0.5774058577405857
F1 macro: 0.34142466563215845
With contradiction_threshold = 0.20533753965673895 and entailment_threshold = 0.2
Accuracy: 0.48535564853556484
F1 micro: 0.48535564853556484
F1 macro: 0.31402342513453624
With contradiction_threshold = 0.20533753965673895 and entailment_threshold = 0.30000000000000004
Accuracy: 0.41422594142259417
F1 micro: 0.41422594142259417
F1 macro: 0.28848604431290337
With contradiction_threshold = 0.20533753965673895 and entailment_threshold = 0.4
Accuracy: 0.3054393305439331
F1 micro: 0.3054393305439331
F1 macro: 0.23930453545790284
With contradiction_threshold = 0.20533753965673895 and entailment_threshold = 0.5
Accuracy: 0.26359832635983266
F1 micro: 0.26359832635983266
F1 macro: 0.2202849885918464
With contradiction_threshold = 0.20533753965673895 and entailment_threshold = 0.6
Accuracy: 0.15481171548117154
F1 micro: 0.15481171548117154
F1 macro: 0.15895082557250192
With contradiction_threshold = 0.20533753965673895 and entailment_threshold = 0.7000000000000001
Accuracy: 0.13807531380753138
F1 micro: 0.13807531380753138
F1 macro: 0.14934289127837516
With contradiction_threshold = 0.20533753965673895 and entailment_threshold = 0.8
Accuracy: 0.12552301255230125
F1 micro: 0.12552301255230125
F1 macro: 0.14637876743139902
With contradiction_threshold = 0.20533753965673895 and entailment_threshold = 0.9
Accuracy: 0.100418410041841
F1 micro: 0.100418410041841
F1 macro: 0.13009933009933008
