With contradiction_threshold = 0.23825798506436513 and entailment_threshold = 0.34009258076548576 * COMPUTED THRESHOLDS
Accuracy: 0.5887850467289719
F1 micro: 0.5887850467289719
F1 macro: 0.34919354838709676
With contradiction_threshold = 0.1 and entailment_threshold = 0.34009258076548576
Accuracy: 0.5887850467289719
F1 micro: 0.5887850467289719
F1 macro: 0.32713675213675214
With contradiction_threshold = 0.2 and entailment_threshold = 0.34009258076548576
Accuracy: 0.5887850467289719
F1 micro: 0.5887850467289719
F1 macro: 0.3369047619047619
With contradiction_threshold = 0.30000000000000004 and entailment_threshold = 0.34009258076548576
Accuracy: 0.5887850467289719
F1 micro: 0.5887850467289719
F1 macro: 0.34919354838709676
With contradiction_threshold = 0.4 and entailment_threshold = 0.34009258076548576
Accuracy: 0.5887850467289719
F1 micro: 0.5887850467289719
F1 macro: 0.3527777777777778
With contradiction_threshold = 0.5 and entailment_threshold = 0.34009258076548576
Accuracy: 0.5981308411214953
F1 micro: 0.5981308411214953
F1 macro: 0.3677632083429185
With contradiction_threshold = 0.6 and entailment_threshold = 0.34009258076548576
Accuracy: 0.5607476635514018
F1 micro: 0.5607476635514018
F1 macro: 0.24390243902439027
With contradiction_threshold = 0.7000000000000001 and entailment_threshold = 0.34009258076548576
Accuracy: 0.5607476635514018
F1 micro: 0.5607476635514018
F1 macro: 0.24390243902439027
With contradiction_threshold = 0.8 and entailment_threshold = 0.34009258076548576
Accuracy: 0.5607476635514018
F1 micro: 0.5607476635514018
F1 macro: 0.24390243902439027
With contradiction_threshold = 0.9 and entailment_threshold = 0.34009258076548576
Accuracy: 0.5607476635514018
F1 micro: 0.5607476635514018
F1 macro: 0.24390243902439027
With contradiction_threshold = 0.23825798506436513 and entailment_threshold = 0.1
Accuracy: 0.7663551401869159
F1 micro: 0.766355140186916
F1 macro: 0.3943052802306722
With contradiction_threshold = 0.23825798506436513 and entailment_threshold = 0.2
Accuracy: 0.6915887850467289
F1 micro: 0.6915887850467289
F1 macro: 0.3765327296736465
With contradiction_threshold = 0.23825798506436513 and entailment_threshold = 0.30000000000000004
Accuracy: 0.616822429906542
F1 micro: 0.616822429906542
F1 macro: 0.3570156342766673
With contradiction_threshold = 0.23825798506436513 and entailment_threshold = 0.4
Accuracy: 0.5981308411214953
F1 micro: 0.5981308411214953
F1 macro: 0.3681865828092243
With contradiction_threshold = 0.23825798506436513 and entailment_threshold = 0.5
Accuracy: 0.48598130841121495
F1 micro: 0.48598130841121495
F1 macro: 0.3211567732115677
With contradiction_threshold = 0.23825798506436513 and entailment_threshold = 0.6
Accuracy: 0.3364485981308411
F1 micro: 0.3364485981308411
F1 macro: 0.28435127326479875
With contradiction_threshold = 0.23825798506436513 and entailment_threshold = 0.7000000000000001
Accuracy: 0.205607476635514
F1 micro: 0.205607476635514
F1 macro: 0.20656883298392734
With contradiction_threshold = 0.23825798506436513 and entailment_threshold = 0.8
Accuracy: 0.14953271028037382
F1 micro: 0.14953271028037382
F1 macro: 0.1723905723905724
With contradiction_threshold = 0.23825798506436513 and entailment_threshold = 0.9
Accuracy: 0.102803738317757
F1 micro: 0.102803738317757
F1 macro: 0.13979511426319938
