With contradiction_threshold = 0.2803800612636351 and entailment_threshold = 0.39857167750597 * COMPUTED THRESHOLDS
Accuracy: 0.5420560747663551
F1 micro: 0.5420560747663551
F1 macro: 0.35728977616454927
With contradiction_threshold = 0.1 and entailment_threshold = 0.39857167750597
Accuracy: 0.5514018691588785
F1 micro: 0.5514018691588785
F1 macro: 0.3585137663726276
With contradiction_threshold = 0.2 and entailment_threshold = 0.39857167750597
Accuracy: 0.5420560747663551
F1 micro: 0.5420560747663551
F1 macro: 0.3511494252873563
With contradiction_threshold = 0.30000000000000004 and entailment_threshold = 0.39857167750597
Accuracy: 0.5420560747663551
F1 micro: 0.5420560747663551
F1 macro: 0.35728977616454927
With contradiction_threshold = 0.4 and entailment_threshold = 0.39857167750597
Accuracy: 0.5327102803738317
F1 micro: 0.5327102803738317
F1 macro: 0.35569487983281084
With contradiction_threshold = 0.5 and entailment_threshold = 0.39857167750597
Accuracy: 0.5327102803738317
F1 micro: 0.5327102803738317
F1 macro: 0.3594827586206896
With contradiction_threshold = 0.6 and entailment_threshold = 0.39857167750597
Accuracy: 0.5233644859813084
F1 micro: 0.5233644859813084
F1 macro: 0.34781924106439926
With contradiction_threshold = 0.7000000000000001 and entailment_threshold = 0.39857167750597
Accuracy: 0.514018691588785
F1 micro: 0.514018691588785
F1 macro: 0.3395433789954338
With contradiction_threshold = 0.8 and entailment_threshold = 0.39857167750597
Accuracy: 0.514018691588785
F1 micro: 0.514018691588785
F1 macro: 0.34398782343987816
With contradiction_threshold = 0.9 and entailment_threshold = 0.39857167750597
Accuracy: 0.4953271028037383
F1 micro: 0.4953271028037383
F1 macro: 0.2934827729348277
With contradiction_threshold = 0.2803800612636351 and entailment_threshold = 0.1
Accuracy: 0.6355140186915887
F1 micro: 0.6355140186915887
F1 macro: 0.39031339031339024
With contradiction_threshold = 0.2803800612636351 and entailment_threshold = 0.2
Accuracy: 0.6074766355140186
F1 micro: 0.6074766355140186
F1 macro: 0.3840155945419103
With contradiction_threshold = 0.2803800612636351 and entailment_threshold = 0.30000000000000004
Accuracy: 0.5794392523364486
F1 micro: 0.5794392523364486
F1 macro: 0.375714640815312
With contradiction_threshold = 0.2803800612636351 and entailment_threshold = 0.4
Accuracy: 0.5420560747663551
F1 micro: 0.5420560747663551
F1 macro: 0.35728977616454927
With contradiction_threshold = 0.2803800612636351 and entailment_threshold = 0.5
Accuracy: 0.4672897196261682
F1 micro: 0.4672897196261683
F1 macro: 0.32890386175057706
With contradiction_threshold = 0.2803800612636351 and entailment_threshold = 0.6
Accuracy: 0.38317757009345793
F1 micro: 0.383177570093458
F1 macro: 0.30608130081300816
With contradiction_threshold = 0.2803800612636351 and entailment_threshold = 0.7000000000000001
Accuracy: 0.2523364485981308
F1 micro: 0.2523364485981308
F1 macro: 0.24645537948290241
With contradiction_threshold = 0.2803800612636351 and entailment_threshold = 0.8
Accuracy: 0.205607476635514
F1 micro: 0.205607476635514
F1 macro: 0.21969696969696972
With contradiction_threshold = 0.2803800612636351 and entailment_threshold = 0.9
Accuracy: 0.1588785046728972
F1 micro: 0.1588785046728972
F1 macro: 0.19023569023569023
