With contradiction_threshold = 0.11007145713223454 and entailment_threshold = 0.00023483873388840948 * COMPUTED THRESHOLDS
Accuracy: 0.6485355648535565
F1 micro: 0.6485355648535565
F1 macro: 0.3946087248483104
With contradiction_threshold = 0.1 and entailment_threshold = 0.00023483873388840948
Accuracy: 0.6276150627615062
F1 micro: 0.6276150627615062
F1 macro: 0.3871341816961152
With contradiction_threshold = 0.2 and entailment_threshold = 0.00023483873388840948
Accuracy: 0.698744769874477
F1 micro: 0.698744769874477
F1 macro: 0.39307607447086784
With contradiction_threshold = 0.30000000000000004 and entailment_threshold = 0.00023483873388840948
Accuracy: 0.7364016736401674
F1 micro: 0.7364016736401673
F1 macro: 0.37130166917400964
With contradiction_threshold = 0.4 and entailment_threshold = 0.00023483873388840948
Accuracy: 0.7280334728033473
F1 micro: 0.7280334728033473
F1 macro: 0.2871287128712871
With contradiction_threshold = 0.5 and entailment_threshold = 0.00023483873388840948
Accuracy: 0.7280334728033473
F1 micro: 0.7280334728033473
F1 macro: 0.2871287128712871
With contradiction_threshold = 0.6 and entailment_threshold = 0.00023483873388840948
Accuracy: 0.7280334728033473
F1 micro: 0.7280334728033473
F1 macro: 0.2871287128712871
With contradiction_threshold = 0.7000000000000001 and entailment_threshold = 0.00023483873388840948
Accuracy: 0.7280334728033473
F1 micro: 0.7280334728033473
F1 macro: 0.2871287128712871
With contradiction_threshold = 0.8 and entailment_threshold = 0.00023483873388840948
Accuracy: 0.7280334728033473
F1 micro: 0.7280334728033473
F1 macro: 0.2871287128712871
With contradiction_threshold = 0.9 and entailment_threshold = 0.00023483873388840948
Accuracy: 0.7280334728033473
F1 micro: 0.7280334728033473
F1 macro: 0.2871287128712871
With contradiction_threshold = 0.11007145713223454 and entailment_threshold = 0.1
Accuracy: 0.38493723849372385
F1 micro: 0.3849372384937239
F1 macro: 0.3038843721770551
With contradiction_threshold = 0.11007145713223454 and entailment_threshold = 0.2
Accuracy: 0.2217573221757322
F1 micro: 0.2217573221757322
F1 macro: 0.21591507773705035
With contradiction_threshold = 0.11007145713223454 and entailment_threshold = 0.30000000000000004
Accuracy: 0.13807531380753138
F1 micro: 0.13807531380753138
F1 macro: 0.15039562552856264
With contradiction_threshold = 0.11007145713223454 and entailment_threshold = 0.4
Accuracy: 0.1297071129707113
F1 micro: 0.1297071129707113
F1 macro: 0.1440486635082178
With contradiction_threshold = 0.11007145713223454 and entailment_threshold = 0.5
Accuracy: 0.12133891213389121
F1 micro: 0.12133891213389121
F1 macro: 0.13567177910538145
With contradiction_threshold = 0.11007145713223454 and entailment_threshold = 0.6
Accuracy: 0.11715481171548117
F1 micro: 0.11715481171548117
F1 macro: 0.13238770685579196
With contradiction_threshold = 0.11007145713223454 and entailment_threshold = 0.7000000000000001
Accuracy: 0.11715481171548117
F1 micro: 0.11715481171548117
F1 macro: 0.13238770685579196
With contradiction_threshold = 0.11007145713223454 and entailment_threshold = 0.8
Accuracy: 0.11715481171548117
F1 micro: 0.11715481171548117
F1 macro: 0.13238770685579196
With contradiction_threshold = 0.11007145713223454 and entailment_threshold = 0.9
Accuracy: 0.11715481171548117
F1 micro: 0.11715481171548117
F1 macro: 0.13238770685579196
