With contradiction_threshold = 0.07156881697692086 and entailment_threshold = 0.006412657081540374 * COMPUTED THRESHOLDS
Accuracy: 0.47280334728033474
F1 micro: 0.47280334728033474
F1 macro: 0.31875860712177845
With contradiction_threshold = 0.1 and entailment_threshold = 0.006412657081540374
Accuracy: 0.4769874476987448
F1 micro: 0.4769874476987448
F1 macro: 0.3269767441860465
With contradiction_threshold = 0.2 and entailment_threshold = 0.006412657081540374
Accuracy: 0.48535564853556484
F1 micro: 0.48535564853556484
F1 macro: 0.32115776246804456
With contradiction_threshold = 0.30000000000000004 and entailment_threshold = 0.006412657081540374
Accuracy: 0.5355648535564853
F1 micro: 0.5355648535564853
F1 macro: 0.3597742127153891
With contradiction_threshold = 0.4 and entailment_threshold = 0.006412657081540374
Accuracy: 0.5313807531380753
F1 micro: 0.5313807531380753
F1 macro: 0.3341759167674104
With contradiction_threshold = 0.5 and entailment_threshold = 0.006412657081540374
Accuracy: 0.5397489539748954
F1 micro: 0.5397489539748954
F1 macro: 0.3286549707602339
With contradiction_threshold = 0.6 and entailment_threshold = 0.006412657081540374
Accuracy: 0.5313807531380753
F1 micro: 0.5313807531380753
F1 macro: 0.29031007751937987
With contradiction_threshold = 0.7000000000000001 and entailment_threshold = 0.006412657081540374
Accuracy: 0.5188284518828452
F1 micro: 0.5188284518828452
F1 macro: 0.24031007751937986
With contradiction_threshold = 0.8 and entailment_threshold = 0.006412657081540374
Accuracy: 0.5188284518828452
F1 micro: 0.5188284518828452
F1 macro: 0.24031007751937986
With contradiction_threshold = 0.9 and entailment_threshold = 0.006412657081540374
Accuracy: 0.5188284518828452
F1 micro: 0.5188284518828452
F1 macro: 0.24031007751937986
With contradiction_threshold = 0.07156881697692086 and entailment_threshold = 0.1
Accuracy: 0.3891213389121339
F1 micro: 0.3891213389121339
F1 macro: 0.287397504456328
With contradiction_threshold = 0.07156881697692086 and entailment_threshold = 0.2
Accuracy: 0.2384937238493724
F1 micro: 0.2384937238493724
F1 macro: 0.2087827426810477
With contradiction_threshold = 0.07156881697692086 and entailment_threshold = 0.30000000000000004
Accuracy: 0.14644351464435146
F1 micro: 0.14644351464435146
F1 macro: 0.14359293873312565
With contradiction_threshold = 0.07156881697692086 and entailment_threshold = 0.4
Accuracy: 0.13389121338912133
F1 micro: 0.13389121338912133
F1 macro: 0.13367269984917043
With contradiction_threshold = 0.07156881697692086 and entailment_threshold = 0.5
Accuracy: 0.12133891213389121
F1 micro: 0.12133891213389121
F1 macro: 0.12263309729871492
With contradiction_threshold = 0.07156881697692086 and entailment_threshold = 0.6
Accuracy: 0.11715481171548117
F1 micro: 0.11715481171548117
F1 macro: 0.11889596602972398
With contradiction_threshold = 0.07156881697692086 and entailment_threshold = 0.7000000000000001
Accuracy: 0.11715481171548117
F1 micro: 0.11715481171548117
F1 macro: 0.11889596602972398
With contradiction_threshold = 0.07156881697692086 and entailment_threshold = 0.8
Accuracy: 0.11715481171548117
F1 micro: 0.11715481171548117
F1 macro: 0.11889596602972398
With contradiction_threshold = 0.07156881697692086 and entailment_threshold = 0.9
Accuracy: 0.11715481171548117
F1 micro: 0.11715481171548117
F1 macro: 0.11889596602972398
