With contradiction_threshold = 0.08112898933745782 and entailment_threshold = 0.006223423726623878 * COMPUTED THRESHOLDS
Accuracy: 0.5857740585774058
F1 micro: 0.5857740585774058
F1 macro: 0.362420188507145
With contradiction_threshold = 0.1 and entailment_threshold = 0.006223423726623878
Accuracy: 0.6276150627615062
F1 micro: 0.6276150627615062
F1 macro: 0.38639406109285623
With contradiction_threshold = 0.2 and entailment_threshold = 0.006223423726623878
Accuracy: 0.694560669456067
F1 micro: 0.694560669456067
F1 macro: 0.3927937890202042
With contradiction_threshold = 0.30000000000000004 and entailment_threshold = 0.006223423726623878
Accuracy: 0.7364016736401674
F1 micro: 0.7364016736401673
F1 macro: 0.3705807742465656
With contradiction_threshold = 0.4 and entailment_threshold = 0.006223423726623878
Accuracy: 0.7280334728033473
F1 micro: 0.7280334728033473
F1 macro: 0.28641975308641976
With contradiction_threshold = 0.5 and entailment_threshold = 0.006223423726623878
Accuracy: 0.7280334728033473
F1 micro: 0.7280334728033473
F1 macro: 0.28641975308641976
With contradiction_threshold = 0.6 and entailment_threshold = 0.006223423726623878
Accuracy: 0.7280334728033473
F1 micro: 0.7280334728033473
F1 macro: 0.28641975308641976
With contradiction_threshold = 0.7000000000000001 and entailment_threshold = 0.006223423726623878
Accuracy: 0.7280334728033473
F1 micro: 0.7280334728033473
F1 macro: 0.28641975308641976
With contradiction_threshold = 0.8 and entailment_threshold = 0.006223423726623878
Accuracy: 0.7280334728033473
F1 micro: 0.7280334728033473
F1 macro: 0.28641975308641976
With contradiction_threshold = 0.9 and entailment_threshold = 0.006223423726623878
Accuracy: 0.7280334728033473
F1 micro: 0.7280334728033473
F1 macro: 0.28641975308641976
With contradiction_threshold = 0.08112898933745782 and entailment_threshold = 0.1
Accuracy: 0.38493723849372385
F1 micro: 0.3849372384937239
F1 macro: 0.28618810708362946
With contradiction_threshold = 0.08112898933745782 and entailment_threshold = 0.2
Accuracy: 0.2217573221757322
F1 micro: 0.2217573221757322
F1 macro: 0.19393431167016073
With contradiction_threshold = 0.08112898933745782 and entailment_threshold = 0.30000000000000004
Accuracy: 0.14644351464435146
F1 micro: 0.14644351464435146
F1 macro: 0.1330621239088058
With contradiction_threshold = 0.08112898933745782 and entailment_threshold = 0.4
Accuracy: 0.13389121338912133
F1 micro: 0.13389121338912133
F1 macro: 0.12349501203990366
With contradiction_threshold = 0.08112898933745782 and entailment_threshold = 0.5
Accuracy: 0.12552301255230125
F1 micro: 0.12552301255230125
F1 macro: 0.11560693641618497
With contradiction_threshold = 0.08112898933745782 and entailment_threshold = 0.6
Accuracy: 0.12552301255230125
F1 micro: 0.12552301255230125
F1 macro: 0.11560693641618497
With contradiction_threshold = 0.08112898933745782 and entailment_threshold = 0.7000000000000001
Accuracy: 0.12552301255230125
F1 micro: 0.12552301255230125
F1 macro: 0.11560693641618497
With contradiction_threshold = 0.08112898933745782 and entailment_threshold = 0.8
Accuracy: 0.12552301255230125
F1 micro: 0.12552301255230125
F1 macro: 0.11560693641618497
With contradiction_threshold = 0.08112898933745782 and entailment_threshold = 0.9
Accuracy: 0.12552301255230125
F1 micro: 0.12552301255230125
F1 macro: 0.11560693641618497
