With contradiction_threshold = 0.18703329684670678 and entailment_threshold = 0.4897348429960857 * COMPUTED THRESHOLDS
Accuracy: 0.5514018691588785
F1 micro: 0.5514018691588785
F1 macro: 0.3173672205930271
With contradiction_threshold = 0.1 and entailment_threshold = 0.4897348429960857
Accuracy: 0.5700934579439252
F1 micro: 0.5700934579439252
F1 macro: 0.3341201153947024
With contradiction_threshold = 0.2 and entailment_threshold = 0.4897348429960857
Accuracy: 0.5514018691588785
F1 micro: 0.5514018691588785
F1 macro: 0.31989247311827956
With contradiction_threshold = 0.30000000000000004 and entailment_threshold = 0.4897348429960857
Accuracy: 0.5420560747663551
F1 micro: 0.5420560747663551
F1 macro: 0.3235156615240767
With contradiction_threshold = 0.4 and entailment_threshold = 0.4897348429960857
Accuracy: 0.5327102803738317
F1 micro: 0.5327102803738317
F1 macro: 0.29716520039100686
With contradiction_threshold = 0.5 and entailment_threshold = 0.4897348429960857
Accuracy: 0.5327102803738317
F1 micro: 0.5327102803738317
F1 macro: 0.29716520039100686
With contradiction_threshold = 0.6 and entailment_threshold = 0.4897348429960857
Accuracy: 0.514018691588785
F1 micro: 0.514018691588785
F1 macro: 0.23655913978494625
With contradiction_threshold = 0.7000000000000001 and entailment_threshold = 0.4897348429960857
Accuracy: 0.514018691588785
F1 micro: 0.514018691588785
F1 macro: 0.23655913978494625
With contradiction_threshold = 0.8 and entailment_threshold = 0.4897348429960857
Accuracy: 0.514018691588785
F1 micro: 0.514018691588785
F1 macro: 0.23655913978494625
With contradiction_threshold = 0.9 and entailment_threshold = 0.4897348429960857
Accuracy: 0.514018691588785
F1 micro: 0.514018691588785
F1 macro: 0.23655913978494625
With contradiction_threshold = 0.18703329684670678 and entailment_threshold = 0.1
Accuracy: 0.8037383177570093
F1 micro: 0.8037383177570093
F1 macro: 0.3569023569023569
With contradiction_threshold = 0.18703329684670678 and entailment_threshold = 0.2
Accuracy: 0.7663551401869159
F1 micro: 0.766355140186916
F1 macro: 0.34889434889434884
With contradiction_threshold = 0.18703329684670678 and entailment_threshold = 0.30000000000000004
Accuracy: 0.719626168224299
F1 micro: 0.7196261682242989
F1 macro: 0.3333333333333333
With contradiction_threshold = 0.18703329684670678 and entailment_threshold = 0.4
Accuracy: 0.6355140186915887
F1 micro: 0.6355140186915887
F1 macro: 0.31010558069381605
With contradiction_threshold = 0.18703329684670678 and entailment_threshold = 0.5
Accuracy: 0.5514018691588785
F1 micro: 0.5514018691588785
F1 macro: 0.3173672205930271
With contradiction_threshold = 0.18703329684670678 and entailment_threshold = 0.6
Accuracy: 0.42990654205607476
F1 micro: 0.42990654205607476
F1 macro: 0.2740740740740741
With contradiction_threshold = 0.18703329684670678 and entailment_threshold = 0.7000000000000001
Accuracy: 0.2897196261682243
F1 micro: 0.2897196261682243
F1 macro: 0.22196382428940567
With contradiction_threshold = 0.18703329684670678 and entailment_threshold = 0.8
Accuracy: 0.21495327102803738
F1 micro: 0.21495327102803738
F1 macro: 0.18584931887684178
With contradiction_threshold = 0.18703329684670678 and entailment_threshold = 0.9
Accuracy: 0.07476635514018691
F1 micro: 0.07476635514018691
F1 macro: 0.09557945041816011
