With contradiction_threshold = 0.20578098776184106 and entailment_threshold = 0.5638743107087318 * COMPUTED THRESHOLDS
Accuracy: 0.40186915887850466
F1 micro: 0.40186915887850466
F1 macro: 0.24261969734557184
With contradiction_threshold = 0.1 and entailment_threshold = 0.5638743107087318
Accuracy: 0.4205607476635514
F1 micro: 0.4205607476635514
F1 macro: 0.2774507666593998
With contradiction_threshold = 0.2 and entailment_threshold = 0.5638743107087318
Accuracy: 0.40186915887850466
F1 micro: 0.40186915887850466
F1 macro: 0.24108713029576337
With contradiction_threshold = 0.30000000000000004 and entailment_threshold = 0.5638743107087318
Accuracy: 0.40186915887850466
F1 micro: 0.40186915887850466
F1 macro: 0.24602540190070166
With contradiction_threshold = 0.4 and entailment_threshold = 0.5638743107087318
Accuracy: 0.40186915887850466
F1 micro: 0.40186915887850466
F1 macro: 0.2499760191846523
With contradiction_threshold = 0.5 and entailment_threshold = 0.5638743107087318
Accuracy: 0.40186915887850466
F1 micro: 0.40186915887850466
F1 macro: 0.25219824140687447
With contradiction_threshold = 0.6 and entailment_threshold = 0.5638743107087318
Accuracy: 0.3925233644859813
F1 micro: 0.39252336448598124
F1 macro: 0.2283887175973507
With contradiction_threshold = 0.7000000000000001 and entailment_threshold = 0.5638743107087318
Accuracy: 0.3925233644859813
F1 micro: 0.39252336448598124
F1 macro: 0.2283887175973507
With contradiction_threshold = 0.8 and entailment_threshold = 0.5638743107087318
Accuracy: 0.3925233644859813
F1 micro: 0.39252336448598124
F1 macro: 0.2283887175973507
With contradiction_threshold = 0.9 and entailment_threshold = 0.5638743107087318
Accuracy: 0.3925233644859813
F1 micro: 0.39252336448598124
F1 macro: 0.2283887175973507
With contradiction_threshold = 0.20578098776184106 and entailment_threshold = 0.1
Accuracy: 0.6355140186915887
F1 micro: 0.6355140186915887
F1 macro: 0.2948585231193927
With contradiction_threshold = 0.20578098776184106 and entailment_threshold = 0.2
Accuracy: 0.6074766355140186
F1 micro: 0.6074766355140186
F1 macro: 0.2875713658322354
With contradiction_threshold = 0.20578098776184106 and entailment_threshold = 0.30000000000000004
Accuracy: 0.5327102803738317
F1 micro: 0.5327102803738317
F1 macro: 0.2667774393058248
With contradiction_threshold = 0.20578098776184106 and entailment_threshold = 0.4
Accuracy: 0.514018691588785
F1 micro: 0.514018691588785
F1 macro: 0.26124357176250584
With contradiction_threshold = 0.20578098776184106 and entailment_threshold = 0.5
Accuracy: 0.4672897196261682
F1 micro: 0.4672897196261683
F1 macro: 0.2484984984984985
With contradiction_threshold = 0.20578098776184106 and entailment_threshold = 0.6
Accuracy: 0.37383177570093457
F1 micro: 0.37383177570093457
F1 macro: 0.230718954248366
With contradiction_threshold = 0.20578098776184106 and entailment_threshold = 0.7000000000000001
Accuracy: 0.27102803738317754
F1 micro: 0.27102803738317754
F1 macro: 0.19921935987509762
With contradiction_threshold = 0.20578098776184106 and entailment_threshold = 0.8
Accuracy: 0.2336448598130841
F1 micro: 0.23364485981308414
F1 macro: 0.19276172724448584
With contradiction_threshold = 0.20578098776184106 and entailment_threshold = 0.9
Accuracy: 0.14953271028037382
F1 micro: 0.14953271028037382
F1 macro: 0.14754377018527962
