With contradiction_threshold = 0.39237142470661523 and entailment_threshold = 0.3850569965225077 * COMPUTED THRESHOLDS
Accuracy: 0.6542056074766355
F1 micro: 0.6542056074766355
F1 macro: 0.32417195207892885
With contradiction_threshold = 0.1 and entailment_threshold = 0.3850569965225077
Accuracy: 0.6542056074766355
F1 micro: 0.6542056074766355
F1 macro: 0.3052325581395349
With contradiction_threshold = 0.2 and entailment_threshold = 0.3850569965225077
Accuracy: 0.6542056074766355
F1 micro: 0.6542056074766355
F1 macro: 0.3148479427549195
With contradiction_threshold = 0.30000000000000004 and entailment_threshold = 0.3850569965225077
Accuracy: 0.6542056074766355
F1 micro: 0.6542056074766355
F1 macro: 0.32417195207892885
With contradiction_threshold = 0.4 and entailment_threshold = 0.3850569965225077
Accuracy: 0.6542056074766355
F1 micro: 0.6542056074766355
F1 macro: 0.32417195207892885
With contradiction_threshold = 0.5 and entailment_threshold = 0.3850569965225077
Accuracy: 0.6542056074766355
F1 micro: 0.6542056074766355
F1 macro: 0.32417195207892885
With contradiction_threshold = 0.6 and entailment_threshold = 0.3850569965225077
Accuracy: 0.6355140186915887
F1 micro: 0.6355140186915887
F1 macro: 0.26356589147286824
With contradiction_threshold = 0.7000000000000001 and entailment_threshold = 0.3850569965225077
Accuracy: 0.6355140186915887
F1 micro: 0.6355140186915887
F1 macro: 0.26356589147286824
With contradiction_threshold = 0.8 and entailment_threshold = 0.3850569965225077
Accuracy: 0.6355140186915887
F1 micro: 0.6355140186915887
F1 macro: 0.26356589147286824
With contradiction_threshold = 0.9 and entailment_threshold = 0.3850569965225077
Accuracy: 0.6355140186915887
F1 micro: 0.6355140186915887
F1 macro: 0.26356589147286824
With contradiction_threshold = 0.39237142470661523 and entailment_threshold = 0.1
Accuracy: 0.8317757009345794
F1 micro: 0.8317757009345794
F1 macro: 0.5440340909090909
With contradiction_threshold = 0.39237142470661523 and entailment_threshold = 0.2
Accuracy: 0.8037383177570093
F1 micro: 0.8037383177570093
F1 macro: 0.3569023569023569
With contradiction_threshold = 0.39237142470661523 and entailment_threshold = 0.30000000000000004
Accuracy: 0.7476635514018691
F1 micro: 0.7476635514018691
F1 macro: 0.34475906607054146
With contradiction_threshold = 0.39237142470661523 and entailment_threshold = 0.4
Accuracy: 0.6542056074766355
F1 micro: 0.6542056074766355
F1 macro: 0.32417195207892885
With contradiction_threshold = 0.39237142470661523 and entailment_threshold = 0.5
Accuracy: 0.5514018691588785
F1 micro: 0.5514018691588785
F1 macro: 0.3026442771665702
With contradiction_threshold = 0.39237142470661523 and entailment_threshold = 0.6
Accuracy: 0.4205607476635514
F1 micro: 0.4205607476635514
F1 macro: 0.2612807071641484
With contradiction_threshold = 0.39237142470661523 and entailment_threshold = 0.7000000000000001
Accuracy: 0.27102803738317754
F1 micro: 0.27102803738317754
F1 macro: 0.205511998099311
With contradiction_threshold = 0.39237142470661523 and entailment_threshold = 0.8
Accuracy: 0.17757009345794392
F1 micro: 0.17757009345794392
F1 macro: 0.16290928609769192
With contradiction_threshold = 0.39237142470661523 and entailment_threshold = 0.9
Accuracy: 0.04672897196261682
F1 micro: 0.04672897196261682
F1 macro: 0.07947639083683965
