With contradiction_threshold = 0.11007145713223454 and entailment_threshold = 0.00023483873388840948 * COMPUTED THRESHOLDS
Accuracy: 0.25523012552301255
F1 micro: 0.25523012552301255
F1 macro: 0.2530864197530864
With contradiction_threshold = 0.1 and entailment_threshold = 0.00023483873388840948
Accuracy: 0.24686192468619247
F1 micro: 0.24686192468619247
F1 macro: 0.24154518415158086
With contradiction_threshold = 0.2 and entailment_threshold = 0.00023483873388840948
Accuracy: 0.2719665271966527
F1 micro: 0.2719665271966527
F1 macro: 0.28669222343921136
With contradiction_threshold = 0.30000000000000004 and entailment_threshold = 0.00023483873388840948
Accuracy: 0.24267782426778242
F1 micro: 0.24267782426778242
F1 macro: 0.2625607142154838
With contradiction_threshold = 0.4 and entailment_threshold = 0.00023483873388840948
Accuracy: 0.23430962343096234
F1 micro: 0.23430962343096234
F1 macro: 0.25107878464344496
With contradiction_threshold = 0.5 and entailment_threshold = 0.00023483873388840948
Accuracy: 0.2301255230125523
F1 micro: 0.2301255230125523
F1 macro: 0.24192234591365736
With contradiction_threshold = 0.6 and entailment_threshold = 0.00023483873388840948
Accuracy: 0.21338912133891214
F1 micro: 0.21338912133891214
F1 macro: 0.21477634444630592
With contradiction_threshold = 0.7000000000000001 and entailment_threshold = 0.00023483873388840948
Accuracy: 0.200836820083682
F1 micro: 0.200836820083682
F1 macro: 0.17609162491052255
With contradiction_threshold = 0.8 and entailment_threshold = 0.00023483873388840948
Accuracy: 0.19665271966527198
F1 micro: 0.19665271966527198
F1 macro: 0.16199719221143868
With contradiction_threshold = 0.9 and entailment_threshold = 0.00023483873388840948
Accuracy: 0.19665271966527198
F1 micro: 0.19665271966527198
F1 macro: 0.16199719221143868
With contradiction_threshold = 0.11007145713223454 and entailment_threshold = 0.1
Accuracy: 0.2301255230125523
F1 micro: 0.2301255230125523
F1 macro: 0.2394273706330444
With contradiction_threshold = 0.11007145713223454 and entailment_threshold = 0.2
Accuracy: 0.20502092050209206
F1 micro: 0.20502092050209203
F1 macro: 0.22308063737324965
With contradiction_threshold = 0.11007145713223454 and entailment_threshold = 0.30000000000000004
Accuracy: 0.16736401673640167
F1 micro: 0.16736401673640167
F1 macro: 0.19581225060677113
With contradiction_threshold = 0.11007145713223454 and entailment_threshold = 0.4
Accuracy: 0.13389121338912133
F1 micro: 0.13389121338912133
F1 macro: 0.1698211740130697
With contradiction_threshold = 0.11007145713223454 and entailment_threshold = 0.5
Accuracy: 0.13389121338912133
F1 micro: 0.13389121338912133
F1 macro: 0.1698211740130697
With contradiction_threshold = 0.11007145713223454 and entailment_threshold = 0.6
Accuracy: 0.12552301255230125
F1 micro: 0.12552301255230125
F1 macro: 0.16359568495005203
With contradiction_threshold = 0.11007145713223454 and entailment_threshold = 0.7000000000000001
Accuracy: 0.12552301255230125
F1 micro: 0.12552301255230125
F1 macro: 0.16359568495005203
With contradiction_threshold = 0.11007145713223454 and entailment_threshold = 0.8
Accuracy: 0.12552301255230125
F1 micro: 0.12552301255230125
F1 macro: 0.16359568495005203
With contradiction_threshold = 0.11007145713223454 and entailment_threshold = 0.9
Accuracy: 0.12552301255230125
F1 micro: 0.12552301255230125
F1 macro: 0.16359568495005203
