With contradiction_threshold = 0.08112898933745782 and entailment_threshold = 0.006223423726623878 * COMPUTED THRESHOLDS
Accuracy: 0.2719665271966527
F1 micro: 0.2719665271966527
F1 macro: 0.2546884452510587
With contradiction_threshold = 0.1 and entailment_threshold = 0.006223423726623878
Accuracy: 0.26778242677824265
F1 micro: 0.26778242677824265
F1 macro: 0.2527557832634684
With contradiction_threshold = 0.2 and entailment_threshold = 0.006223423726623878
Accuracy: 0.2928870292887029
F1 micro: 0.2928870292887029
F1 macro: 0.2971182412358883
With contradiction_threshold = 0.30000000000000004 and entailment_threshold = 0.006223423726623878
Accuracy: 0.26778242677824265
F1 micro: 0.26778242677824265
F1 macro: 0.2794871794871795
With contradiction_threshold = 0.4 and entailment_threshold = 0.006223423726623878
Accuracy: 0.25523012552301255
F1 micro: 0.25523012552301255
F1 macro: 0.2659919028340081
With contradiction_threshold = 0.5 and entailment_threshold = 0.006223423726623878
Accuracy: 0.2510460251046025
F1 micro: 0.2510460251046025
F1 macro: 0.25659340659340657
With contradiction_threshold = 0.6 and entailment_threshold = 0.006223423726623878
Accuracy: 0.23430962343096234
F1 micro: 0.23430962343096234
F1 macro: 0.22493180578286961
With contradiction_threshold = 0.7000000000000001 and entailment_threshold = 0.006223423726623878
Accuracy: 0.2217573221757322
F1 micro: 0.2217573221757322
F1 macro: 0.18624708624708627
With contradiction_threshold = 0.8 and entailment_threshold = 0.006223423726623878
Accuracy: 0.2175732217573222
F1 micro: 0.2175732217573222
F1 macro: 0.17215265354800238
With contradiction_threshold = 0.9 and entailment_threshold = 0.006223423726623878
Accuracy: 0.2175732217573222
F1 micro: 0.2175732217573222
F1 macro: 0.17215265354800238
With contradiction_threshold = 0.08112898933745782 and entailment_threshold = 0.1
Accuracy: 0.2510460251046025
F1 micro: 0.2510460251046025
F1 macro: 0.2425925925925926
With contradiction_threshold = 0.08112898933745782 and entailment_threshold = 0.2
Accuracy: 0.2217573221757322
F1 micro: 0.2217573221757322
F1 macro: 0.22481473328930957
With contradiction_threshold = 0.08112898933745782 and entailment_threshold = 0.30000000000000004
Accuracy: 0.18410041841004185
F1 micro: 0.18410041841004182
F1 macro: 0.19613055678629446
With contradiction_threshold = 0.08112898933745782 and entailment_threshold = 0.4
Accuracy: 0.14644351464435146
F1 micro: 0.14644351464435146
F1 macro: 0.16683568075117372
With contradiction_threshold = 0.08112898933745782 and entailment_threshold = 0.5
Accuracy: 0.13807531380753138
F1 micro: 0.13807531380753138
F1 macro: 0.15859984326603724
With contradiction_threshold = 0.08112898933745782 and entailment_threshold = 0.6
Accuracy: 0.1297071129707113
F1 micro: 0.1297071129707113
F1 macro: 0.15258599921386637
With contradiction_threshold = 0.08112898933745782 and entailment_threshold = 0.7000000000000001
Accuracy: 0.1297071129707113
F1 micro: 0.1297071129707113
F1 macro: 0.15258599921386637
With contradiction_threshold = 0.08112898933745782 and entailment_threshold = 0.8
Accuracy: 0.1297071129707113
F1 micro: 0.1297071129707113
F1 macro: 0.15258599921386637
With contradiction_threshold = 0.08112898933745782 and entailment_threshold = 0.9
Accuracy: 0.1297071129707113
F1 micro: 0.1297071129707113
F1 macro: 0.15258599921386637
