With contradiction_threshold = 0.3066000507824356 and entailment_threshold = 0.5892463317140937 * COMPUTED THRESHOLDS
Accuracy: 0.7698744769874477
F1 micro: 0.7698744769874478
F1 macro: 0.5451084887704606
With contradiction_threshold = 0.1 and entailment_threshold = 0.5892463317140937
Accuracy: 0.7698744769874477
F1 micro: 0.7698744769874478
F1 macro: 0.5451084887704606
With contradiction_threshold = 0.2 and entailment_threshold = 0.5892463317140937
Accuracy: 0.7698744769874477
F1 micro: 0.7698744769874478
F1 macro: 0.5451084887704606
With contradiction_threshold = 0.30000000000000004 and entailment_threshold = 0.5892463317140937
Accuracy: 0.7698744769874477
F1 micro: 0.7698744769874478
F1 macro: 0.5451084887704606
With contradiction_threshold = 0.4 and entailment_threshold = 0.5892463317140937
Accuracy: 0.7698744769874477
F1 micro: 0.7698744769874478
F1 macro: 0.36447876447876454
With contradiction_threshold = 0.5 and entailment_threshold = 0.5892463317140937
Accuracy: 0.7656903765690377
F1 micro: 0.7656903765690377
F1 macro: 0.36120495495495497
With contradiction_threshold = 0.6 and entailment_threshold = 0.5892463317140937
Accuracy: 0.7531380753138075
F1 micro: 0.7531380753138075
F1 macro: 0.34057586998763467
With contradiction_threshold = 0.7000000000000001 and entailment_threshold = 0.5892463317140937
Accuracy: 0.7405857740585774
F1 micro: 0.7405857740585774
F1 macro: 0.3031031031031031
With contradiction_threshold = 0.8 and entailment_threshold = 0.5892463317140937
Accuracy: 0.7364016736401674
F1 micro: 0.7364016736401673
F1 macro: 0.2882882882882883
With contradiction_threshold = 0.9 and entailment_threshold = 0.5892463317140937
Accuracy: 0.7364016736401674
F1 micro: 0.7364016736401673
F1 macro: 0.2882882882882883
With contradiction_threshold = 0.3066000507824356 and entailment_threshold = 0.1
Accuracy: 0.7949790794979079
F1 micro: 0.7949790794979079
F1 macro: 0.5396076581357865
With contradiction_threshold = 0.3066000507824356 and entailment_threshold = 0.2
Accuracy: 0.7949790794979079
F1 micro: 0.7949790794979079
F1 macro: 0.5396076581357865
With contradiction_threshold = 0.3066000507824356 and entailment_threshold = 0.30000000000000004
Accuracy: 0.7949790794979079
F1 micro: 0.7949790794979079
F1 macro: 0.5396076581357865
With contradiction_threshold = 0.3066000507824356 and entailment_threshold = 0.4
Accuracy: 0.7949790794979079
F1 micro: 0.7949790794979079
F1 macro: 0.5396076581357865
With contradiction_threshold = 0.3066000507824356 and entailment_threshold = 0.5
Accuracy: 0.7907949790794979
F1 micro: 0.7907949790794979
F1 macro: 0.5366780397022333
With contradiction_threshold = 0.3066000507824356 and entailment_threshold = 0.6
Accuracy: 0.7656903765690377
F1 micro: 0.7656903765690377
F1 macro: 0.5421455938697318
With contradiction_threshold = 0.3066000507824356 and entailment_threshold = 0.7000000000000001
Accuracy: 0.7196652719665272
F1 micro: 0.7196652719665272
F1 macro: 0.36829253766898934
With contradiction_threshold = 0.3066000507824356 and entailment_threshold = 0.8
Accuracy: 0.6652719665271967
F1 micro: 0.6652719665271967
F1 macro: 0.35610496638473216
With contradiction_threshold = 0.3066000507824356 and entailment_threshold = 0.9
Accuracy: 0.5774058577405857
F1 micro: 0.5774058577405857
F1 macro: 0.33543228385807095
