With contradiction_threshold = 0.5937228539529826 and entailment_threshold = 0.7522482874251182 * COMPUTED THRESHOLDS
Accuracy: 0.5941422594142259
F1 micro: 0.5941422594142259
F1 macro: 0.27626082750736486
With contradiction_threshold = 0.1 and entailment_threshold = 0.7522482874251182
Accuracy: 0.6694560669456067
F1 micro: 0.6694560669456067
F1 macro: 0.552974879844686
With contradiction_threshold = 0.2 and entailment_threshold = 0.7522482874251182
Accuracy: 0.6694560669456067
F1 micro: 0.6694560669456067
F1 macro: 0.3695832139331996
With contradiction_threshold = 0.30000000000000004 and entailment_threshold = 0.7522482874251182
Accuracy: 0.6694560669456067
F1 micro: 0.6694560669456067
F1 macro: 0.39233225607879346
With contradiction_threshold = 0.4 and entailment_threshold = 0.7522482874251182
Accuracy: 0.6192468619246861
F1 micro: 0.6192468619246861
F1 macro: 0.3270544783010157
With contradiction_threshold = 0.5 and entailment_threshold = 0.7522482874251182
Accuracy: 0.6108786610878661
F1 micro: 0.6108786610878661
F1 macro: 0.32211620669607743
With contradiction_threshold = 0.6 and entailment_threshold = 0.7522482874251182
Accuracy: 0.5941422594142259
F1 micro: 0.5941422594142259
F1 macro: 0.27626082750736486
With contradiction_threshold = 0.7000000000000001 and entailment_threshold = 0.7522482874251182
Accuracy: 0.5899581589958159
F1 micro: 0.5899581589958159
F1 macro: 0.26038781163434904
With contradiction_threshold = 0.8 and entailment_threshold = 0.7522482874251182
Accuracy: 0.5899581589958159
F1 micro: 0.5899581589958159
F1 macro: 0.26038781163434904
With contradiction_threshold = 0.9 and entailment_threshold = 0.7522482874251182
Accuracy: 0.5899581589958159
F1 micro: 0.5899581589958159
F1 macro: 0.26038781163434904
With contradiction_threshold = 0.5937228539529826 and entailment_threshold = 0.1
Accuracy: 0.8326359832635983
F1 micro: 0.8326359832635982
F1 macro: 0.47793796417649625
With contradiction_threshold = 0.5937228539529826 and entailment_threshold = 0.2
Accuracy: 0.8326359832635983
F1 micro: 0.8326359832635982
F1 macro: 0.47793796417649625
With contradiction_threshold = 0.5937228539529826 and entailment_threshold = 0.30000000000000004
Accuracy: 0.8326359832635983
F1 micro: 0.8326359832635982
F1 macro: 0.47793796417649625
With contradiction_threshold = 0.5937228539529826 and entailment_threshold = 0.4
Accuracy: 0.8326359832635983
F1 micro: 0.8326359832635982
F1 macro: 0.47793796417649625
With contradiction_threshold = 0.5937228539529826 and entailment_threshold = 0.5
Accuracy: 0.8075313807531381
F1 micro: 0.8075313807531381
F1 macro: 0.316342499441091
With contradiction_threshold = 0.5937228539529826 and entailment_threshold = 0.6
Accuracy: 0.7489539748953975
F1 micro: 0.7489539748953975
F1 macro: 0.30530391018195896
With contradiction_threshold = 0.5937228539529826 and entailment_threshold = 0.7000000000000001
Accuracy: 0.6694560669456067
F1 micro: 0.6694560669456067
F1 macro: 0.29555639318172305
With contradiction_threshold = 0.5937228539529826 and entailment_threshold = 0.8
Accuracy: 0.5732217573221757
F1 micro: 0.5732217573221757
F1 macro: 0.2712720769058797
With contradiction_threshold = 0.5937228539529826 and entailment_threshold = 0.9
Accuracy: 0.41422594142259417
F1 micro: 0.41422594142259417
F1 macro: 0.2259480426682999
