With contradiction_threshold = 0.5921285742673355 and entailment_threshold = 0.7538517906190805 * COMPUTED THRESHOLDS
Accuracy: 0.5941422594142259
F1 micro: 0.5941422594142259
F1 macro: 0.27664797423597504
With contradiction_threshold = 0.1 and entailment_threshold = 0.7538517906190805
Accuracy: 0.6694560669456067
F1 micro: 0.6694560669456067
F1 macro: 0.552974879844686
With contradiction_threshold = 0.2 and entailment_threshold = 0.7538517906190805
Accuracy: 0.6694560669456067
F1 micro: 0.6694560669456067
F1 macro: 0.3695832139331996
With contradiction_threshold = 0.30000000000000004 and entailment_threshold = 0.7538517906190805
Accuracy: 0.6610878661087866
F1 micro: 0.6610878661087866
F1 macro: 0.3809551875208738
With contradiction_threshold = 0.4 and entailment_threshold = 0.7538517906190805
Accuracy: 0.6192468619246861
F1 micro: 0.6192468619246861
F1 macro: 0.3290152626147412
With contradiction_threshold = 0.5 and entailment_threshold = 0.7538517906190805
Accuracy: 0.6108786610878661
F1 micro: 0.6108786610878661
F1 macro: 0.32211620669607743
With contradiction_threshold = 0.6 and entailment_threshold = 0.7538517906190805
Accuracy: 0.5941422594142259
F1 micro: 0.5941422594142259
F1 macro: 0.27664797423597504
With contradiction_threshold = 0.7000000000000001 and entailment_threshold = 0.7538517906190805
Accuracy: 0.5899581589958159
F1 micro: 0.5899581589958159
F1 macro: 0.26038781163434904
With contradiction_threshold = 0.8 and entailment_threshold = 0.7538517906190805
Accuracy: 0.5899581589958159
F1 micro: 0.5899581589958159
F1 macro: 0.26038781163434904
With contradiction_threshold = 0.9 and entailment_threshold = 0.7538517906190805
Accuracy: 0.5899581589958159
F1 micro: 0.5899581589958159
F1 macro: 0.26038781163434904
With contradiction_threshold = 0.5921285742673355 and entailment_threshold = 0.1
Accuracy: 0.8368200836820083
F1 micro: 0.8368200836820082
F1 macro: 0.4797678182731484
With contradiction_threshold = 0.5921285742673355 and entailment_threshold = 0.2
Accuracy: 0.8368200836820083
F1 micro: 0.8368200836820082
F1 macro: 0.4797678182731484
With contradiction_threshold = 0.5921285742673355 and entailment_threshold = 0.30000000000000004
Accuracy: 0.8368200836820083
F1 micro: 0.8368200836820082
F1 macro: 0.4797678182731484
With contradiction_threshold = 0.5921285742673355 and entailment_threshold = 0.4
Accuracy: 0.8368200836820083
F1 micro: 0.8368200836820082
F1 macro: 0.4797678182731484
With contradiction_threshold = 0.5921285742673355 and entailment_threshold = 0.5
Accuracy: 0.8075313807531381
F1 micro: 0.8075313807531381
F1 macro: 0.3167296461697011
With contradiction_threshold = 0.5921285742673355 and entailment_threshold = 0.6
Accuracy: 0.7573221757322176
F1 micro: 0.7573221757322176
F1 macro: 0.30752229852395613
With contradiction_threshold = 0.5921285742673355 and entailment_threshold = 0.7000000000000001
Accuracy: 0.6736401673640168
F1 micro: 0.6736401673640168
F1 macro: 0.2954922742944707
With contradiction_threshold = 0.5921285742673355 and entailment_threshold = 0.8
Accuracy: 0.5774058577405857
F1 micro: 0.5774058577405857
F1 macro: 0.27281446971773093
With contradiction_threshold = 0.5921285742673355 and entailment_threshold = 0.9
Accuracy: 0.4100418410041841
F1 micro: 0.41004184100418406
F1 macro: 0.22486231313926042
