With contradiction_threshold = 0.3066000507824356 and entailment_threshold = 0.5892463317140937 * COMPUTED THRESHOLDS
Accuracy: 0.7071129707112971
F1 micro: 0.707112970711297
F1 macro: 0.3347177357329642
With contradiction_threshold = 0.1 and entailment_threshold = 0.5892463317140937
Accuracy: 0.7071129707112971
F1 micro: 0.707112970711297
F1 macro: 0.3347177357329642
With contradiction_threshold = 0.2 and entailment_threshold = 0.5892463317140937
Accuracy: 0.7071129707112971
F1 micro: 0.707112970711297
F1 macro: 0.3347177357329642
With contradiction_threshold = 0.30000000000000004 and entailment_threshold = 0.5892463317140937
Accuracy: 0.7071129707112971
F1 micro: 0.707112970711297
F1 macro: 0.3347177357329642
With contradiction_threshold = 0.4 and entailment_threshold = 0.5892463317140937
Accuracy: 0.7071129707112971
F1 micro: 0.707112970711297
F1 macro: 0.3347177357329642
With contradiction_threshold = 0.5 and entailment_threshold = 0.5892463317140937
Accuracy: 0.7071129707112971
F1 micro: 0.707112970711297
F1 macro: 0.33983937465742
With contradiction_threshold = 0.6 and entailment_threshold = 0.5892463317140937
Accuracy: 0.698744769874477
F1 micro: 0.698744769874477
F1 macro: 0.32702172803695645
With contradiction_threshold = 0.7000000000000001 and entailment_threshold = 0.5892463317140937
Accuracy: 0.698744769874477
F1 micro: 0.698744769874477
F1 macro: 0.3296672306824591
With contradiction_threshold = 0.8 and entailment_threshold = 0.5892463317140937
Accuracy: 0.694560669456067
F1 micro: 0.694560669456067
F1 macro: 0.32008868662115647
With contradiction_threshold = 0.9 and entailment_threshold = 0.5892463317140937
Accuracy: 0.6903765690376569
F1 micro: 0.6903765690376569
F1 macro: 0.3141116751269036
With contradiction_threshold = 0.3066000507824356 and entailment_threshold = 0.1
Accuracy: 0.7405857740585774
F1 micro: 0.7405857740585774
F1 macro: 0.3495565650010815
With contradiction_threshold = 0.3066000507824356 and entailment_threshold = 0.2
Accuracy: 0.7405857740585774
F1 micro: 0.7405857740585774
F1 macro: 0.3495565650010815
With contradiction_threshold = 0.3066000507824356 and entailment_threshold = 0.30000000000000004
Accuracy: 0.7405857740585774
F1 micro: 0.7405857740585774
F1 macro: 0.3495565650010815
With contradiction_threshold = 0.3066000507824356 and entailment_threshold = 0.4
Accuracy: 0.7405857740585774
F1 micro: 0.7405857740585774
F1 macro: 0.3495565650010815
With contradiction_threshold = 0.3066000507824356 and entailment_threshold = 0.5
Accuracy: 0.7405857740585774
F1 micro: 0.7405857740585774
F1 macro: 0.3495565650010815
With contradiction_threshold = 0.3066000507824356 and entailment_threshold = 0.6
Accuracy: 0.702928870292887
F1 micro: 0.702928870292887
F1 macro: 0.3337188680700131
With contradiction_threshold = 0.3066000507824356 and entailment_threshold = 0.7000000000000001
Accuracy: 0.6652719665271967
F1 micro: 0.6652719665271967
F1 macro: 0.33854417187750524
With contradiction_threshold = 0.3066000507824356 and entailment_threshold = 0.8
Accuracy: 0.6150627615062761
F1 micro: 0.6150627615062761
F1 macro: 0.3273645546372819
With contradiction_threshold = 0.3066000507824356 and entailment_threshold = 0.9
Accuracy: 0.5648535564853556
F1 micro: 0.5648535564853556
F1 macro: 0.31453503516540765
