With contradiction_threshold = 0.1139116442484891 and entailment_threshold = 0.35857256002541504 * COMPUTED THRESHOLDS
Accuracy: 0.2175732217573222
F1 micro: 0.2175732217573222
F1 macro: 0.19861795754833775
With contradiction_threshold = 0.1 and entailment_threshold = 0.35857256002541504
Accuracy: 0.2175732217573222
F1 micro: 0.2175732217573222
F1 macro: 0.19602464459103477
With contradiction_threshold = 0.2 and entailment_threshold = 0.35857256002541504
Accuracy: 0.2175732217573222
F1 micro: 0.2175732217573222
F1 macro: 0.20926550209418737
With contradiction_threshold = 0.30000000000000004 and entailment_threshold = 0.35857256002541504
Accuracy: 0.2175732217573222
F1 micro: 0.2175732217573222
F1 macro: 0.21285524568393097
With contradiction_threshold = 0.4 and entailment_threshold = 0.35857256002541504
Accuracy: 0.20920502092050208
F1 micro: 0.20920502092050206
F1 macro: 0.19198568046653963
With contradiction_threshold = 0.5 and entailment_threshold = 0.35857256002541504
Accuracy: 0.20920502092050208
F1 micro: 0.20920502092050206
F1 macro: 0.19359598642467168
With contradiction_threshold = 0.6 and entailment_threshold = 0.35857256002541504
Accuracy: 0.19665271966527198
F1 micro: 0.19665271966527198
F1 macro: 0.15126794409662936
With contradiction_threshold = 0.7000000000000001 and entailment_threshold = 0.35857256002541504
Accuracy: 0.19246861924686193
F1 micro: 0.19246861924686195
F1 macro: 0.13530778164924506
With contradiction_threshold = 0.8 and entailment_threshold = 0.35857256002541504
Accuracy: 0.19246861924686193
F1 micro: 0.19246861924686195
F1 macro: 0.1357142857142857
With contradiction_threshold = 0.9 and entailment_threshold = 0.35857256002541504
Accuracy: 0.19246861924686193
F1 micro: 0.19246861924686195
F1 macro: 0.1357142857142857
With contradiction_threshold = 0.1139116442484891 and entailment_threshold = 0.1
Accuracy: 0.3138075313807531
F1 micro: 0.3138075313807531
F1 macro: 0.24758454106280195
With contradiction_threshold = 0.1139116442484891 and entailment_threshold = 0.2
Accuracy: 0.2719665271966527
F1 micro: 0.2719665271966527
F1 macro: 0.22778329471477435
With contradiction_threshold = 0.1139116442484891 and entailment_threshold = 0.30000000000000004
Accuracy: 0.22594142259414227
F1 micro: 0.22594142259414227
F1 macro: 0.20430693744037068
With contradiction_threshold = 0.1139116442484891 and entailment_threshold = 0.4
Accuracy: 0.2175732217573222
F1 micro: 0.2175732217573222
F1 macro: 0.19861795754833775
With contradiction_threshold = 0.1139116442484891 and entailment_threshold = 0.5
Accuracy: 0.19665271966527198
F1 micro: 0.19665271966527198
F1 macro: 0.1861788617886179
With contradiction_threshold = 0.1139116442484891 and entailment_threshold = 0.6
Accuracy: 0.14644351464435146
F1 micro: 0.14644351464435146
F1 macro: 0.16107660455486544
With contradiction_threshold = 0.1139116442484891 and entailment_threshold = 0.7000000000000001
Accuracy: 0.1297071129707113
F1 micro: 0.1297071129707113
F1 macro: 0.14823008849557523
With contradiction_threshold = 0.1139116442484891 and entailment_threshold = 0.8
Accuracy: 0.12552301255230125
F1 micro: 0.12552301255230125
F1 macro: 0.15255332902391727
With contradiction_threshold = 0.1139116442484891 and entailment_threshold = 0.9
Accuracy: 0.12133891213389121
F1 micro: 0.12133891213389121
F1 macro: 0.1497835497835498
