With contradiction_threshold = 0.06818034635540471 and entailment_threshold = 0.003523731603024327 * COMPUTED THRESHOLDS
Accuracy: 0.3925233644859813
F1 micro: 0.39252336448598124
F1 macro: 0.2599745981693164
With contradiction_threshold = 0.1 and entailment_threshold = 0.003523731603024327
Accuracy: 0.4392523364485981
F1 micro: 0.4392523364485981
F1 macro: 0.29829575526622204
With contradiction_threshold = 0.2 and entailment_threshold = 0.003523731603024327
Accuracy: 0.5046728971962616
F1 micro: 0.5046728971962616
F1 macro: 0.3082155939298796
With contradiction_threshold = 0.30000000000000004 and entailment_threshold = 0.003523731603024327
Accuracy: 0.4953271028037383
F1 micro: 0.4953271028037383
F1 macro: 0.2644082241397677
With contradiction_threshold = 0.4 and entailment_threshold = 0.003523731603024327
Accuracy: 0.514018691588785
F1 micro: 0.514018691588785
F1 macro: 0.2734983153247357
With contradiction_threshold = 0.5 and entailment_threshold = 0.003523731603024327
Accuracy: 0.514018691588785
F1 micro: 0.514018691588785
F1 macro: 0.2734983153247357
With contradiction_threshold = 0.6 and entailment_threshold = 0.003523731603024327
Accuracy: 0.5046728971962616
F1 micro: 0.5046728971962616
F1 macro: 0.23841059602649006
With contradiction_threshold = 0.7000000000000001 and entailment_threshold = 0.003523731603024327
Accuracy: 0.5046728971962616
F1 micro: 0.5046728971962616
F1 macro: 0.23841059602649006
With contradiction_threshold = 0.8 and entailment_threshold = 0.003523731603024327
Accuracy: 0.5046728971962616
F1 micro: 0.5046728971962616
F1 macro: 0.23841059602649006
With contradiction_threshold = 0.9 and entailment_threshold = 0.003523731603024327
Accuracy: 0.5046728971962616
F1 micro: 0.5046728971962616
F1 macro: 0.23841059602649006
With contradiction_threshold = 0.06818034635540471 and entailment_threshold = 0.1
Accuracy: 0.1588785046728972
F1 micro: 0.1588785046728972
F1 macro: 0.1425026968716289
With contradiction_threshold = 0.06818034635540471 and entailment_threshold = 0.2
Accuracy: 0.102803738317757
F1 micro: 0.102803738317757
F1 macro: 0.10639521509086726
With contradiction_threshold = 0.06818034635540471 and entailment_threshold = 0.30000000000000004
Accuracy: 0.08411214953271028
F1 micro: 0.08411214953271028
F1 macro: 0.09074074074074073
With contradiction_threshold = 0.06818034635540471 and entailment_threshold = 0.4
Accuracy: 0.08411214953271028
F1 micro: 0.08411214953271028
F1 macro: 0.09074074074074073
With contradiction_threshold = 0.06818034635540471 and entailment_threshold = 0.5
Accuracy: 0.08411214953271028
F1 micro: 0.08411214953271028
F1 macro: 0.09074074074074073
With contradiction_threshold = 0.06818034635540471 and entailment_threshold = 0.6
Accuracy: 0.07476635514018691
F1 micro: 0.07476635514018691
F1 macro: 0.08333333333333333
With contradiction_threshold = 0.06818034635540471 and entailment_threshold = 0.7000000000000001
Accuracy: 0.07476635514018691
F1 micro: 0.07476635514018691
F1 macro: 0.08333333333333333
With contradiction_threshold = 0.06818034635540471 and entailment_threshold = 0.8
Accuracy: 0.07476635514018691
F1 micro: 0.07476635514018691
F1 macro: 0.08333333333333333
With contradiction_threshold = 0.06818034635540471 and entailment_threshold = 0.9
Accuracy: 0.07476635514018691
F1 micro: 0.07476635514018691
F1 macro: 0.08333333333333333
