With contradiction_threshold = 0.1832129343551876 and entailment_threshold = 0.2619466495388343 * COMPUTED THRESHOLDS
Accuracy: 0.6355140186915887
F1 micro: 0.6355140186915887
F1 macro: 0.3167945439045184
With contradiction_threshold = 0.1 and entailment_threshold = 0.2619466495388343
Accuracy: 0.6448598130841121
F1 micro: 0.6448598130841121
F1 macro: 0.3233396584440228
With contradiction_threshold = 0.2 and entailment_threshold = 0.2619466495388343
Accuracy: 0.6355140186915887
F1 micro: 0.6355140186915887
F1 macro: 0.3167945439045184
With contradiction_threshold = 0.30000000000000004 and entailment_threshold = 0.2619466495388343
Accuracy: 0.6355140186915887
F1 micro: 0.6355140186915887
F1 macro: 0.3167945439045184
With contradiction_threshold = 0.4 and entailment_threshold = 0.2619466495388343
Accuracy: 0.6448598130841121
F1 micro: 0.6448598130841121
F1 macro: 0.3218146376041113
With contradiction_threshold = 0.5 and entailment_threshold = 0.2619466495388343
Accuracy: 0.6448598130841121
F1 micro: 0.6448598130841121
F1 macro: 0.3218146376041113
With contradiction_threshold = 0.6 and entailment_threshold = 0.2619466495388343
Accuracy: 0.6355140186915887
F1 micro: 0.6355140186915887
F1 macro: 0.2929546087440824
With contradiction_threshold = 0.7000000000000001 and entailment_threshold = 0.2619466495388343
Accuracy: 0.6261682242990654
F1 micro: 0.6261682242990654
F1 macro: 0.26120857699805067
With contradiction_threshold = 0.8 and entailment_threshold = 0.2619466495388343
Accuracy: 0.6261682242990654
F1 micro: 0.6261682242990654
F1 macro: 0.26120857699805067
With contradiction_threshold = 0.9 and entailment_threshold = 0.2619466495388343
Accuracy: 0.6261682242990654
F1 micro: 0.6261682242990654
F1 macro: 0.26120857699805067
With contradiction_threshold = 0.1832129343551876 and entailment_threshold = 0.1
Accuracy: 0.7476635514018691
F1 micro: 0.7476635514018691
F1 macro: 0.34212401995723446
With contradiction_threshold = 0.1832129343551876 and entailment_threshold = 0.2
Accuracy: 0.6822429906542056
F1 micro: 0.6822429906542056
F1 macro: 0.3269104084321475
With contradiction_threshold = 0.1832129343551876 and entailment_threshold = 0.30000000000000004
Accuracy: 0.6074766355140186
F1 micro: 0.6074766355140186
F1 macro: 0.3048303393213573
With contradiction_threshold = 0.1832129343551876 and entailment_threshold = 0.4
Accuracy: 0.5233644859813084
F1 micro: 0.5233644859813084
F1 macro: 0.3279002876318313
With contradiction_threshold = 0.1832129343551876 and entailment_threshold = 0.5
Accuracy: 0.4205607476635514
F1 micro: 0.4205607476635514
F1 macro: 0.29854096520763185
With contradiction_threshold = 0.1832129343551876 and entailment_threshold = 0.6
Accuracy: 0.3177570093457944
F1 micro: 0.3177570093457944
F1 macro: 0.26965811965811964
With contradiction_threshold = 0.1832129343551876 and entailment_threshold = 0.7000000000000001
Accuracy: 0.205607476635514
F1 micro: 0.205607476635514
F1 macro: 0.20545073375262057
With contradiction_threshold = 0.1832129343551876 and entailment_threshold = 0.8
Accuracy: 0.1308411214953271
F1 micro: 0.1308411214953271
F1 macro: 0.15873015873015872
With contradiction_threshold = 0.1832129343551876 and entailment_threshold = 0.9
Accuracy: 0.08411214953271028
F1 micro: 0.08411214953271028
F1 macro: 0.12071262071262073
