With contradiction_threshold = 0.18992330543503044 and entailment_threshold = 0.21045740006593405 * COMPUTED THRESHOLDS
Accuracy: 0.719626168224299
F1 micro: 0.7196261682242989
F1 macro: 0.3333333333333333
With contradiction_threshold = 0.1 and entailment_threshold = 0.21045740006593405
Accuracy: 0.719626168224299
F1 micro: 0.7196261682242989
F1 macro: 0.32375478927203066
With contradiction_threshold = 0.2 and entailment_threshold = 0.21045740006593405
Accuracy: 0.719626168224299
F1 micro: 0.7196261682242989
F1 macro: 0.3333333333333333
With contradiction_threshold = 0.30000000000000004 and entailment_threshold = 0.21045740006593405
Accuracy: 0.719626168224299
F1 micro: 0.7196261682242989
F1 macro: 0.3333333333333333
With contradiction_threshold = 0.4 and entailment_threshold = 0.21045740006593405
Accuracy: 0.7289719626168224
F1 micro: 0.7289719626168223
F1 macro: 0.3378973496677076
With contradiction_threshold = 0.5 and entailment_threshold = 0.21045740006593405
Accuracy: 0.7383177570093458
F1 micro: 0.7383177570093457
F1 macro: 0.34265734265734266
With contradiction_threshold = 0.6 and entailment_threshold = 0.21045740006593405
Accuracy: 0.7289719626168224
F1 micro: 0.7289719626168223
F1 macro: 0.3137973137973138
With contradiction_threshold = 0.7000000000000001 and entailment_threshold = 0.21045740006593405
Accuracy: 0.719626168224299
F1 micro: 0.7196261682242989
F1 macro: 0.28205128205128205
With contradiction_threshold = 0.8 and entailment_threshold = 0.21045740006593405
Accuracy: 0.719626168224299
F1 micro: 0.7196261682242989
F1 macro: 0.28205128205128205
With contradiction_threshold = 0.9 and entailment_threshold = 0.21045740006593405
Accuracy: 0.719626168224299
F1 micro: 0.7196261682242989
F1 macro: 0.28205128205128205
With contradiction_threshold = 0.18992330543503044 and entailment_threshold = 0.1
Accuracy: 0.7850467289719626
F1 micro: 0.7850467289719625
F1 macro: 0.3478906714200832
With contradiction_threshold = 0.18992330543503044 and entailment_threshold = 0.2
Accuracy: 0.719626168224299
F1 micro: 0.7196261682242989
F1 macro: 0.3333333333333333
With contradiction_threshold = 0.18992330543503044 and entailment_threshold = 0.30000000000000004
Accuracy: 0.6261682242990654
F1 micro: 0.6261682242990654
F1 macro: 0.3076923076923077
With contradiction_threshold = 0.18992330543503044 and entailment_threshold = 0.4
Accuracy: 0.514018691588785
F1 micro: 0.514018691588785
F1 macro: 0.2970356926799758
With contradiction_threshold = 0.18992330543503044 and entailment_threshold = 0.5
Accuracy: 0.42990654205607476
F1 micro: 0.42990654205607476
F1 macro: 0.30199049316696375
With contradiction_threshold = 0.18992330543503044 and entailment_threshold = 0.6
Accuracy: 0.3177570093457944
F1 micro: 0.3177570093457944
F1 macro: 0.26965811965811964
With contradiction_threshold = 0.18992330543503044 and entailment_threshold = 0.7000000000000001
Accuracy: 0.21495327102803738
F1 micro: 0.21495327102803738
F1 macro: 0.21837063039344742
With contradiction_threshold = 0.18992330543503044 and entailment_threshold = 0.8
Accuracy: 0.14018691588785046
F1 micro: 0.14018691588785046
F1 macro: 0.17165005537098557
With contradiction_threshold = 0.18992330543503044 and entailment_threshold = 0.9
Accuracy: 0.09345794392523364
F1 micro: 0.09345794392523364
F1 macro: 0.13317053317053318
