With contradiction_threshold = 0.3220185871187309 and entailment_threshold = 0.2637060552270416 * COMPUTED THRESHOLDS
Accuracy: 0.5794392523364486
F1 micro: 0.5794392523364486
F1 macro: 0.3558928947923256
With contradiction_threshold = 0.1 and entailment_threshold = 0.2637060552270416
Accuracy: 0.5887850467289719
F1 micro: 0.5887850467289719
F1 macro: 0.36265172735760975
With contradiction_threshold = 0.2 and entailment_threshold = 0.2637060552270416
Accuracy: 0.5887850467289719
F1 micro: 0.5887850467289719
F1 macro: 0.37336601307189543
With contradiction_threshold = 0.30000000000000004 and entailment_threshold = 0.2637060552270416
Accuracy: 0.5794392523364486
F1 micro: 0.5794392523364486
F1 macro: 0.3558928947923256
With contradiction_threshold = 0.4 and entailment_threshold = 0.2637060552270416
Accuracy: 0.5794392523364486
F1 micro: 0.5794392523364486
F1 macro: 0.3594771241830066
With contradiction_threshold = 0.5 and entailment_threshold = 0.2637060552270416
Accuracy: 0.5794392523364486
F1 micro: 0.5794392523364486
F1 macro: 0.3633085418075277
With contradiction_threshold = 0.6 and entailment_threshold = 0.2637060552270416
Accuracy: 0.5887850467289719
F1 micro: 0.5887850467289719
F1 macro: 0.34012107870115577
With contradiction_threshold = 0.7000000000000001 and entailment_threshold = 0.2637060552270416
Accuracy: 0.5794392523364486
F1 micro: 0.5794392523364486
F1 macro: 0.3121783876500858
With contradiction_threshold = 0.8 and entailment_threshold = 0.2637060552270416
Accuracy: 0.5794392523364486
F1 micro: 0.5794392523364486
F1 macro: 0.3121783876500858
With contradiction_threshold = 0.9 and entailment_threshold = 0.2637060552270416
Accuracy: 0.5794392523364486
F1 micro: 0.5794392523364486
F1 macro: 0.3121783876500858
With contradiction_threshold = 0.3220185871187309 and entailment_threshold = 0.1
Accuracy: 0.6635514018691588
F1 micro: 0.6635514018691588
F1 macro: 0.37746553202717853
With contradiction_threshold = 0.3220185871187309 and entailment_threshold = 0.2
Accuracy: 0.6355140186915887
F1 micro: 0.6355140186915887
F1 macro: 0.37002688172043013
With contradiction_threshold = 0.3220185871187309 and entailment_threshold = 0.30000000000000004
Accuracy: 0.5607476635514018
F1 micro: 0.5607476635514018
F1 macro: 0.35035248878444775
With contradiction_threshold = 0.3220185871187309 and entailment_threshold = 0.4
Accuracy: 0.5046728971962616
F1 micro: 0.5046728971962616
F1 macro: 0.3328142380422692
With contradiction_threshold = 0.3220185871187309 and entailment_threshold = 0.5
Accuracy: 0.4392523364485981
F1 micro: 0.4392523364485981
F1 macro: 0.31190644376422577
With contradiction_threshold = 0.3220185871187309 and entailment_threshold = 0.6
Accuracy: 0.3177570093457944
F1 micro: 0.3177570093457944
F1 macro: 0.2685556867375049
With contradiction_threshold = 0.3220185871187309 and entailment_threshold = 0.7000000000000001
Accuracy: 0.2336448598130841
F1 micro: 0.23364485981308414
F1 macro: 0.241690408357075
With contradiction_threshold = 0.3220185871187309 and entailment_threshold = 0.8
Accuracy: 0.17757009345794392
F1 micro: 0.17757009345794392
F1 macro: 0.20935939747820934
With contradiction_threshold = 0.3220185871187309 and entailment_threshold = 0.9
Accuracy: 0.14018691588785046
F1 micro: 0.14018691588785046
F1 macro: 0.1848621023878756
