With contradiction_threshold = 0.27001215529162437 and entailment_threshold = 0.16770414467038108 * COMPUTED THRESHOLDS
Accuracy: 0.41422594142259417
F1 micro: 0.41422594142259417
F1 macro: 0.2638730422155378
With contradiction_threshold = 0.1 and entailment_threshold = 0.16770414467038108
Accuracy: 0.41841004184100417
F1 micro: 0.4184100418410041
F1 macro: 0.2650846127137962
With contradiction_threshold = 0.2 and entailment_threshold = 0.16770414467038108
Accuracy: 0.41422594142259417
F1 micro: 0.41422594142259417
F1 macro: 0.26284897667534324
With contradiction_threshold = 0.30000000000000004 and entailment_threshold = 0.16770414467038108
Accuracy: 0.41422594142259417
F1 micro: 0.41422594142259417
F1 macro: 0.2638730422155378
With contradiction_threshold = 0.4 and entailment_threshold = 0.16770414467038108
Accuracy: 0.41422594142259417
F1 micro: 0.41422594142259417
F1 macro: 0.26493068367508305
With contradiction_threshold = 0.5 and entailment_threshold = 0.16770414467038108
Accuracy: 0.41422594142259417
F1 micro: 0.41422594142259417
F1 macro: 0.26493068367508305
With contradiction_threshold = 0.6 and entailment_threshold = 0.16770414467038108
Accuracy: 0.41841004184100417
F1 micro: 0.4184100418410041
F1 macro: 0.27358197358197356
With contradiction_threshold = 0.7000000000000001 and entailment_threshold = 0.16770414467038108
Accuracy: 0.4225941422594142
F1 micro: 0.4225941422594142
F1 macro: 0.26261236470372407
With contradiction_threshold = 0.8 and entailment_threshold = 0.16770414467038108
Accuracy: 0.41841004184100417
F1 micro: 0.4184100418410041
F1 macro: 0.2484402383456011
With contradiction_threshold = 0.9 and entailment_threshold = 0.16770414467038108
Accuracy: 0.41841004184100417
F1 micro: 0.4184100418410041
F1 macro: 0.2505074218081334
With contradiction_threshold = 0.27001215529162437 and entailment_threshold = 0.1
Accuracy: 0.497907949790795
F1 micro: 0.497907949790795
F1 macro: 0.29142375955434646
With contradiction_threshold = 0.27001215529162437 and entailment_threshold = 0.2
Accuracy: 0.40585774058577406
F1 micro: 0.40585774058577406
F1 macro: 0.2608483836169398
With contradiction_threshold = 0.27001215529162437 and entailment_threshold = 0.30000000000000004
Accuracy: 0.3682008368200837
F1 micro: 0.36820083682008364
F1 macro: 0.24796131918885758
With contradiction_threshold = 0.27001215529162437 and entailment_threshold = 0.4
Accuracy: 0.3179916317991632
F1 micro: 0.3179916317991632
F1 macro: 0.23546083627797407
With contradiction_threshold = 0.27001215529162437 and entailment_threshold = 0.5
Accuracy: 0.29707112970711297
F1 micro: 0.29707112970711297
F1 macro: 0.22694795427196154
With contradiction_threshold = 0.27001215529162437 and entailment_threshold = 0.6
Accuracy: 0.2301255230125523
F1 micro: 0.2301255230125523
F1 macro: 0.1947380784590087
With contradiction_threshold = 0.27001215529162437 and entailment_threshold = 0.7000000000000001
Accuracy: 0.1799163179916318
F1 micro: 0.1799163179916318
F1 macro: 0.16801239703123724
With contradiction_threshold = 0.27001215529162437 and entailment_threshold = 0.8
Accuracy: 0.14644351464435146
F1 micro: 0.14644351464435146
F1 macro: 0.14908436540700754
With contradiction_threshold = 0.27001215529162437 and entailment_threshold = 0.9
Accuracy: 0.1297071129707113
F1 micro: 0.1297071129707113
F1 macro: 0.13921695868483666
