With contradiction_threshold = 0.21402004427075738 and entailment_threshold = 0.34703918059167593 * COMPUTED THRESHOLDS
Accuracy: 0.23430962343096234
F1 micro: 0.23430962343096234
F1 macro: 0.20614529336638873
With contradiction_threshold = 0.1 and entailment_threshold = 0.34703918059167593
Accuracy: 0.2510460251046025
F1 micro: 0.2510460251046025
F1 macro: 0.20614529336638868
With contradiction_threshold = 0.2 and entailment_threshold = 0.34703918059167593
Accuracy: 0.2384937238493724
F1 micro: 0.2384937238493724
F1 macro: 0.2157642352827779
With contradiction_threshold = 0.30000000000000004 and entailment_threshold = 0.34703918059167593
Accuracy: 0.2301255230125523
F1 micro: 0.2301255230125523
F1 macro: 0.20523330066233034
With contradiction_threshold = 0.4 and entailment_threshold = 0.34703918059167593
Accuracy: 0.22594142259414227
F1 micro: 0.22594142259414227
F1 macro: 0.19275457122387318
With contradiction_threshold = 0.5 and entailment_threshold = 0.34703918059167593
Accuracy: 0.22594142259414227
F1 micro: 0.22594142259414227
F1 macro: 0.19275457122387318
With contradiction_threshold = 0.6 and entailment_threshold = 0.34703918059167593
Accuracy: 0.2175732217573222
F1 micro: 0.2175732217573222
F1 macro: 0.1619019550054033
With contradiction_threshold = 0.7000000000000001 and entailment_threshold = 0.34703918059167593
Accuracy: 0.21338912133891214
F1 micro: 0.21338912133891214
F1 macro: 0.1452577804664919
With contradiction_threshold = 0.8 and entailment_threshold = 0.34703918059167593
Accuracy: 0.20920502092050208
F1 micro: 0.20920502092050206
F1 macro: 0.1277139208173691
With contradiction_threshold = 0.9 and entailment_threshold = 0.34703918059167593
Accuracy: 0.20920502092050208
F1 micro: 0.20920502092050206
F1 macro: 0.1277139208173691
With contradiction_threshold = 0.21402004427075738 and entailment_threshold = 0.1
Accuracy: 0.6359832635983264
F1 micro: 0.6359832635983264
F1 macro: 0.3372263336416898
With contradiction_threshold = 0.21402004427075738 and entailment_threshold = 0.2
Accuracy: 0.46443514644351463
F1 micro: 0.46443514644351463
F1 macro: 0.28970423555760494
With contradiction_threshold = 0.21402004427075738 and entailment_threshold = 0.30000000000000004
Accuracy: 0.2928870292887029
F1 micro: 0.2928870292887029
F1 macro: 0.22446523735848134
With contradiction_threshold = 0.21402004427075738 and entailment_threshold = 0.4
Accuracy: 0.20920502092050208
F1 micro: 0.20920502092050206
F1 macro: 0.19391693685348155
With contradiction_threshold = 0.21402004427075738 and entailment_threshold = 0.5
Accuracy: 0.17154811715481172
F1 micro: 0.17154811715481172
F1 macro: 0.17445332042281933
With contradiction_threshold = 0.21402004427075738 and entailment_threshold = 0.6
Accuracy: 0.100418410041841
F1 micro: 0.100418410041841
F1 macro: 0.12904312668463613
With contradiction_threshold = 0.21402004427075738 and entailment_threshold = 0.7000000000000001
Accuracy: 0.06694560669456066
F1 micro: 0.06694560669456066
F1 macro: 0.10359147025813693
With contradiction_threshold = 0.21402004427075738 and entailment_threshold = 0.8
Accuracy: 0.05439330543933055
F1 micro: 0.05439330543933055
F1 macro: 0.09494949494949495
With contradiction_threshold = 0.21402004427075738 and entailment_threshold = 0.9
Accuracy: 0.03347280334728033
F1 micro: 0.03347280334728033
F1 macro: 0.07923133776792314
