With contradiction_threshold = 0.24381885081911037 and entailment_threshold = 0.09325312392491014 * COMPUTED THRESHOLDS
Accuracy: 0.5271966527196653
F1 micro: 0.5271966527196653
F1 macro: 0.3015619710817738
With contradiction_threshold = 0.1 and entailment_threshold = 0.09325312392491014
Accuracy: 0.5230125523012552
F1 micro: 0.5230125523012552
F1 macro: 0.3041393160087522
With contradiction_threshold = 0.2 and entailment_threshold = 0.09325312392491014
Accuracy: 0.5230125523012552
F1 micro: 0.5230125523012552
F1 macro: 0.2992301329770312
With contradiction_threshold = 0.30000000000000004 and entailment_threshold = 0.09325312392491014
Accuracy: 0.5271966527196653
F1 micro: 0.5271966527196653
F1 macro: 0.3015619710817738
With contradiction_threshold = 0.4 and entailment_threshold = 0.09325312392491014
Accuracy: 0.5313807531380753
F1 micro: 0.5313807531380753
F1 macro: 0.30622041920216364
With contradiction_threshold = 0.5 and entailment_threshold = 0.09325312392491014
Accuracy: 0.5313807531380753
F1 micro: 0.5313807531380753
F1 macro: 0.30622041920216364
With contradiction_threshold = 0.6 and entailment_threshold = 0.09325312392491014
Accuracy: 0.5313807531380753
F1 micro: 0.5313807531380753
F1 macro: 0.3113289760348584
With contradiction_threshold = 0.7000000000000001 and entailment_threshold = 0.09325312392491014
Accuracy: 0.5439330543933054
F1 micro: 0.5439330543933054
F1 macro: 0.3020338257332477
With contradiction_threshold = 0.8 and entailment_threshold = 0.09325312392491014
Accuracy: 0.5439330543933054
F1 micro: 0.5439330543933054
F1 macro: 0.3020338257332477
With contradiction_threshold = 0.9 and entailment_threshold = 0.09325312392491014
Accuracy: 0.5439330543933054
F1 micro: 0.5439330543933054
F1 macro: 0.2898066470640649
With contradiction_threshold = 0.24381885081911037 and entailment_threshold = 0.1
Accuracy: 0.5271966527196653
F1 micro: 0.5271966527196653
F1 macro: 0.3015619710817738
With contradiction_threshold = 0.24381885081911037 and entailment_threshold = 0.2
Accuracy: 0.4435146443514644
F1 micro: 0.4435146443514644
F1 macro: 0.27521737636182425
With contradiction_threshold = 0.24381885081911037 and entailment_threshold = 0.30000000000000004
Accuracy: 0.4100418410041841
F1 micro: 0.41004184100418406
F1 macro: 0.2728801092781339
With contradiction_threshold = 0.24381885081911037 and entailment_threshold = 0.4
Accuracy: 0.35564853556485354
F1 micro: 0.35564853556485354
F1 macro: 0.2572112881391232
With contradiction_threshold = 0.24381885081911037 and entailment_threshold = 0.5
Accuracy: 0.33472803347280333
F1 micro: 0.33472803347280333
F1 macro: 0.2562189054726368
With contradiction_threshold = 0.24381885081911037 and entailment_threshold = 0.6
Accuracy: 0.2510460251046025
F1 micro: 0.2510460251046025
F1 macro: 0.21410256410256412
With contradiction_threshold = 0.24381885081911037 and entailment_threshold = 0.7000000000000001
Accuracy: 0.19665271966527198
F1 micro: 0.19665271966527198
F1 macro: 0.18475588338602036
With contradiction_threshold = 0.24381885081911037 and entailment_threshold = 0.8
Accuracy: 0.16736401673640167
F1 micro: 0.16736401673640167
F1 macro: 0.16866318946905867
With contradiction_threshold = 0.24381885081911037 and entailment_threshold = 0.9
Accuracy: 0.1506276150627615
F1 micro: 0.1506276150627615
F1 macro: 0.15911485774499476
