With contradiction_threshold = 0.1832129343551876 and entailment_threshold = 0.2619466495388343 * COMPUTED THRESHOLDS
Accuracy: 0.6822429906542056
F1 micro: 0.6822429906542056
F1 macro: 0.30293247242399785
With contradiction_threshold = 0.1 and entailment_threshold = 0.2619466495388343
Accuracy: 0.6915887850467289
F1 micro: 0.6915887850467289
F1 macro: 0.3205691567273488
With contradiction_threshold = 0.2 and entailment_threshold = 0.2619466495388343
Accuracy: 0.6822429906542056
F1 micro: 0.6822429906542056
F1 macro: 0.30293247242399785
With contradiction_threshold = 0.30000000000000004 and entailment_threshold = 0.2619466495388343
Accuracy: 0.6822429906542056
F1 micro: 0.6822429906542056
F1 macro: 0.3045197740112994
With contradiction_threshold = 0.4 and entailment_threshold = 0.2619466495388343
Accuracy: 0.6822429906542056
F1 micro: 0.6822429906542056
F1 macro: 0.3045197740112994
With contradiction_threshold = 0.5 and entailment_threshold = 0.2619466495388343
Accuracy: 0.6822429906542056
F1 micro: 0.6822429906542056
F1 macro: 0.3045197740112994
With contradiction_threshold = 0.6 and entailment_threshold = 0.2619466495388343
Accuracy: 0.6915887850467289
F1 micro: 0.6915887850467289
F1 macro: 0.30849595899862015
With contradiction_threshold = 0.7000000000000001 and entailment_threshold = 0.2619466495388343
Accuracy: 0.6915887850467289
F1 micro: 0.6915887850467289
F1 macro: 0.30849595899862015
With contradiction_threshold = 0.8 and entailment_threshold = 0.2619466495388343
Accuracy: 0.6822429906542056
F1 micro: 0.6822429906542056
F1 macro: 0.27340823970037453
With contradiction_threshold = 0.9 and entailment_threshold = 0.2619466495388343
Accuracy: 0.6822429906542056
F1 micro: 0.6822429906542056
F1 macro: 0.27340823970037453
With contradiction_threshold = 0.1832129343551876 and entailment_threshold = 0.1
Accuracy: 0.8037383177570093
F1 micro: 0.8037383177570093
F1 macro: 0.3284301504196792
With contradiction_threshold = 0.1832129343551876 and entailment_threshold = 0.2
Accuracy: 0.7383177570093458
F1 micro: 0.7383177570093457
F1 macro: 0.31435472739820564
With contradiction_threshold = 0.1832129343551876 and entailment_threshold = 0.30000000000000004
Accuracy: 0.6448598130841121
F1 micro: 0.6448598130841121
F1 macro: 0.29386892177589846
With contradiction_threshold = 0.1832129343551876 and entailment_threshold = 0.4
Accuracy: 0.5420560747663551
F1 micro: 0.5420560747663551
F1 macro: 0.3787255538716894
With contradiction_threshold = 0.1832129343551876 and entailment_threshold = 0.5
Accuracy: 0.4485981308411215
F1 micro: 0.4485981308411215
F1 macro: 0.3543936092955701
With contradiction_threshold = 0.1832129343551876 and entailment_threshold = 0.6
Accuracy: 0.32710280373831774
F1 micro: 0.32710280373831774
F1 macro: 0.29444444444444445
With contradiction_threshold = 0.1832129343551876 and entailment_threshold = 0.7000000000000001
Accuracy: 0.2336448598130841
F1 micro: 0.23364485981308414
F1 macro: 0.2484967036151561
With contradiction_threshold = 0.1832129343551876 and entailment_threshold = 0.8
Accuracy: 0.1588785046728972
F1 micro: 0.1588785046728972
F1 macro: 0.2031487253256613
With contradiction_threshold = 0.1832129343551876 and entailment_threshold = 0.9
Accuracy: 0.11214953271028037
F1 micro: 0.11214953271028037
F1 macro: 0.16969077434193713
