For part 1. Les conditions à remplir pour bénéficier du Revenu universel d'activité, clusters are:
Cluster 0: 41 proposals
Cluster 1: 30 proposals
Cluster 2: 29 proposals
Cluster 3: 28 proposals
Cluster 4: 26 proposals
Cluster 5: 23 proposals
Cluster 6: 21 proposals
Cluster 7: 18 proposals
Cluster 8: 15 proposals
Cluster 9: 13 proposals
Cluster 10: 12 proposals
Cluster 11: 11 proposals
Cluster 12: 8 proposals
Cluster 13: 8 proposals
For part 1. Offrir un système plus lisible, clusters are:
Cluster 0: 54 proposals
Cluster 1: 43 proposals
Cluster 2: 38 proposals
Cluster 3: 34 proposals
Cluster 4: 30 proposals
Cluster 5: 29 proposals
Cluster 6: 27 proposals
Cluster 7: 22 proposals
Cluster 8: 21 proposals
Cluster 9: 20 proposals
Cluster 10: 18 proposals
Cluster 11: 18 proposals
Cluster 12: 18 proposals
Cluster 13: 16 proposals
Cluster 14: 13 proposals
Cluster 15: 13 proposals
Cluster 16: 12 proposals
Cluster 17: 12 proposals
Cluster 18: 10 proposals
Cluster 19: 6 proposals
Cluster 20: 3 proposals
For part 2. Assurer une existence digne aux allocataires, clusters are:
Cluster 0: 15 proposals
Cluster 1: 12 proposals
Cluster 2: 12 proposals
Cluster 3: 10 proposals
Cluster 4: 10 proposals
Cluster 5: 9 proposals
Cluster 6: 9 proposals
Cluster 7: 9 proposals
Cluster 8: 9 proposals
Cluster 9: 8 proposals
Cluster 10: 6 proposals
Cluster 11: 5 proposals
Cluster 12: 5 proposals
Cluster 13: 4 proposals
Cluster 14: 2 proposals
For part 2. Les modalités de demande du Revenu universel d'activité, clusters are:
Cluster 0: 8 proposals
Cluster 1: 7 proposals
Cluster 2: 7 proposals
Cluster 3: 5 proposals
Cluster 4: 5 proposals
Cluster 5: 4 proposals
Cluster 6: 4 proposals
Cluster 7: 3 proposals
Cluster 8: 2 proposals
For part 3. Encourager la reprise d'activité, clusters are:
Cluster 0: 17 proposals
Cluster 1: 16 proposals
Cluster 2: 15 proposals
Cluster 3: 15 proposals
Cluster 4: 14 proposals
Cluster 5: 13 proposals
Cluster 6: 11 proposals
Cluster 7: 11 proposals
Cluster 8: 10 proposals
Cluster 9: 8 proposals
Cluster 10: 6 proposals
Cluster 11: 5 proposals
Cluster 12: 4 proposals
For part 3. Le financement du Revenu universel d'activité, clusters are:
Cluster 0: 18 proposals
Cluster 1: 10 proposals
Cluster 2: 9 proposals
Cluster 3: 9 proposals
Cluster 4: 8 proposals
Cluster 5: 8 proposals
Cluster 6: 7 proposals
Cluster 7: 6 proposals
Cluster 8: 5 proposals
Cluster 9: 5 proposals
Cluster 10: 4 proposals
Cluster 11: 3 proposals
For part 4. Répondre à un principe d'équité, clusters are:
Cluster 0: 13 proposals
Cluster 1: 13 proposals
Cluster 2: 12 proposals
Cluster 3: 11 proposals
Cluster 4: 11 proposals
Cluster 5: 9 proposals
Cluster 6: 8 proposals
Cluster 7: 8 proposals
Cluster 8: 8 proposals
Cluster 9: 7 proposals
Cluster 10: 2 proposals
For part À quels publics le revenu universel d'activité doit-il s'adresser ?, clusters are:
Cluster 0: 72 proposals
Cluster 1: 54 proposals
Cluster 2: 39 proposals
Cluster 3: 37 proposals
Cluster 4: 36 proposals
Cluster 5: 35 proposals
Cluster 6: 33 proposals
Cluster 7: 33 proposals
Cluster 8: 28 proposals
Cluster 9: 22 proposals
Cluster 10: 22 proposals
Cluster 11: 21 proposals
Cluster 12: 15 proposals
Cluster 13: 13 proposals
Cluster 14: 11 proposals
Cluster 15: 6 proposals
Cluster 16: 5 proposals
Cluster 17: 4 proposals
