With contradiction_threshold = 0.11646866384593801 and entailment_threshold = 0.3603140207701241 * COMPUTED THRESHOLDS
Accuracy: 0.6261682242990654
F1 micro: 0.6261682242990654
F1 macro: 0.34881682734443475
With contradiction_threshold = 0.1 and entailment_threshold = 0.3603140207701241
Accuracy: 0.6355140186915887
F1 micro: 0.6355140186915887
F1 macro: 0.35884189000107636
With contradiction_threshold = 0.2 and entailment_threshold = 0.3603140207701241
Accuracy: 0.616822429906542
F1 micro: 0.616822429906542
F1 macro: 0.34881682734443475
With contradiction_threshold = 0.30000000000000004 and entailment_threshold = 0.3603140207701241
Accuracy: 0.5981308411214953
F1 micro: 0.5981308411214953
F1 macro: 0.31418479271240013
With contradiction_threshold = 0.4 and entailment_threshold = 0.3603140207701241
Accuracy: 0.5887850467289719
F1 micro: 0.5887850467289719
F1 macro: 0.2853247638523712
With contradiction_threshold = 0.5 and entailment_threshold = 0.3603140207701241
Accuracy: 0.5887850467289719
F1 micro: 0.5887850467289719
F1 macro: 0.2853247638523712
With contradiction_threshold = 0.6 and entailment_threshold = 0.3603140207701241
Accuracy: 0.5887850467289719
F1 micro: 0.5887850467289719
F1 macro: 0.2853247638523712
With contradiction_threshold = 0.7000000000000001 and entailment_threshold = 0.3603140207701241
Accuracy: 0.5887850467289719
F1 micro: 0.5887850467289719
F1 macro: 0.2853247638523712
With contradiction_threshold = 0.8 and entailment_threshold = 0.3603140207701241
Accuracy: 0.5887850467289719
F1 micro: 0.5887850467289719
F1 macro: 0.2853247638523712
With contradiction_threshold = 0.9 and entailment_threshold = 0.3603140207701241
Accuracy: 0.5794392523364486
F1 micro: 0.5794392523364486
F1 macro: 0.25357873210633947
With contradiction_threshold = 0.11646866384593801 and entailment_threshold = 0.1
Accuracy: 0.7850467289719626
F1 micro: 0.7850467289719625
F1 macro: 0.35030613035728125
With contradiction_threshold = 0.11646866384593801 and entailment_threshold = 0.2
Accuracy: 0.7570093457943925
F1 micro: 0.7570093457943925
F1 macro: 0.3657142857142857
With contradiction_threshold = 0.11646866384593801 and entailment_threshold = 0.30000000000000004
Accuracy: 0.6635514018691588
F1 micro: 0.6635514018691588
F1 macro: 0.34763313609467456
With contradiction_threshold = 0.11646866384593801 and entailment_threshold = 0.4
Accuracy: 0.5981308411214953
F1 micro: 0.5981308411214953
F1 macro: 0.3359234234234234
With contradiction_threshold = 0.11646866384593801 and entailment_threshold = 0.5
Accuracy: 0.5046728971962616
F1 micro: 0.5046728971962616
F1 macro: 0.3264381402679275
With contradiction_threshold = 0.11646866384593801 and entailment_threshold = 0.6
Accuracy: 0.3925233644859813
F1 micro: 0.39252336448598124
F1 macro: 0.287026621672291
With contradiction_threshold = 0.11646866384593801 and entailment_threshold = 0.7000000000000001
Accuracy: 0.32710280373831774
F1 micro: 0.32710280373831774
F1 macro: 0.2595029239766082
With contradiction_threshold = 0.11646866384593801 and entailment_threshold = 0.8
Accuracy: 0.24299065420560748
F1 micro: 0.24299065420560748
F1 macro: 0.21095571095571097
With contradiction_threshold = 0.11646866384593801 and entailment_threshold = 0.9
Accuracy: 0.17757009345794392
F1 micro: 0.17757009345794392
F1 macro: 0.1685257920921707
