With contradiction_threshold = 0.17002888718935139 and entailment_threshold = 0.5144768250961751 * COMPUTED THRESHOLDS
Accuracy: 0.5327102803738317
F1 micro: 0.5327102803738317
F1 macro: 0.3322734499205087
With contradiction_threshold = 0.1 and entailment_threshold = 0.5144768250961751
Accuracy: 0.5327102803738317
F1 micro: 0.5327102803738317
F1 macro: 0.32432432432432434
With contradiction_threshold = 0.2 and entailment_threshold = 0.5144768250961751
Accuracy: 0.5327102803738317
F1 micro: 0.5327102803738317
F1 macro: 0.3352443352443353
With contradiction_threshold = 0.30000000000000004 and entailment_threshold = 0.5144768250961751
Accuracy: 0.5327102803738317
F1 micro: 0.5327102803738317
F1 macro: 0.3491767629698665
With contradiction_threshold = 0.4 and entailment_threshold = 0.5144768250961751
Accuracy: 0.5233644859813084
F1 micro: 0.5233644859813084
F1 macro: 0.33679833679833676
With contradiction_threshold = 0.5 and entailment_threshold = 0.5144768250961751
Accuracy: 0.514018691588785
F1 micro: 0.514018691588785
F1 macro: 0.3175675675675676
With contradiction_threshold = 0.6 and entailment_threshold = 0.5144768250961751
Accuracy: 0.4953271028037383
F1 micro: 0.4953271028037383
F1 macro: 0.26453726453726456
With contradiction_threshold = 0.7000000000000001 and entailment_threshold = 0.5144768250961751
Accuracy: 0.4953271028037383
F1 micro: 0.4953271028037383
F1 macro: 0.26453726453726456
With contradiction_threshold = 0.8 and entailment_threshold = 0.5144768250961751
Accuracy: 0.4953271028037383
F1 micro: 0.4953271028037383
F1 macro: 0.26453726453726456
With contradiction_threshold = 0.9 and entailment_threshold = 0.5144768250961751
Accuracy: 0.4953271028037383
F1 micro: 0.4953271028037383
F1 macro: 0.26453726453726456
With contradiction_threshold = 0.17002888718935139 and entailment_threshold = 0.1
Accuracy: 0.6915887850467289
F1 micro: 0.6915887850467289
F1 macro: 0.33462532299741604
With contradiction_threshold = 0.17002888718935139 and entailment_threshold = 0.2
Accuracy: 0.6915887850467289
F1 micro: 0.6915887850467289
F1 macro: 0.33462532299741604
With contradiction_threshold = 0.17002888718935139 and entailment_threshold = 0.30000000000000004
Accuracy: 0.6355140186915887
F1 micro: 0.6355140186915887
F1 macro: 0.32222222222222224
With contradiction_threshold = 0.17002888718935139 and entailment_threshold = 0.4
Accuracy: 0.6074766355140186
F1 micro: 0.6074766355140186
F1 macro: 0.33525641025641023
With contradiction_threshold = 0.17002888718935139 and entailment_threshold = 0.5
Accuracy: 0.5514018691588785
F1 micro: 0.5514018691588785
F1 macro: 0.3090909090909091
With contradiction_threshold = 0.17002888718935139 and entailment_threshold = 0.6
Accuracy: 0.4672897196261682
F1 micro: 0.4672897196261683
F1 macro: 0.3004852556924225
With contradiction_threshold = 0.17002888718935139 and entailment_threshold = 0.7000000000000001
Accuracy: 0.3644859813084112
F1 micro: 0.36448598130841114
F1 macro: 0.2826086956521739
With contradiction_threshold = 0.17002888718935139 and entailment_threshold = 0.8
Accuracy: 0.24299065420560748
F1 micro: 0.24299065420560748
F1 macro: 0.21067221067221067
With contradiction_threshold = 0.17002888718935139 and entailment_threshold = 0.9
Accuracy: 0.19626168224299065
F1 micro: 0.19626168224299062
F1 macro: 0.19013062409288825
