With contradiction_threshold = 0.1448798326905001 and entailment_threshold = 0.36525772868810846 * COMPUTED THRESHOLDS
Accuracy: 0.6635514018691588
F1 micro: 0.6635514018691588
F1 macro: 0.3547619047619048
With contradiction_threshold = 0.1 and entailment_threshold = 0.36525772868810846
Accuracy: 0.6822429906542056
F1 micro: 0.6822429906542056
F1 macro: 0.37398112398112393
With contradiction_threshold = 0.2 and entailment_threshold = 0.36525772868810846
Accuracy: 0.6635514018691588
F1 micro: 0.6635514018691588
F1 macro: 0.3646384479717813
With contradiction_threshold = 0.30000000000000004 and entailment_threshold = 0.36525772868810846
Accuracy: 0.6448598130841121
F1 micro: 0.6448598130841121
F1 macro: 0.3264790764790764
With contradiction_threshold = 0.4 and entailment_threshold = 0.36525772868810846
Accuracy: 0.6355140186915887
F1 micro: 0.6355140186915887
F1 macro: 0.2976190476190476
With contradiction_threshold = 0.5 and entailment_threshold = 0.36525772868810846
Accuracy: 0.6355140186915887
F1 micro: 0.6355140186915887
F1 macro: 0.2976190476190476
With contradiction_threshold = 0.6 and entailment_threshold = 0.36525772868810846
Accuracy: 0.6355140186915887
F1 micro: 0.6355140186915887
F1 macro: 0.2976190476190476
With contradiction_threshold = 0.7000000000000001 and entailment_threshold = 0.36525772868810846
Accuracy: 0.6355140186915887
F1 micro: 0.6355140186915887
F1 macro: 0.2976190476190476
With contradiction_threshold = 0.8 and entailment_threshold = 0.36525772868810846
Accuracy: 0.6355140186915887
F1 micro: 0.6355140186915887
F1 macro: 0.2976190476190476
With contradiction_threshold = 0.9 and entailment_threshold = 0.36525772868810846
Accuracy: 0.6261682242990654
F1 micro: 0.6261682242990654
F1 macro: 0.26587301587301587
With contradiction_threshold = 0.1448798326905001 and entailment_threshold = 0.1
Accuracy: 0.822429906542056
F1 micro: 0.822429906542056
F1 macro: 0.5372183018438424
With contradiction_threshold = 0.1448798326905001 and entailment_threshold = 0.2
Accuracy: 0.7850467289719626
F1 micro: 0.7850467289719625
F1 macro: 0.3494623655913978
With contradiction_threshold = 0.1448798326905001 and entailment_threshold = 0.30000000000000004
Accuracy: 0.719626168224299
F1 micro: 0.7196261682242989
F1 macro: 0.3543771043771044
With contradiction_threshold = 0.1448798326905001 and entailment_threshold = 0.4
Accuracy: 0.6355140186915887
F1 micro: 0.6355140186915887
F1 macro: 0.34460736396220265
With contradiction_threshold = 0.1448798326905001 and entailment_threshold = 0.5
Accuracy: 0.5046728971962616
F1 micro: 0.5046728971962616
F1 macro: 0.3202511773940345
With contradiction_threshold = 0.1448798326905001 and entailment_threshold = 0.6
Accuracy: 0.37383177570093457
F1 micro: 0.37383177570093457
F1 macro: 0.2826086956521739
With contradiction_threshold = 0.1448798326905001 and entailment_threshold = 0.7000000000000001
Accuracy: 0.29906542056074764
F1 micro: 0.29906542056074764
F1 macro: 0.2555796738464964
With contradiction_threshold = 0.1448798326905001 and entailment_threshold = 0.8
Accuracy: 0.22429906542056074
F1 micro: 0.22429906542056074
F1 macro: 0.21320037986704654
With contradiction_threshold = 0.1448798326905001 and entailment_threshold = 0.9
Accuracy: 0.16822429906542055
F1 micro: 0.16822429906542055
F1 macro: 0.17676767676767677
