With contradiction_threshold = 0.3423867956259742 and entailment_threshold = 0.4466822370932335 * COMPUTED THRESHOLDS
Accuracy: 0.3807531380753138
F1 micro: 0.3807531380753138
F1 macro: 0.26551551551551555
With contradiction_threshold = 0.1 and entailment_threshold = 0.4466822370932335
Accuracy: 0.3807531380753138
F1 micro: 0.3807531380753138
F1 macro: 0.2641687141687142
With contradiction_threshold = 0.2 and entailment_threshold = 0.4466822370932335
Accuracy: 0.3807531380753138
F1 micro: 0.3807531380753138
F1 macro: 0.2641687141687142
With contradiction_threshold = 0.30000000000000004 and entailment_threshold = 0.4466822370932335
Accuracy: 0.3807531380753138
F1 micro: 0.3807531380753138
F1 macro: 0.26551551551551555
With contradiction_threshold = 0.4 and entailment_threshold = 0.4466822370932335
Accuracy: 0.3807531380753138
F1 micro: 0.3807531380753138
F1 macro: 0.26551551551551555
With contradiction_threshold = 0.5 and entailment_threshold = 0.4466822370932335
Accuracy: 0.3807531380753138
F1 micro: 0.3807531380753138
F1 macro: 0.26551551551551555
With contradiction_threshold = 0.6 and entailment_threshold = 0.4466822370932335
Accuracy: 0.3682008368200837
F1 micro: 0.36820083682008364
F1 macro: 0.22081930415263748
With contradiction_threshold = 0.7000000000000001 and entailment_threshold = 0.4466822370932335
Accuracy: 0.3682008368200837
F1 micro: 0.36820083682008364
F1 macro: 0.22202703362123652
With contradiction_threshold = 0.8 and entailment_threshold = 0.4466822370932335
Accuracy: 0.36401673640167365
F1 micro: 0.36401673640167365
F1 macro: 0.2085454023438519
With contradiction_threshold = 0.9 and entailment_threshold = 0.4466822370932335
Accuracy: 0.36401673640167365
F1 micro: 0.36401673640167365
F1 macro: 0.20891454224787553
With contradiction_threshold = 0.3423867956259742 and entailment_threshold = 0.1
Accuracy: 0.3891213389121339
F1 micro: 0.3891213389121339
F1 macro: 0.26870494655729554
With contradiction_threshold = 0.3423867956259742 and entailment_threshold = 0.2
Accuracy: 0.3891213389121339
F1 micro: 0.3891213389121339
F1 macro: 0.26870494655729554
With contradiction_threshold = 0.3423867956259742 and entailment_threshold = 0.30000000000000004
Accuracy: 0.38493723849372385
F1 micro: 0.3849372384937239
F1 macro: 0.26711560044893373
With contradiction_threshold = 0.3423867956259742 and entailment_threshold = 0.4
Accuracy: 0.38493723849372385
F1 micro: 0.3849372384937239
F1 macro: 0.26711560044893373
With contradiction_threshold = 0.3423867956259742 and entailment_threshold = 0.5
Accuracy: 0.3682008368200837
F1 micro: 0.36820083682008364
F1 macro: 0.26064972822652005
With contradiction_threshold = 0.3423867956259742 and entailment_threshold = 0.6
Accuracy: 0.33472803347280333
F1 micro: 0.33472803347280333
F1 macro: 0.2597073942269672
With contradiction_threshold = 0.3423867956259742 and entailment_threshold = 0.7000000000000001
Accuracy: 0.29707112970711297
F1 micro: 0.29707112970711297
F1 macro: 0.24387043870438707
With contradiction_threshold = 0.3423867956259742 and entailment_threshold = 0.8
Accuracy: 0.2510460251046025
F1 micro: 0.2510460251046025
F1 macro: 0.22325581395348837
With contradiction_threshold = 0.3423867956259742 and entailment_threshold = 0.9
Accuracy: 0.22594142259414227
F1 micro: 0.22594142259414227
F1 macro: 0.21106684373616647
