With contradiction_threshold = 0.3191307584856986 and entailment_threshold = 0.4461637150596971 * COMPUTED THRESHOLDS
Accuracy: 0.37656903765690375
F1 micro: 0.37656903765690375
F1 macro: 0.2518849946143011
With contradiction_threshold = 0.1 and entailment_threshold = 0.4461637150596971
Accuracy: 0.37656903765690375
F1 micro: 0.37656903765690375
F1 macro: 0.2507626601586333
With contradiction_threshold = 0.2 and entailment_threshold = 0.4461637150596971
Accuracy: 0.37656903765690375
F1 micro: 0.37656903765690375
F1 macro: 0.2507626601586333
With contradiction_threshold = 0.30000000000000004 and entailment_threshold = 0.4461637150596971
Accuracy: 0.37656903765690375
F1 micro: 0.37656903765690375
F1 macro: 0.2518849946143011
With contradiction_threshold = 0.4 and entailment_threshold = 0.4461637150596971
Accuracy: 0.37656903765690375
F1 micro: 0.37656903765690375
F1 macro: 0.2518849946143011
With contradiction_threshold = 0.5 and entailment_threshold = 0.4461637150596971
Accuracy: 0.37656903765690375
F1 micro: 0.37656903765690375
F1 macro: 0.2518849946143011
With contradiction_threshold = 0.6 and entailment_threshold = 0.4461637150596971
Accuracy: 0.3682008368200837
F1 micro: 0.36820083682008364
F1 macro: 0.21896116306054195
With contradiction_threshold = 0.7000000000000001 and entailment_threshold = 0.4461637150596971
Accuracy: 0.3682008368200837
F1 micro: 0.36820083682008364
F1 macro: 0.22073578595317725
With contradiction_threshold = 0.8 and entailment_threshold = 0.4461637150596971
Accuracy: 0.36401673640167365
F1 micro: 0.36401673640167365
F1 macro: 0.2080104413084265
With contradiction_threshold = 0.9 and entailment_threshold = 0.4461637150596971
Accuracy: 0.36401673640167365
F1 micro: 0.36401673640167365
F1 macro: 0.20841694537346714
With contradiction_threshold = 0.3191307584856986 and entailment_threshold = 0.1
Accuracy: 0.38493723849372385
F1 micro: 0.3849372384937239
F1 macro: 0.25506172839506175
With contradiction_threshold = 0.3191307584856986 and entailment_threshold = 0.2
Accuracy: 0.38493723849372385
F1 micro: 0.3849372384937239
F1 macro: 0.25506172839506175
With contradiction_threshold = 0.3191307584856986 and entailment_threshold = 0.30000000000000004
Accuracy: 0.3807531380753138
F1 micro: 0.3807531380753138
F1 macro: 0.25347867376852884
With contradiction_threshold = 0.3191307584856986 and entailment_threshold = 0.4
Accuracy: 0.3807531380753138
F1 micro: 0.3807531380753138
F1 macro: 0.25347867376852884
With contradiction_threshold = 0.3191307584856986 and entailment_threshold = 0.5
Accuracy: 0.3682008368200837
F1 micro: 0.36820083682008364
F1 macro: 0.24866533199866536
With contradiction_threshold = 0.3191307584856986 and entailment_threshold = 0.6
Accuracy: 0.34309623430962344
F1 micro: 0.34309623430962344
F1 macro: 0.2625978090766823
With contradiction_threshold = 0.3191307584856986 and entailment_threshold = 0.7000000000000001
Accuracy: 0.301255230125523
F1 micro: 0.301255230125523
F1 macro: 0.2451770451770452
With contradiction_threshold = 0.3191307584856986 and entailment_threshold = 0.8
Accuracy: 0.26778242677824265
F1 micro: 0.26778242677824265
F1 macro: 0.23084072665821717
With contradiction_threshold = 0.3191307584856986 and entailment_threshold = 0.9
Accuracy: 0.2301255230125523
F1 micro: 0.2301255230125523
F1 macro: 0.2127360562143171
