With contradiction_threshold = 0.17938359618223165 and entailment_threshold = 0.3118544293432983 * COMPUTED THRESHOLDS
Accuracy: 0.4476987447698745
F1 micro: 0.4476987447698745
F1 macro: 0.3017094017094017
With contradiction_threshold = 0.1 and entailment_threshold = 0.3118544293432983
Accuracy: 0.46443514644351463
F1 micro: 0.46443514644351463
F1 macro: 0.3046398046398046
With contradiction_threshold = 0.2 and entailment_threshold = 0.3118544293432983
Accuracy: 0.4476987447698745
F1 micro: 0.4476987447698745
F1 macro: 0.3061759029500965
With contradiction_threshold = 0.30000000000000004 and entailment_threshold = 0.3118544293432983
Accuracy: 0.4225941422594142
F1 micro: 0.4225941422594142
F1 macro: 0.25485625485625485
With contradiction_threshold = 0.4 and entailment_threshold = 0.3118544293432983
Accuracy: 0.41422594142259417
F1 micro: 0.41422594142259417
F1 macro: 0.2269455690508322
With contradiction_threshold = 0.5 and entailment_threshold = 0.3118544293432983
Accuracy: 0.4100418410041841
F1 micro: 0.41004184100418406
F1 macro: 0.2094017094017094
With contradiction_threshold = 0.6 and entailment_threshold = 0.3118544293432983
Accuracy: 0.4100418410041841
F1 micro: 0.41004184100418406
F1 macro: 0.2094017094017094
With contradiction_threshold = 0.7000000000000001 and entailment_threshold = 0.3118544293432983
Accuracy: 0.4100418410041841
F1 micro: 0.41004184100418406
F1 macro: 0.2094017094017094
With contradiction_threshold = 0.8 and entailment_threshold = 0.3118544293432983
Accuracy: 0.4100418410041841
F1 micro: 0.41004184100418406
F1 macro: 0.2094017094017094
With contradiction_threshold = 0.9 and entailment_threshold = 0.3118544293432983
Accuracy: 0.4100418410041841
F1 micro: 0.41004184100418406
F1 macro: 0.2094017094017094
With contradiction_threshold = 0.17938359618223165 and entailment_threshold = 0.1
Accuracy: 0.7824267782426778
F1 micro: 0.7824267782426778
F1 macro: 0.3726802367010565
With contradiction_threshold = 0.17938359618223165 and entailment_threshold = 0.2
Accuracy: 0.6569037656903766
F1 micro: 0.6569037656903766
F1 macro: 0.34468339307048984
With contradiction_threshold = 0.17938359618223165 and entailment_threshold = 0.30000000000000004
Accuracy: 0.4602510460251046
F1 micro: 0.4602510460251046
F1 macro: 0.3068301687763713
With contradiction_threshold = 0.17938359618223165 and entailment_threshold = 0.4
Accuracy: 0.3138075313807531
F1 micro: 0.3138075313807531
F1 macro: 0.2501683501683502
With contradiction_threshold = 0.17938359618223165 and entailment_threshold = 0.5
Accuracy: 0.18828451882845187
F1 micro: 0.18828451882845187
F1 macro: 0.19711644287915475
With contradiction_threshold = 0.17938359618223165 and entailment_threshold = 0.6
Accuracy: 0.1087866108786611
F1 micro: 0.1087866108786611
F1 macro: 0.14557485525227462
With contradiction_threshold = 0.17938359618223165 and entailment_threshold = 0.7000000000000001
Accuracy: 0.06276150627615062
F1 micro: 0.06276150627615062
F1 macro: 0.11102192034578573
With contradiction_threshold = 0.17938359618223165 and entailment_threshold = 0.8
Accuracy: 0.058577405857740586
F1 micro: 0.058577405857740586
F1 macro: 0.10780177049722843
With contradiction_threshold = 0.17938359618223165 and entailment_threshold = 0.9
Accuracy: 0.05439330543933055
F1 micro: 0.05439330543933055
F1 macro: 0.10454989503439961
