With contradiction_threshold = 0.18703329684670678 and entailment_threshold = 0.4897348429960857 * COMPUTED THRESHOLDS
Accuracy: 0.6542056074766355
F1 micro: 0.6542056074766355
F1 macro: 0.3785286569717708
With contradiction_threshold = 0.1 and entailment_threshold = 0.4897348429960857
Accuracy: 0.6542056074766355
F1 micro: 0.6542056074766355
F1 macro: 0.3604911389342527
With contradiction_threshold = 0.2 and entailment_threshold = 0.4897348429960857
Accuracy: 0.6542056074766355
F1 micro: 0.6542056074766355
F1 macro: 0.38293782804760856
With contradiction_threshold = 0.30000000000000004 and entailment_threshold = 0.4897348429960857
Accuracy: 0.6355140186915887
F1 micro: 0.6355140186915887
F1 macro: 0.35471913316224696
With contradiction_threshold = 0.4 and entailment_threshold = 0.4897348429960857
Accuracy: 0.6074766355140186
F1 micro: 0.6074766355140186
F1 macro: 0.2594810379241517
With contradiction_threshold = 0.5 and entailment_threshold = 0.4897348429960857
Accuracy: 0.6074766355140186
F1 micro: 0.6074766355140186
F1 macro: 0.2594810379241517
With contradiction_threshold = 0.6 and entailment_threshold = 0.4897348429960857
Accuracy: 0.6074766355140186
F1 micro: 0.6074766355140186
F1 macro: 0.2594810379241517
With contradiction_threshold = 0.7000000000000001 and entailment_threshold = 0.4897348429960857
Accuracy: 0.6074766355140186
F1 micro: 0.6074766355140186
F1 macro: 0.2594810379241517
With contradiction_threshold = 0.8 and entailment_threshold = 0.4897348429960857
Accuracy: 0.6074766355140186
F1 micro: 0.6074766355140186
F1 macro: 0.2594810379241517
With contradiction_threshold = 0.9 and entailment_threshold = 0.4897348429960857
Accuracy: 0.6074766355140186
F1 micro: 0.6074766355140186
F1 macro: 0.2594810379241517
With contradiction_threshold = 0.18703329684670678 and entailment_threshold = 0.1
Accuracy: 0.822429906542056
F1 micro: 0.822429906542056
F1 macro: 0.4512820512820513
With contradiction_threshold = 0.18703329684670678 and entailment_threshold = 0.2
Accuracy: 0.8037383177570093
F1 micro: 0.8037383177570093
F1 macro: 0.2970639032815199
With contradiction_threshold = 0.18703329684670678 and entailment_threshold = 0.30000000000000004
Accuracy: 0.7663551401869159
F1 micro: 0.766355140186916
F1 macro: 0.2892416225749559
With contradiction_threshold = 0.18703329684670678 and entailment_threshold = 0.4
Accuracy: 0.7102803738317757
F1 micro: 0.7102803738317757
F1 macro: 0.35828625235404904
With contradiction_threshold = 0.18703329684670678 and entailment_threshold = 0.5
Accuracy: 0.6448598130841121
F1 micro: 0.6448598130841121
F1 macro: 0.3719706411854314
With contradiction_threshold = 0.18703329684670678 and entailment_threshold = 0.6
Accuracy: 0.4485981308411215
F1 micro: 0.4485981308411215
F1 macro: 0.3314009661835749
With contradiction_threshold = 0.18703329684670678 and entailment_threshold = 0.7000000000000001
Accuracy: 0.29906542056074764
F1 micro: 0.29906542056074764
F1 macro: 0.26567452115199114
With contradiction_threshold = 0.18703329684670678 and entailment_threshold = 0.8
Accuracy: 0.17757009345794392
F1 micro: 0.17757009345794392
F1 macro: 0.19522841875517424
With contradiction_threshold = 0.18703329684670678 and entailment_threshold = 0.9
Accuracy: 0.11214953271028037
F1 micro: 0.11214953271028037
F1 macro: 0.15180878552971575
