With contradiction_threshold = 0.1139116442484891 and entailment_threshold = 0.35857256002541504 * COMPUTED THRESHOLDS
Accuracy: 0.401673640167364
F1 micro: 0.401673640167364
F1 macro: 0.30541343456015846
With contradiction_threshold = 0.1 and entailment_threshold = 0.35857256002541504
Accuracy: 0.401673640167364
F1 micro: 0.401673640167364
F1 macro: 0.30257856567284447
With contradiction_threshold = 0.2 and entailment_threshold = 0.35857256002541504
Accuracy: 0.39748953974895396
F1 micro: 0.39748953974895396
F1 macro: 0.3145611364789447
With contradiction_threshold = 0.30000000000000004 and entailment_threshold = 0.35857256002541504
Accuracy: 0.39330543933054396
F1 micro: 0.39330543933054396
F1 macro: 0.3142847406801608
With contradiction_threshold = 0.4 and entailment_threshold = 0.35857256002541504
Accuracy: 0.3807531380753138
F1 micro: 0.3807531380753138
F1 macro: 0.2942211243356539
With contradiction_threshold = 0.5 and entailment_threshold = 0.35857256002541504
Accuracy: 0.37656903765690375
F1 micro: 0.37656903765690375
F1 macro: 0.2866264221035524
With contradiction_threshold = 0.6 and entailment_threshold = 0.35857256002541504
Accuracy: 0.37656903765690375
F1 micro: 0.37656903765690375
F1 macro: 0.2891397567165485
With contradiction_threshold = 0.7000000000000001 and entailment_threshold = 0.35857256002541504
Accuracy: 0.36401673640167365
F1 micro: 0.36401673640167365
F1 macro: 0.26064972822652005
With contradiction_threshold = 0.8 and entailment_threshold = 0.35857256002541504
Accuracy: 0.36401673640167365
F1 micro: 0.36401673640167365
F1 macro: 0.26064972822652005
With contradiction_threshold = 0.9 and entailment_threshold = 0.35857256002541504
Accuracy: 0.35564853556485354
F1 micro: 0.35564853556485354
F1 macro: 0.23308728205942272
With contradiction_threshold = 0.1139116442484891 and entailment_threshold = 0.1
Accuracy: 0.5774058577405857
F1 micro: 0.5774058577405857
F1 macro: 0.3544870002795639
With contradiction_threshold = 0.1139116442484891 and entailment_threshold = 0.2
Accuracy: 0.5271966527196653
F1 micro: 0.5271966527196653
F1 macro: 0.344412253876281
With contradiction_threshold = 0.1139116442484891 and entailment_threshold = 0.30000000000000004
Accuracy: 0.4560669456066946
F1 micro: 0.4560669456066946
F1 macro: 0.32595562237256054
With contradiction_threshold = 0.1139116442484891 and entailment_threshold = 0.4
Accuracy: 0.38493723849372385
F1 micro: 0.3849372384937239
F1 macro: 0.29650884744141554
With contradiction_threshold = 0.1139116442484891 and entailment_threshold = 0.5
Accuracy: 0.3514644351464435
F1 micro: 0.3514644351464435
F1 macro: 0.2856126482213439
With contradiction_threshold = 0.1139116442484891 and entailment_threshold = 0.6
Accuracy: 0.29707112970711297
F1 micro: 0.29707112970711297
F1 macro: 0.25834641548927256
With contradiction_threshold = 0.1139116442484891 and entailment_threshold = 0.7000000000000001
Accuracy: 0.2594142259414226
F1 micro: 0.2594142259414226
F1 macro: 0.23738626964433415
With contradiction_threshold = 0.1139116442484891 and entailment_threshold = 0.8
Accuracy: 0.23430962343096234
F1 micro: 0.23430962343096234
F1 macro: 0.22030843696094335
With contradiction_threshold = 0.1139116442484891 and entailment_threshold = 0.9
Accuracy: 0.20920502092050208
F1 micro: 0.20920502092050206
F1 macro: 0.2037785725392629
