With contradiction_threshold = 0.1113376069501153 and entailment_threshold = 0.34426129386391713 * COMPUTED THRESHOLDS
Accuracy: 0.4309623430962343
F1 micro: 0.4309623430962343
F1 macro: 0.31931720303813327
With contradiction_threshold = 0.1 and entailment_threshold = 0.34426129386391713
Accuracy: 0.4309623430962343
F1 micro: 0.4309623430962343
F1 macro: 0.3151363825521129
With contradiction_threshold = 0.2 and entailment_threshold = 0.34426129386391713
Accuracy: 0.42677824267782427
F1 micro: 0.42677824267782427
F1 macro: 0.32349132349132353
With contradiction_threshold = 0.30000000000000004 and entailment_threshold = 0.34426129386391713
Accuracy: 0.4225941422594142
F1 micro: 0.4225941422594142
F1 macro: 0.3231400765647341
With contradiction_threshold = 0.4 and entailment_threshold = 0.34426129386391713
Accuracy: 0.41422594142259417
F1 micro: 0.41422594142259417
F1 macro: 0.31122822427170255
With contradiction_threshold = 0.5 and entailment_threshold = 0.34426129386391713
Accuracy: 0.40585774058577406
F1 micro: 0.40585774058577406
F1 macro: 0.297194975047324
With contradiction_threshold = 0.6 and entailment_threshold = 0.34426129386391713
Accuracy: 0.40585774058577406
F1 micro: 0.40585774058577406
F1 macro: 0.29474747474747476
With contradiction_threshold = 0.7000000000000001 and entailment_threshold = 0.34426129386391713
Accuracy: 0.39330543933054396
F1 micro: 0.39330543933054396
F1 macro: 0.2702415458937198
With contradiction_threshold = 0.8 and entailment_threshold = 0.34426129386391713
Accuracy: 0.3891213389121339
F1 micro: 0.3891213389121339
F1 macro: 0.25703703703703706
With contradiction_threshold = 0.9 and entailment_threshold = 0.34426129386391713
Accuracy: 0.3807531380753138
F1 micro: 0.3807531380753138
F1 macro: 0.2287855297157623
With contradiction_threshold = 0.1113376069501153 and entailment_threshold = 0.1
Accuracy: 0.606694560669456
F1 micro: 0.606694560669456
F1 macro: 0.37055193775761563
With contradiction_threshold = 0.1113376069501153 and entailment_threshold = 0.2
Accuracy: 0.5523012552301255
F1 micro: 0.5523012552301255
F1 macro: 0.359033286381496
With contradiction_threshold = 0.1113376069501153 and entailment_threshold = 0.30000000000000004
Accuracy: 0.48535564853556484
F1 micro: 0.48535564853556484
F1 macro: 0.3435678196657597
With contradiction_threshold = 0.1113376069501153 and entailment_threshold = 0.4
Accuracy: 0.41422594142259417
F1 micro: 0.41422594142259417
F1 macro: 0.3093479041608948
With contradiction_threshold = 0.1113376069501153 and entailment_threshold = 0.5
Accuracy: 0.37656903765690375
F1 micro: 0.37656903765690375
F1 macro: 0.29575435095887376
With contradiction_threshold = 0.1113376069501153 and entailment_threshold = 0.6
Accuracy: 0.3179916317991632
F1 micro: 0.3179916317991632
F1 macro: 0.2674640382935263
With contradiction_threshold = 0.1113376069501153 and entailment_threshold = 0.7000000000000001
Accuracy: 0.2594142259414226
F1 micro: 0.2594142259414226
F1 macro: 0.23133512643847562
With contradiction_threshold = 0.1113376069501153 and entailment_threshold = 0.8
Accuracy: 0.24267782426778242
F1 micro: 0.24267782426778242
F1 macro: 0.2182168442598278
With contradiction_threshold = 0.1113376069501153 and entailment_threshold = 0.9
Accuracy: 0.20920502092050208
F1 micro: 0.20920502092050206
F1 macro: 0.19546323343791702
