With contradiction_threshold = 0.322386697344335 and entailment_threshold = 0.22262638102476728 * COMPUTED THRESHOLDS
Accuracy: 0.6778242677824268
F1 micro: 0.6778242677824268
F1 macro: 0.40845585546046376
With contradiction_threshold = 0.1 and entailment_threshold = 0.22262638102476728
Accuracy: 0.694560669456067
F1 micro: 0.694560669456067
F1 macro: 0.3889857829924422
With contradiction_threshold = 0.2 and entailment_threshold = 0.22262638102476728
Accuracy: 0.6820083682008368
F1 micro: 0.6820083682008368
F1 macro: 0.39441564724583594
With contradiction_threshold = 0.30000000000000004 and entailment_threshold = 0.22262638102476728
Accuracy: 0.6736401673640168
F1 micro: 0.6736401673640168
F1 macro: 0.40205767841727885
With contradiction_threshold = 0.4 and entailment_threshold = 0.22262638102476728
Accuracy: 0.6694560669456067
F1 micro: 0.6694560669456067
F1 macro: 0.3668010335917313
With contradiction_threshold = 0.5 and entailment_threshold = 0.22262638102476728
Accuracy: 0.6610878661087866
F1 micro: 0.6610878661087866
F1 macro: 0.338090295796575
With contradiction_threshold = 0.6 and entailment_threshold = 0.22262638102476728
Accuracy: 0.6485355648535565
F1 micro: 0.6485355648535565
F1 macro: 0.2898692354227745
With contradiction_threshold = 0.7000000000000001 and entailment_threshold = 0.22262638102476728
Accuracy: 0.6443514644351465
F1 micro: 0.6443514644351465
F1 macro: 0.271604938271605
With contradiction_threshold = 0.8 and entailment_threshold = 0.22262638102476728
Accuracy: 0.6443514644351465
F1 micro: 0.6443514644351465
F1 macro: 0.271604938271605
With contradiction_threshold = 0.9 and entailment_threshold = 0.22262638102476728
Accuracy: 0.6443514644351465
F1 micro: 0.6443514644351465
F1 macro: 0.271604938271605
With contradiction_threshold = 0.322386697344335 and entailment_threshold = 0.1
Accuracy: 0.8368200836820083
F1 micro: 0.8368200836820082
F1 macro: 0.43908472479901045
With contradiction_threshold = 0.322386697344335 and entailment_threshold = 0.2
Accuracy: 0.7196652719665272
F1 micro: 0.7196652719665272
F1 macro: 0.4180387559723629
With contradiction_threshold = 0.322386697344335 and entailment_threshold = 0.30000000000000004
Accuracy: 0.5439330543933054
F1 micro: 0.5439330543933054
F1 macro: 0.37557537985253986
With contradiction_threshold = 0.322386697344335 and entailment_threshold = 0.4
Accuracy: 0.33472803347280333
F1 micro: 0.33472803347280333
F1 macro: 0.3033184600004877
With contradiction_threshold = 0.322386697344335 and entailment_threshold = 0.5
Accuracy: 0.2217573221757322
F1 micro: 0.2217573221757322
F1 macro: 0.2521138009859814
With contradiction_threshold = 0.322386697344335 and entailment_threshold = 0.6
Accuracy: 0.12133891213389121
F1 micro: 0.12133891213389121
F1 macro: 0.20096530920060332
With contradiction_threshold = 0.322386697344335 and entailment_threshold = 0.7000000000000001
Accuracy: 0.08368200836820083
F1 micro: 0.08368200836820083
F1 macro: 0.17510268562401266
With contradiction_threshold = 0.322386697344335 and entailment_threshold = 0.8
Accuracy: 0.06694560669456066
F1 micro: 0.06694560669456066
F1 macro: 0.16276972624798713
With contradiction_threshold = 0.322386697344335 and entailment_threshold = 0.9
Accuracy: 0.0502092050209205
F1 micro: 0.0502092050209205
F1 macro: 0.14995073891625618
