With contradiction_threshold = 0.3244398694803956 and entailment_threshold = 0.20431405910704825 * COMPUTED THRESHOLDS
Accuracy: 0.7071129707112971
F1 micro: 0.707112970711297
F1 macro: 0.4049650043744532
With contradiction_threshold = 0.1 and entailment_threshold = 0.20431405910704825
Accuracy: 0.7154811715481172
F1 micro: 0.7154811715481171
F1 macro: 0.3935626102292769
With contradiction_threshold = 0.2 and entailment_threshold = 0.20431405910704825
Accuracy: 0.698744769874477
F1 micro: 0.698744769874477
F1 macro: 0.386185561048949
With contradiction_threshold = 0.30000000000000004 and entailment_threshold = 0.20431405910704825
Accuracy: 0.702928870292887
F1 micro: 0.702928870292887
F1 macro: 0.39894736842105266
With contradiction_threshold = 0.4 and entailment_threshold = 0.20431405910704825
Accuracy: 0.702928870292887
F1 micro: 0.702928870292887
F1 macro: 0.37354273633343404
With contradiction_threshold = 0.5 and entailment_threshold = 0.20431405910704825
Accuracy: 0.694560669456067
F1 micro: 0.694560669456067
F1 macro: 0.34411041784836455
With contradiction_threshold = 0.6 and entailment_threshold = 0.20431405910704825
Accuracy: 0.6820083682008368
F1 micro: 0.6820083682008368
F1 macro: 0.2958943751130404
With contradiction_threshold = 0.7000000000000001 and entailment_threshold = 0.20431405910704825
Accuracy: 0.6778242677824268
F1 micro: 0.6778242677824268
F1 macro: 0.27763496143958866
With contradiction_threshold = 0.8 and entailment_threshold = 0.20431405910704825
Accuracy: 0.6778242677824268
F1 micro: 0.6778242677824268
F1 macro: 0.27763496143958866
With contradiction_threshold = 0.9 and entailment_threshold = 0.20431405910704825
Accuracy: 0.6778242677824268
F1 micro: 0.6778242677824268
F1 macro: 0.27763496143958866
With contradiction_threshold = 0.3244398694803956 and entailment_threshold = 0.1
Accuracy: 0.8368200836820083
F1 micro: 0.8368200836820082
F1 macro: 0.42889817024661897
With contradiction_threshold = 0.3244398694803956 and entailment_threshold = 0.2
Accuracy: 0.7196652719665272
F1 micro: 0.7196652719665272
F1 macro: 0.40798611111111116
With contradiction_threshold = 0.3244398694803956 and entailment_threshold = 0.30000000000000004
Accuracy: 0.5355648535564853
F1 micro: 0.5355648535564853
F1 macro: 0.36323823823823825
With contradiction_threshold = 0.3244398694803956 and entailment_threshold = 0.4
Accuracy: 0.3305439330543933
F1 micro: 0.3305439330543933
F1 macro: 0.29226403823178015
With contradiction_threshold = 0.3244398694803956 and entailment_threshold = 0.5
Accuracy: 0.2217573221757322
F1 micro: 0.2217573221757322
F1 macro: 0.24327956989247312
With contradiction_threshold = 0.3244398694803956 and entailment_threshold = 0.6
Accuracy: 0.11297071129707113
F1 micro: 0.11297071129707113
F1 macro: 0.187569573283859
With contradiction_threshold = 0.3244398694803956 and entailment_threshold = 0.7000000000000001
Accuracy: 0.0794979079497908
F1 micro: 0.0794979079497908
F1 macro: 0.16449044072605348
With contradiction_threshold = 0.3244398694803956 and entailment_threshold = 0.8
Accuracy: 0.06276150627615062
F1 micro: 0.06276150627615062
F1 macro: 0.15215748135002796
With contradiction_threshold = 0.3244398694803956 and entailment_threshold = 0.9
Accuracy: 0.04602510460251046
F1 micro: 0.046025104602510455
F1 macro: 0.13933849401829698
