With contradiction_threshold = 0.4765499679574532 and entailment_threshold = 0.2084537260642918 * COMPUTED THRESHOLDS
Accuracy: 0.698744769874477
F1 micro: 0.698744769874477
F1 macro: 0.40657392253136937
With contradiction_threshold = 0.1 and entailment_threshold = 0.2084537260642918
Accuracy: 0.6652719665271967
F1 micro: 0.6652719665271967
F1 macro: 0.36984126984126986
With contradiction_threshold = 0.2 and entailment_threshold = 0.2084537260642918
Accuracy: 0.6610878661087866
F1 micro: 0.6610878661087866
F1 macro: 0.37333333333333335
With contradiction_threshold = 0.30000000000000004 and entailment_threshold = 0.2084537260642918
Accuracy: 0.6610878661087866
F1 micro: 0.6610878661087866
F1 macro: 0.37721229915993804
With contradiction_threshold = 0.4 and entailment_threshold = 0.2084537260642918
Accuracy: 0.6736401673640168
F1 micro: 0.6736401673640168
F1 macro: 0.3870146008077042
With contradiction_threshold = 0.5 and entailment_threshold = 0.2084537260642918
Accuracy: 0.702928870292887
F1 micro: 0.702928870292887
F1 macro: 0.41011771640574884
With contradiction_threshold = 0.6 and entailment_threshold = 0.2084537260642918
Accuracy: 0.6820083682008368
F1 micro: 0.6820083682008368
F1 macro: 0.35295055821371607
With contradiction_threshold = 0.7000000000000001 and entailment_threshold = 0.2084537260642918
Accuracy: 0.6694560669456067
F1 micro: 0.6694560669456067
F1 macro: 0.3106534760078067
With contradiction_threshold = 0.8 and entailment_threshold = 0.2084537260642918
Accuracy: 0.6610878661087866
F1 micro: 0.6610878661087866
F1 macro: 0.2750217580504787
With contradiction_threshold = 0.9 and entailment_threshold = 0.2084537260642918
Accuracy: 0.6610878661087866
F1 micro: 0.6610878661087866
F1 macro: 0.2750217580504787
With contradiction_threshold = 0.4765499679574532 and entailment_threshold = 0.1
Accuracy: 0.799163179916318
F1 micro: 0.7991631799163179
F1 macro: 0.42614751503640397
With contradiction_threshold = 0.4765499679574532 and entailment_threshold = 0.2
Accuracy: 0.7071129707112971
F1 micro: 0.707112970711297
F1 macro: 0.4086284086284086
With contradiction_threshold = 0.4765499679574532 and entailment_threshold = 0.30000000000000004
Accuracy: 0.5899581589958159
F1 micro: 0.5899581589958159
F1 macro: 0.38134522482348565
With contradiction_threshold = 0.4765499679574532 and entailment_threshold = 0.4
Accuracy: 0.4435146443514644
F1 micro: 0.4435146443514644
F1 macro: 0.335997335997336
With contradiction_threshold = 0.4765499679574532 and entailment_threshold = 0.5
Accuracy: 0.3598326359832636
F1 micro: 0.3598326359832636
F1 macro: 0.30536130536130535
With contradiction_threshold = 0.4765499679574532 and entailment_threshold = 0.6
Accuracy: 0.24267782426778242
F1 micro: 0.24267782426778242
F1 macro: 0.2522683769607477
With contradiction_threshold = 0.4765499679574532 and entailment_threshold = 0.7000000000000001
Accuracy: 0.1589958158995816
F1 micro: 0.1589958158995816
F1 macro: 0.2065942443300934
With contradiction_threshold = 0.4765499679574532 and entailment_threshold = 0.8
Accuracy: 0.11715481171548117
F1 micro: 0.11715481171548117
F1 macro: 0.18033161806746711
With contradiction_threshold = 0.4765499679574532 and entailment_threshold = 0.9
Accuracy: 0.06694560669456066
F1 micro: 0.06694560669456066
F1 macro: 0.1450169327527818
